[2026-05-24 01:07:10] START full-history SAM pull. From=2008-01-01 To=2026-05-24
[2026-05-24 01:07:10] Output dir: /Users/brendantoole/projects2/submarine_outsourced_work/sam_subawards_fullhistory
[2026-05-24 01:07:10] API key prefix: SAM-e57b65...
[2026-05-24 01:07:10] 
[1/17] N0002417C2100  GDEB Virginia Block V / Block VI master
[2026-05-24 01:10:56]     [Published] page   0:  225.5s   1000 recs   running= 1000/5681
[2026-05-24 01:10:56]     [Published] totalRecords=5681  totalPages=6
[2026-05-24 01:14:42]     [Published] page   1:  225.6s   1000 recs   running= 2000/5681
[2026-05-24 01:18:28]     [Published] page   2:  225.6s   1000 recs   running= 3000/5681
[2026-05-24 01:22:14]     [Published] page   3:  225.6s   1000 recs   running= 4000/5681
[2026-05-24 01:31:21]     [Published] page   4:  547.3s   1000 recs   running= 5000/5681
[2026-05-24 01:49:24]     [Published] page   5: 1082.8s    681 recs   running= 5681/5681
[2026-05-24 01:49:24]     [Published] stop: collected 5681 >= totalRecords 5681
[2026-05-24 01:53:10]     [Deleted] page   0:  225.3s      0 recs   running=    0/0
[2026-05-24 01:53:10]     [Deleted] totalRecords=0  totalPages=0
[2026-05-24 01:53:10]     [Deleted] stop: empty page (nextPageLink overshoot)
[2026-05-24 01:53:10]   + published=5681 (dup_subAwardReportId=0)  deleted=0
[2026-05-24 01:53:10]   + total subAwardAmount = $4,175.8M  (elapsed 46.0 min)
[2026-05-24 01:53:10]   TOP: NORTHROP GRUMMAN CORPORATION=$1271.3M; BAE SYSTEMS PLC=$305.3M; CURTISS-WRIGHT CORPORATION=$207.9M; ESCO TECHNOLOGIES INC.=$168.8M; SCOT FORGE COMPANY=$142.1M
[2026-05-24 01:53:10] 
[2/17] N0002417C2117  GDEB Columbia Build I + Build II
[2026-05-24 01:56:56]     [Published] page   0:  225.6s   1000 recs   running= 1000/5208
[2026-05-24 01:56:56]     [Published] totalRecords=5208  totalPages=6
[2026-05-24 02:00:42]     [Published] page   1:  225.4s   1000 recs   running= 2000/5208
[2026-05-24 02:09:00]     [Published] page   2:  497.4s   1000 recs   running= 3000/5208
[2026-05-24 02:12:46]     [Published] page   3:  225.6s   1000 recs   running= 4000/5208
[2026-05-24 02:16:32]     [Published] page   4:  225.6s   1000 recs   running= 5000/5208
[2026-05-24 02:20:17]     [Published] page   5:  225.4s    208 recs   running= 5208/5208
[2026-05-24 02:20:17]     [Published] stop: collected 5208 >= totalRecords 5208
[2026-05-24 02:24:03]     [Deleted] page   0:  225.2s      0 recs   running=    0/0
[2026-05-24 02:24:03]     [Deleted] totalRecords=0  totalPages=0
[2026-05-24 02:24:03]     [Deleted] stop: empty page (nextPageLink overshoot)
[2026-05-24 02:24:03]   + published=5208 (dup_subAwardReportId=0)  deleted=0
[2026-05-24 02:24:03]   + total subAwardAmount = $7,748.9M  (elapsed 30.9 min)
[2026-05-24 02:24:03]   TOP: BLUEFORGE ALLIANCE=$4173.3M; NORTHROP GRUMMAN CORPORATION=$526.8M; LEONARDO SPA=$438.5M; BABCOCK INTERNATIONAL GROUP PLC=$172.5M; SCOT FORGE COMPANY=$166.5M
[2026-05-24 02:24:03] 
[3/17] N0002412C2115  GDEB Virginia Block IV MYP
[2026-05-24 02:27:49]     [Published] page   0:  225.5s   1000 recs   running= 1000/1622
[2026-05-24 02:27:49]     [Published] totalRecords=1622  totalPages=2
[2026-05-24 02:31:35]     [Published] page   1:  225.4s    622 recs   running= 1622/1622
[2026-05-24 02:31:35]     [Published] stop: collected 1622 >= totalRecords 1622
[2026-05-24 02:35:20]     [Deleted] page   0:  225.3s      0 recs   running=    0/0
[2026-05-24 02:35:20]     [Deleted] totalRecords=0  totalPages=0
[2026-05-24 02:35:20]     [Deleted] stop: empty page (nextPageLink overshoot)
[2026-05-24 02:35:20]   + published=1622 (dup_subAwardReportId=0)  deleted=0
[2026-05-24 02:35:20]   + total subAwardAmount = $233.7M  (elapsed 11.3 min)
[2026-05-24 02:35:20]   TOP: NORTHROP GRUMMAN CORPORATION=$15.4M; EXIDE TECHNOLOGIES=$12.7M; JAMESTOWN METAL MARINE SALES, INC.=$12.0M; ESCO TECHNOLOGIES INC.=$10.6M; PROGENY SYSTEMS CORPORATION=$8.0M
[2026-05-24 02:35:20] 
[4/17] N0002424C2110  GDEB Virginia Block VI LLTM
[2026-05-24 02:39:06]     [Published] page   0:  225.4s    367 recs   running=  367/367
[2026-05-24 02:39:06]     [Published] totalRecords=367  totalPages=1
[2026-05-24 02:39:06]     [Published] stop: collected 367 >= totalRecords 367
[2026-05-24 02:42:51]     [Deleted] page   0:  225.3s      0 recs   running=    0/0
[2026-05-24 02:42:51]     [Deleted] totalRecords=0  totalPages=0
[2026-05-24 02:42:51]     [Deleted] stop: empty page (nextPageLink overshoot)
[2026-05-24 02:42:51]   + published=367 (dup_subAwardReportId=0)  deleted=0
[2026-05-24 02:42:51]   + total subAwardAmount = $417.4M  (elapsed 7.5 min)
[2026-05-24 02:42:51]   TOP: NORTHROP GRUMMAN CORPORATION=$71.0M; PRECISION CUSTOM COMPONENTS, LLC=$51.8M; SCOT FORGE COMPANY=$25.9M; CURTISS-WRIGHT ELECTRO-MECHANICAL CORPOR=$25.2M; DC FABRICATORS INC=$24.8M
[2026-05-24 02:42:52] 
[5/17] N0002409C2104  GDEB Virginia Block II (residual)
[2026-05-24 02:46:37]     [Published] page   0:  225.2s      0 recs   running=    0/0
[2026-05-24 02:46:37]     [Published] totalRecords=0  totalPages=0
[2026-05-24 02:46:37]     [Published] stop: empty page (nextPageLink overshoot)
[2026-05-24 02:50:22]     [Deleted] page   0:  225.2s      0 recs   running=    0/0
[2026-05-24 02:50:22]     [Deleted] totalRecords=0  totalPages=0
[2026-05-24 02:50:22]     [Deleted] stop: empty page (nextPageLink overshoot)
[2026-05-24 02:50:22]   + published=0 (dup_subAwardReportId=0)  deleted=0
[2026-05-24 02:50:22]   + total subAwardAmount = $0.0M  (elapsed 7.5 min)
[2026-05-24 02:50:22]   TOP: 
[2026-05-24 02:50:23] 
[6/17] N0002413C2128  GDEB Columbia Design Drawings
[2026-05-24 02:54:08]     [Published] page   0:  225.5s    608 recs   running=  608/608
[2026-05-24 02:54:08]     [Published] totalRecords=608  totalPages=1
[2026-05-24 02:54:08]     [Published] stop: collected 608 >= totalRecords 608
[2026-05-24 02:57:53]     [Deleted] page   0:  225.4s      0 recs   running=    0/0
[2026-05-24 02:57:53]     [Deleted] totalRecords=0  totalPages=0
[2026-05-24 02:57:53]     [Deleted] stop: empty page (nextPageLink overshoot)
[2026-05-24 02:57:53]   + published=608 (dup_subAwardReportId=0)  deleted=0
[2026-05-24 02:57:53]   + total subAwardAmount = $273.5M  (elapsed 7.5 min)
[2026-05-24 02:57:53]   TOP: BABCOCK INTERNATIONAL GROUP PLC=$68.0M; BABCOCK & WILCOX COMPANY, THE=$18.4M; LOCKHEED MARTIN CORPORATION=$16.8M; APCO TECHNOLOGIES SA=$14.4M; DOVER CORPORATION=$12.8M
[2026-05-24 02:57:54] 
[7/17] N0002419C2125  GDEB Virginia Tech Instructions / HPAD backfit
[2026-05-24 03:01:40]     [Published] page   0:  225.6s   1000 recs   running= 1000/1292
[2026-05-24 03:01:40]     [Published] totalRecords=1292  totalPages=2
[2026-05-24 03:05:25]     [Published] page   1:  225.5s    292 recs   running= 1292/1292
[2026-05-24 03:05:25]     [Published] stop: collected 1292 >= totalRecords 1292
[2026-05-24 03:09:11]     [Deleted] page   0:  225.3s      0 recs   running=    0/0
[2026-05-24 03:09:11]     [Deleted] totalRecords=0  totalPages=0
[2026-05-24 03:09:11]     [Deleted] stop: empty page (nextPageLink overshoot)
[2026-05-24 03:09:11]   + published=1292 (dup_subAwardReportId=0)  deleted=0
[2026-05-24 03:09:11]   + total subAwardAmount = $240.9M  (elapsed 11.3 min)
[2026-05-24 03:09:11]   TOP: NORTHROP GRUMMAN CORPORATION=$56.1M; CIRCOR NAVAL SOLUTIONS LLC=$8.9M; CIRCOR PUMPS NORTH AMERICA LLC=$8.3M; LYME COMPUTER SYSTEMS, INC.=$8.3M; COLLINS & JEWELL COMPANY, INC.=$7.8M
[2026-05-24 03:09:11] 
[8/17] N0002416C2111  GDEB VPM Ventilation Valve
[2026-05-24 03:13:09]     [Published] page   0:  237.8s    773 recs   running=  773/773
[2026-05-24 03:13:09]     [Published] totalRecords=773  totalPages=1
[2026-05-24 03:13:09]     [Published] stop: collected 773 >= totalRecords 773
[2026-05-24 03:16:54]     [Deleted] page   0:  225.3s      0 recs   running=    0/0
[2026-05-24 03:16:54]     [Deleted] totalRecords=0  totalPages=0
[2026-05-24 03:16:54]     [Deleted] stop: empty page (nextPageLink overshoot)
[2026-05-24 03:16:54]   + published=773 (dup_subAwardReportId=0)  deleted=0
[2026-05-24 03:16:54]   + total subAwardAmount = $285.3M  (elapsed 7.7 min)
[2026-05-24 03:16:54]   TOP: NORTHROP GRUMMAN CORPORATION=$125.7M; APCO TECHNOLOGIES SA=$50.9M; HUNTINGTON INGALLS INDUSTRIES, INC.=$17.6M; PROGENY SYSTEMS CORPORATION=$10.4M; HITACHI, LTD.=$8.8M
[2026-05-24 03:16:55] 
[9/17] N0002410C2118  GDEB VPM Tube Fabrication
[2026-05-24 03:20:40]     [Published] page   0:  225.4s      0 recs   running=    0/0
[2026-05-24 03:20:40]     [Published] totalRecords=0  totalPages=0
[2026-05-24 03:20:40]     [Published] stop: empty page (nextPageLink overshoot)
[2026-05-24 03:24:26]     [Deleted] page   0:  225.4s      0 recs   running=    0/0
[2026-05-24 03:24:26]     [Deleted] totalRecords=0  totalPages=0
[2026-05-24 03:24:26]     [Deleted] stop: empty page (nextPageLink overshoot)
[2026-05-24 03:24:26]   + published=0 (dup_subAwardReportId=0)  deleted=0
[2026-05-24 03:24:26]   + total subAwardAmount = $0.0M  (elapsed 7.5 min)
[2026-05-24 03:24:26]   TOP: 
[2026-05-24 03:24:26] 
[10/17] N0002411C2109  GDEB SSBN-R concept formulation
[2026-05-24 03:28:12]     [Published] page   0:  225.3s      0 recs   running=    0/0
[2026-05-24 03:28:12]     [Published] totalRecords=0  totalPages=0
[2026-05-24 03:28:12]     [Published] stop: empty page (nextPageLink overshoot)
[2026-05-24 03:31:57]     [Deleted] page   0:  225.3s      0 recs   running=    0/0
[2026-05-24 03:31:57]     [Deleted] totalRecords=0  totalPages=0
[2026-05-24 03:31:57]     [Deleted] stop: empty page (nextPageLink overshoot)
[2026-05-24 03:31:57]   + published=0 (dup_subAwardReportId=0)  deleted=0
[2026-05-24 03:31:57]   + total subAwardAmount = $0.0M  (elapsed 7.5 min)
[2026-05-24 03:31:57]   TOP: 
[2026-05-24 03:31:57] 
[11/17] N0002420C4312  GDEB USS Hartford (SSN 768) EOH
[2026-05-24 03:35:43]     [Published] page   0:  225.3s    430 recs   running=  430/430
[2026-05-24 03:35:43]     [Published] totalRecords=430  totalPages=1
[2026-05-24 03:35:43]     [Published] stop: collected 430 >= totalRecords 430
[2026-05-24 03:39:28]     [Deleted] page   0:  225.3s      0 recs   running=    0/0
[2026-05-24 03:39:28]     [Deleted] totalRecords=0  totalPages=0
[2026-05-24 03:39:28]     [Deleted] stop: empty page (nextPageLink overshoot)
[2026-05-24 03:39:28]   + published=430 (dup_subAwardReportId=0)  deleted=0
[2026-05-24 03:39:28]   + total subAwardAmount = $116.4M  (elapsed 7.5 min)
[2026-05-24 03:39:28]   TOP: IMIA, LLC=$49.1M; BHI ENERGY I POWER SERVICES LLC=$10.1M; AGGREKO, LLC=$9.0M; OCEANEERING INTERNATIONAL INC=$3.5M; WELLS PROFESSIONAL CONSULTING SERVICES L=$3.3M
[2026-05-24 03:39:29] 
[12/17] N0002419C2114  BPMI Naval Reactor Components (Columbia)
[2026-05-24 03:43:14]     [Published] page   0:  225.4s     49 recs   running=   49/49
[2026-05-24 03:43:14]     [Published] totalRecords=49  totalPages=1
[2026-05-24 03:43:14]     [Published] stop: collected 49 >= totalRecords 49
[2026-05-24 03:46:59]     [Deleted] page   0:  225.3s      0 recs   running=    0/0
[2026-05-24 03:46:59]     [Deleted] totalRecords=0  totalPages=0
[2026-05-24 03:46:59]     [Deleted] stop: empty page (nextPageLink overshoot)
[2026-05-24 03:46:59]   + published=49 (dup_subAwardReportId=0)  deleted=0
[2026-05-24 03:46:59]   + total subAwardAmount = $146.3M  (elapsed 7.5 min)
[2026-05-24 03:46:59]   TOP: CURTISS-WRIGHT CORPORATION=$73.7M; LOCKHEED MARTIN CORPORATION=$18.8M; L3HARRIS TECHNOLOGIES, INC.=$13.4M; TAYLOR FORGE ENGINEERED SYSTEMS, INC.=$12.3M; HAMILL MANUFACTURING COMPANY=$12.1M
[2026-05-24 03:47:00] 
[13/17] N0002419C2115  BPMI Columbia Class Industrial Base Increase
[2026-05-24 03:50:45]     [Published] page   0:  225.4s     67 recs   running=   67/67
[2026-05-24 03:50:45]     [Published] totalRecords=67  totalPages=1
[2026-05-24 03:50:45]     [Published] stop: collected 67 >= totalRecords 67
[2026-05-24 03:54:30]     [Deleted] page   0:  225.2s      0 recs   running=    0/0
[2026-05-24 03:54:30]     [Deleted] totalRecords=0  totalPages=0
[2026-05-24 03:54:30]     [Deleted] stop: empty page (nextPageLink overshoot)
[2026-05-24 03:54:30]   + published=67 (dup_subAwardReportId=0)  deleted=0
[2026-05-24 03:54:30]   + total subAwardAmount = $528.0M  (elapsed 7.5 min)
[2026-05-24 03:54:30]   TOP: BABCOCK & WILCOX COMPANY, THE=$321.4M; CURTISS-WRIGHT CORPORATION=$68.6M; LEONARDO SPA=$55.8M; TAYLOR FORGE ENGINEERED SYSTEMS, INC.=$21.1M; L-3 COMMUNICATIONS HOLDINGS, INC.=$11.4M
[2026-05-24 03:54:31] 
[14/17] N0002424C2114  BPMI S9G reactor
[2026-05-24 03:58:16]     [Published] page   0:  225.3s      0 recs   running=    0/0
[2026-05-24 03:58:16]     [Published] totalRecords=0  totalPages=0
[2026-05-24 03:58:16]     [Published] stop: empty page (nextPageLink overshoot)
[2026-05-24 04:02:01]     [Deleted] page   0:  225.2s      0 recs   running=    0/0
[2026-05-24 04:02:01]     [Deleted] totalRecords=0  totalPages=0
[2026-05-24 04:02:01]     [Deleted] stop: empty page (nextPageLink overshoot)
[2026-05-24 04:02:01]   + published=0 (dup_subAwardReportId=0)  deleted=0
[2026-05-24 04:02:01]   + total subAwardAmount = $0.0M  (elapsed 7.5 min)
[2026-05-24 04:02:01]   TOP: 
[2026-05-24 04:02:02] 
[15/17] N0002410C6266  LM Virginia Combat Systems hardware/software
[2026-05-24 04:05:47]     [Published] page   0:  225.3s      0 recs   running=    0/0
[2026-05-24 04:05:47]     [Published] totalRecords=0  totalPages=0
[2026-05-24 04:05:47]     [Published] stop: empty page (nextPageLink overshoot)
[2026-05-24 04:09:33]     [Deleted] page   0:  225.3s      0 recs   running=    0/0
[2026-05-24 04:09:33]     [Deleted] totalRecords=0  totalPages=0
[2026-05-24 04:09:33]     [Deleted] stop: empty page (nextPageLink overshoot)
[2026-05-24 04:09:33]   + published=0 (dup_subAwardReportId=0)  deleted=0
[2026-05-24 04:09:33]   + total subAwardAmount = $0.0M  (elapsed 7.5 min)
[2026-05-24 04:09:33]   TOP: 
[2026-05-24 04:09:33] 
[16/17] N0002421C4106  BAE SSN 812 Forward Subassembly
[2026-05-24 04:59:38]     [Published] page   0: 3004.7s     15 recs   running=   15/15
[2026-05-24 04:59:38]     [Published] totalRecords=15  totalPages=1
[2026-05-24 04:59:38]     [Published] stop: collected 15 >= totalRecords 15
[2026-05-24 05:42:40]     [Deleted] page   0: 2581.8s      0 recs   running=    0/0
[2026-05-24 05:42:40]     [Deleted] totalRecords=0  totalPages=0
[2026-05-24 05:42:40]     [Deleted] stop: empty page (nextPageLink overshoot)
[2026-05-24 05:42:40]   + published=15 (dup_subAwardReportId=0)  deleted=0
[2026-05-24 05:42:40]   + total subAwardAmount = $1.7M  (elapsed 93.1 min)
[2026-05-24 05:42:40]   TOP: RANOR INC.=$0.7M; 3M COMPANY=$0.3M; MIDSTATE INDUSTRIAL SUPPLY INC=$0.2M; JANUS ENGINEERING AMERICAS CORPORATION=$0.2M; THE SHERWIN-WILLIAMS COMPANY=$0.1M
[2026-05-24 05:42:40] 
[17/17] N0002421C4111  Rolls-Royce Virginia Class Submarine Rotor
[2026-05-24 06:01:26]     [Published] page   0: 1125.5s      7 recs   running=    7/7
[2026-05-24 06:01:26]     [Published] totalRecords=7  totalPages=1
[2026-05-24 06:01:26]     [Published] stop: collected 7 >= totalRecords 7
[2026-05-24 06:50:09]     [Deleted] page   0: 2922.8s      1 recs   running=    1/1
[2026-05-24 06:50:09]     [Deleted] totalRecords=1  totalPages=1
[2026-05-24 06:50:09]     [Deleted] stop: collected 1 >= totalRecords 1
[2026-05-24 06:50:09]   + published=7 (dup_subAwardReportId=0)  deleted=1
[2026-05-24 06:50:09]   + total subAwardAmount = $4.7M  (elapsed 67.5 min)
[2026-05-24 06:50:09]   TOP: FEDERAL METAL CO=$3.2M; OAKWOOD INDUSTRIES INC=$1.1M; AMERICAN TOOL COMPANY=$0.2M; AMERICAN TOOLING CENTER INC=$0.1M; GLOBAL SUPPLY, INC.=$0.1M
[2026-05-24 06:50:09] 
DONE. Total elapsed: 343.0 min (5.72 hr)
