Using SAM key prefix: SAM-e57b65...

[N0002417C2100] GDEB Virginia Block V / Block VI master
    page  0:    3.0s   1000 recs    running= 1000/4389
    totalRecords=4,389  totalPages=5
    page  1:    3.6s   1000 recs    running= 2000/4389
    page  2:    2.8s   1000 recs    running= 3000/4389
    page  3:  227.9s   1000 recs    running= 4000/4389
    page  4:    2.7s    389 recs    running= 4389/4389
    stop: collected 4389 >= totalRecords 4389
    page  0:    0.9s      0 recs    running=    0/0
    totalRecords=0  totalPages=0
    stop: empty page (SAM nextPageLink overshoot)
  + published=4389 (dup_subAwardReportId=0)  deleted=0
  + total subAwardAmount = $2,426.2M
  TOP: NORTHROP GRUMMAN CORPORATION=$742.8M; ESCO TECHNOLOGIES INC.=$165.4M; DC FABRICATORS INC=$82.6M; AUSTAL USA, LLC=$63.2M; SCOT FORGE COMPANY=$57.5M

[N0002417C2117] GDEB Columbia Build I + Build II
    page  0:  228.1s   1000 recs    running= 1000/4150
    totalRecords=4,150  totalPages=5
    page  1:    3.2s   1000 recs    running= 2000/4150
    page  2:    3.1s   1000 recs    running= 3000/4150
    page  3:  236.8s   1000 recs    running= 4000/4150
    page  4:    4.6s    150 recs    running= 4150/4150
    stop: collected 4150 >= totalRecords 4150
    page  0:    1.0s      0 recs    running=    0/0
    totalRecords=0  totalPages=0
    stop: empty page (SAM nextPageLink overshoot)
  + published=4150 (dup_subAwardReportId=0)  deleted=0
  + total subAwardAmount = $7,143.5M
  TOP: BLUEFORGE ALLIANCE=$4173.3M; NORTHROP GRUMMAN CORPORATION=$507.8M; LEONARDO SPA=$434.5M; CURTISS-WRIGHT ELECTRO-MECHANICAL CORPOR=$139.8M; RHOADS METAL FABRICATIONS, INC.=$124.3M

[N0002412C2115] GDEB Virginia Block IV MYP
    page  0:  225.9s      0 recs    running=    0/0
    totalRecords=0  totalPages=0
    stop: empty page (SAM nextPageLink overshoot)
    page  0:    1.3s      0 recs    running=    0/0
    totalRecords=0  totalPages=0
    stop: empty page (SAM nextPageLink overshoot)
  + published=0 (dup_subAwardReportId=0)  deleted=0
  + total subAwardAmount = $0.0M
  TOP: 

[N0002424C2110] GDEB Virginia Block VI LLTM
    page  0:    2.8s    367 recs    running=  367/367
    totalRecords=367  totalPages=1
    stop: collected 367 >= totalRecords 367
    page  0:  226.2s      0 recs    running=    0/0
    totalRecords=0  totalPages=0
    stop: empty page (SAM nextPageLink overshoot)
  + published=367 (dup_subAwardReportId=0)  deleted=0
  + total subAwardAmount = $417.4M
  TOP: NORTHROP GRUMMAN CORPORATION=$71.0M; PRECISION CUSTOM COMPONENTS, LLC=$51.8M; SCOT FORGE COMPANY=$25.9M; CURTISS-WRIGHT ELECTRO-MECHANICAL CORPOR=$25.2M; DC FABRICATORS INC=$24.8M

[N0002409C2104] GDEB Virginia Block II (residual)
    page  0:    1.6s      0 recs    running=    0/0
    totalRecords=0  totalPages=0
    stop: empty page (SAM nextPageLink overshoot)
    page  0:    1.0s      0 recs    running=    0/0
    totalRecords=0  totalPages=0
    stop: empty page (SAM nextPageLink overshoot)
  + published=0 (dup_subAwardReportId=0)  deleted=0
  + total subAwardAmount = $0.0M
  TOP: 

[N0002413C2128] GDEB Columbia Design Drawings
    page  0:  226.7s     54 recs    running=   54/54
    totalRecords=54  totalPages=1
    stop: collected 54 >= totalRecords 54
    page  0:    1.3s      0 recs    running=    0/0
    totalRecords=0  totalPages=0
    stop: empty page (SAM nextPageLink overshoot)
  + published=54 (dup_subAwardReportId=0)  deleted=0
  + total subAwardAmount = $12.2M
  TOP: BABCOCK INTERNATIONAL GROUP PLC=$11.5M; NORTHROP GRUMMAN CORPORATION=$1.3M; COLFAX CORPORATION=$0.8M; MAROTTA CONTROLS, INC.=$0.7M; PIMA VALVE, LLC=$0.3M

[N0002419C2125] GDEB Virginia Tech Instructions / HPAD backfit
    page  0:    3.1s   1000 recs    running= 1000/1292
    totalRecords=1,292  totalPages=2
    page  1:  227.1s    292 recs    running= 1292/1292
    stop: collected 1292 >= totalRecords 1292
    page  0:    1.2s      0 recs    running=    0/0
    totalRecords=0  totalPages=0
    stop: empty page (SAM nextPageLink overshoot)
  + published=1292 (dup_subAwardReportId=0)  deleted=0
  + total subAwardAmount = $240.9M
  TOP: NORTHROP GRUMMAN CORPORATION=$56.1M; CIRCOR NAVAL SOLUTIONS LLC=$8.9M; CIRCOR PUMPS NORTH AMERICA LLC=$8.3M; LYME COMPUTER SYSTEMS, INC.=$8.3M; COLLINS & JEWELL COMPANY, INC.=$7.8M

[N0002416C2111] GDEB VPM Ventilation Valve
    page  0:    2.0s    218 recs    running=  218/218
    totalRecords=218  totalPages=1
    stop: collected 218 >= totalRecords 218
    page  0:  226.0s      0 recs    running=    0/0
    totalRecords=0  totalPages=0
    stop: empty page (SAM nextPageLink overshoot)
  + published=218 (dup_subAwardReportId=0)  deleted=0
  + total subAwardAmount = $128.6M
  TOP: NORTHROP GRUMMAN CORPORATION=$105.0M; HUNTINGTON INGALLS INDUSTRIES, INC.=$15.6M; HUNTINGTON INGALLS INDUSTRIES, INC=$6.0M; COLLINS & JEWELL COMPANY, INC.=$3.2M; L3HARRIS TECHNOLOGIES, INC=$2.1M

[N0002410C2118] GDEB VPM Tube Fabrication
    page  0:    1.2s      0 recs    running=    0/0
    totalRecords=0  totalPages=0
    stop: empty page (SAM nextPageLink overshoot)
    page  0:    0.9s      0 recs    running=    0/0
    totalRecords=0  totalPages=0
    stop: empty page (SAM nextPageLink overshoot)
  + published=0 (dup_subAwardReportId=0)  deleted=0
  + total subAwardAmount = $0.0M
  TOP: 

[N0002411C2109] GDEB SSBN-R concept formulation
    page  0:    0.9s      0 recs    running=    0/0
    totalRecords=0  totalPages=0
    stop: empty page (SAM nextPageLink overshoot)
    page  0:    0.9s      0 recs    running=    0/0
    totalRecords=0  totalPages=0
    stop: empty page (SAM nextPageLink overshoot)
  + published=0 (dup_subAwardReportId=0)  deleted=0
  + total subAwardAmount = $0.0M
  TOP: 

[N0002420C4312] GDEB USS Hartford (SSN 768) EOH
    page  0:    2.4s    430 recs    running=  430/430
    totalRecords=430  totalPages=1
    stop: collected 430 >= totalRecords 430
    page  0:    1.0s      0 recs    running=    0/0
    totalRecords=0  totalPages=0
    stop: empty page (SAM nextPageLink overshoot)
  + published=430 (dup_subAwardReportId=0)  deleted=0
  + total subAwardAmount = $116.4M
  TOP: IMIA, LLC=$49.1M; BHI ENERGY I POWER SERVICES LLC=$10.1M; AGGREKO, LLC=$9.0M; OCEANEERING INTERNATIONAL INC=$3.5M; WELLS PROFESSIONAL CONSULTING SERVICES L=$3.3M

[N0002419C2114] BPMI Naval Reactor Components (Columbia)
    page  0:    1.6s     39 recs    running=   39/39
    totalRecords=39  totalPages=1
    stop: collected 39 >= totalRecords 39
    page  0:    1.0s      0 recs    running=    0/0
    totalRecords=0  totalPages=0
    stop: empty page (SAM nextPageLink overshoot)
  + published=39 (dup_subAwardReportId=0)  deleted=0
  + total subAwardAmount = $90.5M
  TOP: CURTISS-WRIGHT CORPORATION=$28.6M; L3HARRIS TECHNOLOGIES, INC.=$13.4M; TAYLOR FORGE ENGINEERED SYSTEMS, INC.=$12.3M; HAMILL MANUFACTURING COMPANY=$12.1M; LOCKHEED MARTIN CORPORATION=$11.8M

[N0002419C2115] BPMI Columbia Class Industrial Base Increase
    page  0:    1.4s     44 recs    running=   44/44
    totalRecords=44  totalPages=1
    stop: collected 44 >= totalRecords 44
    page  0:    0.9s      0 recs    running=    0/0
    totalRecords=0  totalPages=0
    stop: empty page (SAM nextPageLink overshoot)
  + published=44 (dup_subAwardReportId=0)  deleted=0
  + total subAwardAmount = $166.2M
  TOP: BABCOCK & WILCOX COMPANY, THE=$49.3M; LEONARDO SPA=$49.0M; TAYLOR FORGE ENGINEERED SYSTEMS, INC.=$13.7M; CURTISS-WRIGHT CORPORATION=$11.7M; L-3 COMMUNICATIONS HOLDINGS, INC.=$11.3M

[N0002424C2114] BPMI S9G reactor
    page  0:    1.0s      0 recs    running=    0/0
    totalRecords=0  totalPages=0
    stop: empty page (SAM nextPageLink overshoot)
    page  0:    1.0s      0 recs    running=    0/0
    totalRecords=0  totalPages=0
    stop: empty page (SAM nextPageLink overshoot)
  + published=0 (dup_subAwardReportId=0)  deleted=0
  + total subAwardAmount = $0.0M
  TOP: 

[N0002410C6266] LM Virginia Combat Systems hardware/software
    page  0:    1.0s      0 recs    running=    0/0
    totalRecords=0  totalPages=0
    stop: empty page (SAM nextPageLink overshoot)
    page  0:    0.9s      0 recs    running=    0/0
    totalRecords=0  totalPages=0
    stop: empty page (SAM nextPageLink overshoot)
  + published=0 (dup_subAwardReportId=0)  deleted=0
  + total subAwardAmount = $0.0M
  TOP: 

[N0002421C4106] BAE SSN 812 Forward Subassembly
    page  0:    1.3s     15 recs    running=   15/15
    totalRecords=15  totalPages=1
    stop: collected 15 >= totalRecords 15
    page  0:    0.9s      0 recs    running=    0/0
    totalRecords=0  totalPages=0
    stop: empty page (SAM nextPageLink overshoot)
  + published=15 (dup_subAwardReportId=0)  deleted=0
  + total subAwardAmount = $1.7M
  TOP: RANOR INC.=$0.7M; 3M COMPANY=$0.3M; MIDSTATE INDUSTRIAL SUPPLY INC=$0.2M; JANUS ENGINEERING AMERICAS CORPORATION=$0.2M; THE SHERWIN-WILLIAMS COMPANY=$0.1M

[N0002421C4111] Rolls-Royce Virginia Class Submarine Rotor
    page  0:    1.1s      7 recs    running=    7/7
    totalRecords=7  totalPages=1
    stop: collected 7 >= totalRecords 7
    page  0:    1.0s      1 recs    running=    1/1
    totalRecords=1  totalPages=1
    stop: collected 1 >= totalRecords 1
  + published=7 (dup_subAwardReportId=0)  deleted=1
  + total subAwardAmount = $4.7M
  TOP: FEDERAL METAL CO=$3.2M; OAKWOOD INDUSTRIES INC=$1.1M; AMERICAN TOOL COMPANY=$0.2M; AMERICAN TOOLING CENTER INC=$0.1M; GLOBAL SUPPLY, INC.=$0.1M

Done. Summary -> /Users/brendantoole/projects2/submarine_outsourced_work/sam_subawards/_summary.json
