
[N0002417C2100] GDEB Virginia Block V / Block VI master
    → gid=CONT_AWD_N0002417C2100_9700_-NONE-_-NONE- (contracts) recipient=ELECTRIC BOAT CORPORATION amount=$34664.2M
    + pulled 2500 subawards
    TOP SUBS: NORTHROP GRUMMAN SYSTEMS CORPORATION=$1268.8M; BAE SYSTEMS LAND & ARMAMENTS L.P.=$355.3M; CURTISS-WRIGHT ELECTRO-MECHANICAL CORPOR=$239.7M; DC FABRICATORS INC=$205.0M; GLOBE COMPOSITE SOLUTIONS, LLC=$196.8M

[N0002417C2117] GDEB Columbia Build I + Build II
    → gid=CONT_AWD_N0002417C2117_9700_-NONE-_-NONE- (contracts) recipient=ELECTRIC BOAT CORPORATION amount=$26699.8M
    + pulled 2500 subawards
    TOP SUBS: BLUEFORGE ALLIANCE=$4214.0M; NORTHROP GRUMMAN SYSTEMS CORPORATION=$669.5M; DRS NAVAL POWER SYSTEMS INC=$403.3M; CURTISS-WRIGHT ELECTRO-MECHANICAL CORPOR=$177.5M; SCOT FORGE COMPANY=$174.0M

[N0002412C2115] GDEB Virginia Block IV MYP
    → gid=CONT_AWD_N0002412C2115_9700_-NONE-_-NONE- (contracts) recipient=ELECTRIC BOAT CORPORATION amount=$19897.9M
    + pulled 1622 subawards
    TOP SUBS: NORTHROP GRUMMAN SYSTEMS CORPORATION=$15.4M; STRYTEN ENERGY LLC=$12.7M; JAMESTOWN METAL MARINE SALES, INC.=$12.0M; VACCO INDUSTRIES=$10.6M; GENERAL DYNAMICS MISSION SYSTEMS, INC.=$8.0M

[N0002424C2110] GDEB Virginia Block VI LLTM
    → gid=CONT_AWD_N0002424C2110_9700_-NONE-_-NONE- (contracts) recipient=ELECTRIC BOAT CORPORATION amount=$4960.0M
    + pulled 367 subawards
    TOP SUBS: NORTHROP GRUMMAN SYSTEMS CORPORATION=$71.0M; PRECISION CUSTOM COMPONENTS, LLC=$51.8M; CURTISS-WRIGHT FLOW CONTROL CORPORATION=$29.3M; SCOT FORGE COMPANY=$25.9M; CURTISS-WRIGHT ELECTRO-MECHANICAL CORPOR=$25.2M

[N0002409C2104] GDEB Virginia Block II (residual)
    → gid=CONT_AWD_N0002409C2104_9700_-NONE-_-NONE- (contracts) recipient=ELECTRIC BOAT CORPORATION amount=$16238.8M
    + pulled 0 subawards
    TOP SUBS: 

[N0002413C2128] GDEB Columbia Design Drawings
    → gid=CONT_AWD_N0002413C2128_9700_-NONE-_-NONE- (contracts) recipient=ELECTRIC BOAT CORPORATION amount=$3146.0M
    + pulled 608 subawards
    TOP SUBS: BABCOCK MARINE (ROSYTH) LIMITED=$68.0M; BWXT NUCLEAR OPERATIONS GROUP, INC.=$17.5M; LOCKHEED MARTIN CORPORATION=$16.8M; APCO TECHNOLOGIES SA=$14.4M; WAUKESHA BEARINGS CORPORATION=$12.8M

[N0002419C2125] GDEB Virginia Tech Instructions / HPAD backfit
    → gid=CONT_AWD_N0002419C2125_9700_-NONE-_-NONE- (contracts) recipient=ELECTRIC BOAT CORPORATION amount=$1370.4M
    + pulled 1292 subawards
    TOP SUBS: NORTHROP GRUMMAN SYSTEMS CORPORATION=$56.8M; CIRCOR NAVAL SOLUTIONS LLC=$13.6M; L3 TECHNOLOGIES, INC.=$9.3M; CIRCOR PUMPS NORTH AMERICA LLC=$8.3M; LYME COMPUTER SYSTEMS, INC.=$8.3M

[N0002416C2111] GDEB VPM Ventilation Valve
    → gid=CONT_AWD_N0002416C2111_9700_-NONE-_-NONE- (contracts) recipient=ELECTRIC BOAT CORPORATION amount=$1468.5M
    + pulled 772 subawards
    TOP SUBS: NORTHROP GRUMMAN SYSTEMS CORPORATION=$125.7M; APCO TECHNOLOGIES SA=$50.9M; HUNTINGTON INGALLS INC=$23.6M; GENERAL DYNAMICS MISSION SYSTEMS, INC.=$10.4M; AMERICAST TECHNOLOGIES INC=$8.9M

[N0002410C2118] GDEB VPM Tube Fabrication
    → gid=CONT_AWD_N0002410C2118_9700_-NONE-_-NONE- (contracts) recipient=ELECTRIC BOAT CORPORATION amount=$1418.1M
    + pulled 0 subawards
    TOP SUBS: 

[N0002411C2109] GDEB SSBN-R concept formulation
    → gid=CONT_AWD_N0002411C2109_9700_-NONE-_-NONE- (contracts) recipient=ELECTRIC BOAT CORPORATION amount=$480.1M
    + pulled 0 subawards
    TOP SUBS: 

[N0002420C4312] GDEB USS Hartford (SSN 768) EOH
    → gid=CONT_AWD_N0002420C4312_9700_-NONE-_-NONE- (contracts) recipient=ELECTRIC BOAT CORPORATION amount=$1333.0M
    + pulled 430 subawards
    TOP SUBS: IMIA, LLC=$51.6M; AGGREKO, LLC=$11.5M; BHI ENERGY I POWER SERVICES LLC=$10.1M; OCEANEERING INTERNATIONAL INC=$5.4M; CURTISS-WRIGHT ELECTRO-MECHANICAL CORP=$4.5M

[N0002419C2114] BPMI Naval Reactor Components (Columbia)
    → gid=CONT_AWD_N0002419C2114_9700_-NONE-_-NONE- (contracts) recipient=BECHTEL PLANT MACHINERY, INC. amount=$3376.3M
    + pulled 49 subawards
    TOP SUBS: CURTISS-WRIGHT FLOW CONTROL CORPORATION=$29.6M; CURTISS-WRIGHT ELECTRO-MECHANICAL CORPOR=$25.3M; PEERLESS INSTRUMENT CO., INC.=$18.8M; LOCKHEED MARTIN CORP=$18.8M; L3HARRIS MARITIME POWER & ENERGY SOLUTIO=$13.4M

[N0002419C2115] BPMI Columbia Class Industrial Base Increase
    → gid=CONT_AWD_N0002419C2115_9700_-NONE-_-NONE- (contracts) recipient=BECHTEL PLANT MACHINERY, INC. amount=$3004.6M
    + pulled 67 subawards
    TOP SUBS: BWXT NUCLEAR OPERATIONS GROUP, INC.=$272.0M; DRS NAVAL POWER SYSTEMS INC=$55.8M; BWX TECHNOLOGIES, INC.=$52.7M; CURTISS-WRIGHT ELECTRO-MECHANICAL CORPOR=$41.5M; TAYLOR FORGE ENGINEERED SYSTEMS, INC.=$21.1M

[N0002424C2114] BPMI S9G reactor (Virginia / Columbia)
    → gid=CONT_AWD_N0002424C2114_9700_-NONE-_-NONE- (contracts) recipient=BECHTEL PLANT MACHINERY, INC. amount=$2542.7M
    + pulled 0 subawards
    TOP SUBS: 

[N0002410C6266] LM Virginia Combat Systems hardware/software
    → gid=CONT_AWD_N0002410C6266_9700_-NONE-_-NONE- (contracts) recipient=LOCKHEED MARTIN CORPORATION amount=$899.2M
    + pulled 0 subawards
    TOP SUBS: 

[N0002421C4106] BAE SSN 812 Forward Subassembly
    → gid=CONT_AWD_N0002421C4106_9700_-NONE-_-NONE- (contracts) recipient=BAE SYSTEMS LAND & ARMAMENTS L.P. amount=$85.0M
    + pulled 14 subawards
    TOP SUBS: RANOR INC.=$0.4M; MIDSTATE INDUSTRIAL SUPPLY INC=$0.3M; 3M COMPANY=$0.3M; JANUS ENGINEERING AMERICAS CORPORATION=$0.2M; THE SHERWIN-WILLIAMS COMPANY=$0.1M

[N0002421C4111] Rolls-Royce Virginia Class Submarine Rotor
    → gid=CONT_AWD_N0002421C4111_9700_-NONE-_-NONE- (contracts) recipient=BIRD-JOHNSON PROPELLER COMPANY, LLC amount=$28.9M
    + pulled 7 subawards
    TOP SUBS: FEDERAL METAL CO=$4.3M; AMERICAN TOOL COMPANY=$0.2M; AMERICAN TOOLING CENTER INC=$0.1M; GLOBAL SUPPLY LLC=$0.1M; INDUSTRIAL TOOLING & SUPPLY LLC=$0.0M

Done. Summary -> /Users/brendantoole/projects2/submarine_outsourced_work/usaspending_subawards/_summary.json
