Using SAM key prefix: SAM-e57b65...
Loaded 89 DDG PIIDs to pull from SAM.gov

[M6785416C0006] BAE-Guns/VLS: INCORPORATE THE HEDGE LOCK RATE FOR FRP LOT 6B IN ACCORDANCE WITH 
    page  0:    0.7s   1000 recs    running= 1000/2324
    totalRecords=2,324  totalPages=3
    page  1:    1.6s   1000 recs    running= 2000/2324
    page  2:    0.5s    324 recs    running= 2324/2324
    stop: collected 2324 >= totalRecords 2324
    page  0:    0.3s      0 recs    running=    0/0
    totalRecords=0  totalPages=0
    stop: empty page (SAM nextPageLink overshoot)
  + published=2324 (dup_subAwardReportId=0)  deleted=0
  + total subAwardAmount = $1,667.7M
  TOP: IVECO DEFENCE VEHICLES SPA=$516.3M; IVECO DEFENCE VEHICLES S.P.A.=$351.7M; PARKER-HANNIFIN CORPORATION=$182.0M; LANZEN, INCORPORATED=$53.4M; IVECO GROUP NV=$53.3M

[N0002411C4408] BAE-Guns/VLS: C450 - DDG CLASS SHIPS AWARD FEE PAYMENT 12
    page  0:    0.2s     20 recs    running=   20/20
    totalRecords=20  totalPages=1
    stop: collected 20 >= totalRecords 20
    page  0:    0.3s      0 recs    running=    0/0
    totalRecords=0  totalPages=0
    stop: empty page (SAM nextPageLink overshoot)
  + published=20 (dup_subAwardReportId=0)  deleted=0
  + total subAwardAmount = $1.8M
  TOP: CALIFORNIA MARINE CLEANING, INC.=$0.8M; L3 TECHNOLOGIES, INC.=$0.4M; COASTAL MARINE SERVICES, INC.=$0.2M; PACIFIC MARITIME FREIGHT, INC.=$0.2M; ADVANCED MARINE PRESERVATION, LLC=$0.1M

[N0002420C5380] BAE-Guns/VLS: MK 25 MOD 1 CANISTERS W/ PHS&T
    page  0:    1.4s    956 recs    running=  956/956
    totalRecords=956  totalPages=1
    stop: collected 956 >= totalRecords 956
    page  0:    0.3s      0 recs    running=    0/0
    totalRecords=0  totalPages=0
    stop: empty page (SAM nextPageLink overshoot)
  + published=956 (dup_subAwardReportId=0)  deleted=0
  + total subAwardAmount = $298.2M
  TOP: APPLIED COMPOSITES HOLDINGS, LLC=$28.1M; DUCOMMUN LABARGE TECHNOLOGIES, INC.=$24.7M; TOTAL SA=$19.1M; PRODUCTION ENGINEERING CORPORATION=$16.4M; ADVANCED INDUSTRIES, INC=$16.2M

[N0002413C5314] BAE-Guns/VLS: MK-21 MOD 3 CANISTERS
    page  0:    0.3s    605 recs    running=  605/605
    totalRecords=605  totalPages=1
    stop: collected 605 >= totalRecords 605
    page  0:    0.1s      0 recs    running=    0/0
    totalRecords=0  totalPages=0
    stop: empty page (SAM nextPageLink overshoot)
  + published=605 (dup_subAwardReportId=0)  deleted=0
  + total subAwardAmount = $151.3M
  TOP: TOTAL SA=$26.1M; ADVANCED INDUSTRIES, INC.=$19.3M; PRODUCTION ENGINEERING CORPORATION=$12.0M; AC&A ENTERPRISES HOLDINGS, LLC=$9.0M; TAYLOR DEVICES, INC.=$8.7M

[N0017419C0004] BAE-Guns/VLS: MK45 PRODUCTION CONTRACT
    page  0:    0.2s    316 recs    running=  316/316
    totalRecords=316  totalPages=1
    stop: collected 316 >= totalRecords 316
    page  0:    0.1s      0 recs    running=    0/0
    totalRecords=0  totalPages=0
    stop: empty page (SAM nextPageLink overshoot)
  + published=316 (dup_subAwardReportId=0)  deleted=0
  + total subAwardAmount = $32.8M
  TOP: RHINESTAHL CORPORATION=$2.7M; RANOR INC.=$2.1M; FUTURAMIC TOOL & ENGINEERING COMPANY=$1.6M; KEY TRONIC CORPORATION=$1.3M; PRODUCTION ENGINEERING CORPORATION=$1.2M

[N0002420C4468] BAE-Guns/VLS: OPTION MULTIPLE WIS TYCOM USS WINSTON CHURCHILL (DDG 81) TPPC DDG 
    page  0:    0.3s    180 recs    running=  180/180
    totalRecords=180  totalPages=1
    stop: collected 180 >= totalRecords 180
    page  0:    0.1s      0 recs    running=    0/0
    totalRecords=0  totalPages=0
    stop: empty page (SAM nextPageLink overshoot)
  + published=180 (dup_subAwardReportId=0)  deleted=0
  + total subAwardAmount = $33.9M
  TOP: ADVANCED MARINE PRESERVATION, LLC=$12.8M; EAST COAST REPAIR & FABRICATION, L.L.C.=$2.2M; L3HARRIS TECHNOLOGIES, INC.=$2.2M; SURFACE TECHNOLOGIES CORPORATION=$1.4M; CENTRAL RADIO COMPANY INC=$1.1M

[N0002415C4103] BAE-Guns/VLS: SSN 804 MATERIAL
    page  0:    0.2s    156 recs    running=  156/156
    totalRecords=156  totalPages=1
    stop: collected 156 >= totalRecords 156
    page  0:    0.1s      0 recs    running=    0/0
    totalRecords=0  totalPages=0
    stop: empty page (SAM nextPageLink overshoot)
  + published=156 (dup_subAwardReportId=0)  deleted=0
  + total subAwardAmount = $66.7M
  TOP: AMERICAN TANK & FABRICATING CO, THE=$37.4M; SCOT FORGE COMPANY=$9.9M; B&G MANUFACTURING CO., INC.=$3.8M; RAYTHEON TECHNOLOGIES CORPORATION=$3.5M; TECHPRECISION CORPORATION=$1.9M

[N0017415C0009] BAE-Guns/VLS: DE-OB SM 119 ULO UNDER CLIN 0022
    page  0:    0.2s    269 recs    running=  269/269
    totalRecords=269  totalPages=1
    stop: collected 269 >= totalRecords 269
    page  0:    0.1s      0 recs    running=    0/0
    totalRecords=0  totalPages=0
    stop: empty page (SAM nextPageLink overshoot)
  + published=269 (dup_subAwardReportId=0)  deleted=0
  + total subAwardAmount = $34.4M
  TOP: FUTURAMIC TOOL & ENGINEERING COMPANY=$3.0M; PRODUCTION ENGINEERING CORPORATION=$2.0M; KEY TRONIC CORPORATION=$1.8M; TRANSDIGM GROUP INCORPORATED=$1.5M; WULCO, INC.=$1.5M

[N0002412C5311] BAE-Guns/VLS: FPI FINAL PRICE REVISION
    page  0:    0.2s    168 recs    running=  168/168
    totalRecords=168  totalPages=1
    stop: collected 168 >= totalRecords 168
    page  0:    0.1s      0 recs    running=    0/0
    totalRecords=0  totalPages=0
    stop: empty page (SAM nextPageLink overshoot)
  + published=168 (dup_subAwardReportId=0)  deleted=0
  + total subAwardAmount = $16.5M
  TOP: EXCEL GEAR, INC.=$2.2M; HARMONY ENGINEERING, CORP=$1.4M; FUTURAMIC TOOL & ENGINEERING COMPANY=$1.2M; DUCOMMUN INCORPORATED=$1.1M; FOURTH FACTOR ENGINEERING=$0.9M

[N0002413C5325] BAE-Guns/VLS: COST TO SUPPORT ITEM 0209AB
    page  0:    0.2s    223 recs    running=  223/223
    totalRecords=223  totalPages=1
    stop: collected 223 >= totalRecords 223
    page  0:    0.1s      0 recs    running=    0/0
    totalRecords=0  totalPages=0
    stop: empty page (SAM nextPageLink overshoot)
  + published=223 (dup_subAwardReportId=0)  deleted=0
  + total subAwardAmount = $34.7M
  TOP: ENCORE COMPOSITE HOLDINGS, INC=$4.6M; AC&A ENTERPRISES HOLDINGS, LLC=$4.5M; HUTCHINSON MANUFACTURING, INC.=$2.9M; FIKE CORPORATION=$1.8M; DUCOMMUN INCORPORATED=$1.7M

[N0002421C5393] BAE-Guns/VLS: MATERIAL TO SUPPORT ITEM 1404
    page  0:    0.2s     94 recs    running=   94/94
    totalRecords=94  totalPages=1
    stop: collected 94 >= totalRecords 94
    page  0:    0.1s      0 recs    running=    0/0
    totalRecords=0  totalPages=0
    stop: empty page (SAM nextPageLink overshoot)
  + published=94 (dup_subAwardReportId=0)  deleted=0
  + total subAwardAmount = $25.1M
  TOP: FUTURAMIC TOOL & ENGINEERING CO=$6.6M; CARTRIDGE ACTUATED DEVICES INC=$3.5M; APPLIED COMPOSITES HOLDINGS, LLC=$2.6M; APPLIED COMPANIES=$1.5M; GEMSPRING CAPITAL EXECUTIVE GP I, LLC=$1.0M

[N0002424C5324] BAE-Guns/VLS: MK 21 MOD 4 CANISTERS WITH PHS&T
    page  0:    0.2s    235 recs    running=  235/235
    totalRecords=235  totalPages=1
    stop: collected 235 >= totalRecords 235
    page  0:    0.1s      0 recs    running=    0/0
    totalRecords=0  totalPages=0
    stop: empty page (SAM nextPageLink overshoot)
  + published=235 (dup_subAwardReportId=0)  deleted=0
  + total subAwardAmount = $79.1M
  TOP: ADVANCED INDUSTRIES, LLC=$15.9M; TAYLOR DEVICES INC=$5.3M; M & S MACHINING INC=$5.1M; PARKER-HANNIFIN CORPORATION=$5.1M; HUTCHINSON AEROSPACE & INDUSTRY, INC.=$4.4M

[N0002420C4400] BAE-Guns/VLS: C440A BAE EXECUTION CONTRACTS TEAM
USS PREBLE DDG 88
FY20 DMP
UNIL
    page  0:    0.2s    141 recs    running=  141/141
    totalRecords=141  totalPages=1
    stop: collected 141 >= totalRecords 141
    page  0:    0.1s      0 recs    running=    0/0
    totalRecords=0  totalPages=0
    stop: empty page (SAM nextPageLink overshoot)
  + published=141 (dup_subAwardReportId=0)  deleted=0
  + total subAwardAmount = $32.7M
  TOP: Y.Y.K. ENTERPRISES, INC.=$7.6M; AMP UNITED, LLC=$4.1M; SOUTH BAY SAND BLASTING AND TANK CLEANIN=$2.3M; EAST COAST REPAIR & FABRICATION, L.L.C.=$2.1M; L3HARRIS TECHNOLOGIES, INC.=$1.5M

[N0002422C4485] BAE-Guns/VLS: CODE 440A CNO EXECUTION CONTRACTS
USS MUSTIN DDG 89 FY22 DMP 
BILA
    page  0:    0.2s    273 recs    running=  273/273
    totalRecords=273  totalPages=1
    stop: collected 273 >= totalRecords 273
    page  0:    0.2s      0 recs    running=    0/0
    totalRecords=0  totalPages=0
    stop: empty page (SAM nextPageLink overshoot)
  + published=273 (dup_subAwardReportId=0)  deleted=0
  + total subAwardAmount = $8.2M
  TOP: PREMIER SCAFFOLD, INC.=$0.9M; RIX INDUSTRIES=$0.9M; OCKERMAN AUTOMATION CONSULTING, INC.=$0.9M; SOUTH BAY SAND BLASTING AND TANK CLEANIN=$0.9M; AMP UNITED LLC=$0.8M

[N0002420C5300] BAE-Guns/VLS: 57MM MK 110 MOD 0 GUN MOUNT
    page  0:    0.1s     10 recs    running=   10/10
    totalRecords=10  totalPages=1
    stop: collected 10 >= totalRecords 10
    page  0:    0.1s      0 recs    running=    0/0
    totalRecords=0  totalPages=0
    stop: empty page (SAM nextPageLink overshoot)
  + published=10 (dup_subAwardReportId=0)  deleted=0
  + total subAwardAmount = $0.6M
  TOP: VERMILLION INCORPORATED=$0.3M; HONEYWELL SAFETY PRODUCTS USA, INC.=$0.1M; MACHINTEK CO=$0.1M; FUTURAMIC TOOL & ENGINEERING COMPANY=$0.0M; HONEYWELL INTERNATIONAL INC.=$0.0M

[N0002420C5605] DRS: ESTABLISH AND FUND SLINS
    page  0:    0.2s    251 recs    running=  251/251
    totalRecords=251  totalPages=1
    stop: collected 251 >= totalRecords 251
    page  0:    0.1s      0 recs    running=    0/0
    totalRecords=0  totalPages=0
    stop: empty page (SAM nextPageLink overshoot)
  + published=251 (dup_subAwardReportId=0)  deleted=0
  + total subAwardAmount = $154.8M
  TOP: SCIOTEQ LLC=$18.6M; ARROW ELECTRONICS, INC.=$12.6M; TRANSDIGM GROUP INCORPORATED=$10.8M; VIDEO DISPLAY CORPORATION=$10.3M; HUTCHINSON MANUFACTURING HOLDINGS, LLC=$9.3M

[N0002415C5228] DRS: AN/USG-3B SYSTEM
    page  0:    0.2s    175 recs    running=  175/175
    totalRecords=175  totalPages=1
    stop: collected 175 >= totalRecords 175
    page  0:    0.1s      0 recs    running=    0/0
    totalRecords=0  totalPages=0
    stop: empty page (SAM nextPageLink overshoot)
  + published=175 (dup_subAwardReportId=0)  deleted=0
  + total subAwardAmount = $35.3M
  TOP: L3 TECHNOLOGIES, INC.=$4.9M; ELECTRO IMPULSE LABORATORY INC.=$3.1M; L3HARRIS TECHNOLOGIES, INC.=$2.6M; SMITHS GROUP PLC=$2.4M; EATON CORPORATION PUBLIC LIMITED COMPANY=$2.3M

[N0002417C4109] DRS: J8 ORDER
    page  0:    0.2s    210 recs    running=  210/210
    totalRecords=210  totalPages=1
    stop: collected 210 >= totalRecords 210
    page  0:    0.1s      0 recs    running=    0/0
    totalRecords=0  totalPages=0
    stop: empty page (SAM nextPageLink overshoot)
  + published=210 (dup_subAwardReportId=0)  deleted=0
  + total subAwardAmount = $33.9M
  TOP: SIEMENS INDUSTRY, INC.=$6.5M; TTM TECHNOLOGIES, INC.=$3.8M; MTK ELECTRONICS INC=$2.9M; COMPUTER CONVERSIONS CORPORATION=$1.7M; DYNALEC CORPORATION=$1.7M

[N6523615C1007] DRS: CHANGE OF ADMIN CODE
    page  0:    0.1s      0 recs    running=    0/0
    totalRecords=0  totalPages=0
    stop: empty page (SAM nextPageLink overshoot)
    page  0:    0.1s      0 recs    running=    0/0
    totalRecords=0  totalPages=0
    stop: empty page (SAM nextPageLink overshoot)
  + published=0 (dup_subAwardReportId=0)  deleted=0
  + total subAwardAmount = $0.0M
  TOP: 

[N0025324F0016] DRS: USN TI-24 PRODUCTION, SURGE & SPARES
    page  0:    0.2s     91 recs    running=   91/91
    totalRecords=91  totalPages=1
    stop: collected 91 >= totalRecords 91
    page  0:    0.1s      0 recs    running=    0/0
    totalRecords=0  totalPages=0
    stop: empty page (SAM nextPageLink overshoot)
  + published=91 (dup_subAwardReportId=0)  deleted=0
  + total subAwardAmount = $32.3M
  TOP: NCS TECHNOLOGIES INC=$6.0M; ARROW ELECTRONICS, INC.=$4.7M; FCN INC=$4.5M; SCIOTEQ LLC=$3.5M; AMETEK INC=$2.5M

[N0002423C2305] GD-BIW: CONSTRUCTION OF DDG 51 SHIP
    page  0:    0.1s      0 recs    running=    0/0
    totalRecords=0  totalPages=0
    stop: empty page (SAM nextPageLink overshoot)
    page  0:    0.1s      0 recs    running=    0/0
    totalRecords=0  totalPages=0
    stop: empty page (SAM nextPageLink overshoot)
  + published=0 (dup_subAwardReportId=0)  deleted=0
  + total subAwardAmount = $0.0M
  TOP: 

[N0002418C2305] GD-BIW: CONSTRUCTION OF DDG 51 SHIP
WF-3753 (FMR-12243N)
FMR-12182MNO DEFIN
    page  0:    0.1s     27 recs    running=   27/27
    totalRecords=27  totalPages=1
    stop: collected 27 >= totalRecords 27
    page  0:    0.1s      0 recs    running=    0/0
    totalRecords=0  totalPages=0
    stop: empty page (SAM nextPageLink overshoot)
  + published=27 (dup_subAwardReportId=0)  deleted=0
  + total subAwardAmount = $57.1M
  TOP: JOHNSON CONTROLS NAVY SYSTEMS, LLC=$24.6M; ARTCRAFT FABRICATORS INC=$5.8M; ART CRAFT FABRICATORS INC=$5.8M; BIRD-JOHNSON PROPELLER COMPANY, LLC=$3.7M; ESPEY MFG AND ELECTRONICS CORP=$3.4M

[N0002413C2305] GD-BIW: CONSTRUCTION OF DDG 51 SHIP
FMR-12161M DEFIN
FMR-12182MNO DEFIN
    page  0:    0.2s    102 recs    running=  102/102
    totalRecords=102  totalPages=1
    stop: collected 102 >= totalRecords 102
    page  0:    0.1s      0 recs    running=    0/0
    totalRecords=0  totalPages=0
    stop: empty page (SAM nextPageLink overshoot)
  + published=102 (dup_subAwardReportId=0)  deleted=0
  + total subAwardAmount = $8.3M
  TOP: ROLLS-ROYCE MARINE NORTH AMERICA INC.=$2.0M; ROLLS-ROYCE HOLDINGS PLC=$0.9M; RAPID DEPLOYABLE SYSTEMS, INC=$0.4M; HOWDEN AMERICAN FAN COMPANY=$0.4M; ONEX CORP=$0.4M

[N0002402C2303] GD-BIW: CONTRACT CLOSEOUT
    page  0:    0.1s      0 recs    running=    0/0
    totalRecords=0  totalPages=0
    stop: empty page (SAM nextPageLink overshoot)
    page  0:    0.1s      0 recs    running=    0/0
    totalRecords=0  totalPages=0
    stop: empty page (SAM nextPageLink overshoot)
  + published=0 (dup_subAwardReportId=0)  deleted=0
  + total subAwardAmount = $0.0M
  TOP: 

[N0002406C2303] GD-BIW: CONSTRUCTION
    page  0:    0.1s      0 recs    running=    0/0
    totalRecords=0  totalPages=0
    stop: empty page (SAM nextPageLink overshoot)
    page  0:    0.1s      0 recs    running=    0/0
    totalRecords=0  totalPages=0
    stop: empty page (SAM nextPageLink overshoot)
  + published=0 (dup_subAwardReportId=0)  deleted=0
  + total subAwardAmount = $0.0M
  TOP: 

[N0002411C2306] GD-BIW: FUNDING REALLOCATION DUE TO CANCELLATION
    page  0:    0.1s      0 recs    running=    0/0
    totalRecords=0  totalPages=0
    stop: empty page (SAM nextPageLink overshoot)
    page  0:    0.1s      0 recs    running=    0/0
    totalRecords=0  totalPages=0
    stop: empty page (SAM nextPageLink overshoot)
  + published=0 (dup_subAwardReportId=0)  deleted=0
  + total subAwardAmount = $0.0M
  TOP: 

[N0002411C2305] GD-BIW: CONSTRUCT FY11 DDG 51 CLASS GUIDED FMR 11622L
    page  0:    0.1s      0 recs    running=    0/0
    totalRecords=0  totalPages=0
    stop: empty page (SAM nextPageLink overshoot)
    page  0:    0.1s      0 recs    running=    0/0
    totalRecords=0  totalPages=0
    stop: empty page (SAM nextPageLink overshoot)
  + published=0 (dup_subAwardReportId=0)  deleted=0
  + total subAwardAmount = $0.0M
  TOP: 

[N0002419C4452] GD-BIW: PROVISIONED ITEMS ORDERS (PIO)
    page  0:    0.2s    154 recs    running=  154/154
    totalRecords=154  totalPages=1
    stop: collected 154 >= totalRecords 154
    page  0:    0.1s      0 recs    running=    0/0
    totalRecords=0  totalPages=0
    stop: empty page (SAM nextPageLink overshoot)
  + published=154 (dup_subAwardReportId=0)  deleted=0
  + total subAwardAmount = $29.0M
  TOP: LAKE SHORE SYSTEMS, INC.=$7.7M; HOWDEN AMERICAN FAN COMPANY=$2.7M; RIX INDUSTRIES=$1.7M; KATO ENGINEERING INC.=$1.3M; COLONNA'S SHIP YARD INCORPORATED=$1.2M

[N0002412C4311] GD-BIW: SHIP ALTERATION WORK - SEVERABLE
    page  0:    0.1s      0 recs    running=    0/0
    totalRecords=0  totalPages=0
    stop: empty page (SAM nextPageLink overshoot)
    page  0:    0.1s      0 recs    running=    0/0
    totalRecords=0  totalPages=0
    stop: empty page (SAM nextPageLink overshoot)
  + published=0 (dup_subAwardReportId=0)  deleted=0
  + total subAwardAmount = $0.0M
  TOP: 

[N0002409C2302] GD-BIW: DIACAP SETTLEMENT
    page  0:    0.1s      0 recs    running=    0/0
    totalRecords=0  totalPages=0
    stop: empty page (SAM nextPageLink overshoot)
    page  0:    0.1s      0 recs    running=    0/0
    totalRecords=0  totalPages=0
    stop: empty page (SAM nextPageLink overshoot)
  + published=0 (dup_subAwardReportId=0)  deleted=0
  + total subAwardAmount = $0.0M
  TOP: 

[N0002418C2313] GD-BIW: CLASS CHANGES DESIGN SERVICES
    page  0:    0.1s      0 recs    running=    0/0
    totalRecords=0  totalPages=0
    stop: empty page (SAM nextPageLink overshoot)
    page  0:    0.1s      0 recs    running=    0/0
    totalRecords=0  totalPages=0
    stop: empty page (SAM nextPageLink overshoot)
  + published=0 (dup_subAwardReportId=0)  deleted=0
  + total subAwardAmount = $0.0M
  TOP: 

[N0002419C2322] GD-BIW: ORDERS: WR22-029
    page  0:    0.1s    119 recs    running=  119/119
    totalRecords=119  totalPages=1
    stop: collected 119 >= totalRecords 119
    page  0:    0.1s      0 recs    running=    0/0
    totalRecords=0  totalPages=0
    stop: empty page (SAM nextPageLink overshoot)
  + published=119 (dup_subAwardReportId=0)  deleted=0
  + total subAwardAmount = $27.1M
  TOP: PROPULSION CONTROLS ENGINEERING=$2.7M; FAIRMOUNT AUTOMATION, INC.=$2.7M; DRS NAVAL POWER SYSTEMS INC=$2.6M; GENERAL ELECTRIC COMPANY=$2.3M; LAKE SHORE SYSTEMS, INC.=$2.3M

[N0002412C2313] GD-BIW: FLIGHT III DESIGN
    page  0:    0.1s      0 recs    running=    0/0
    totalRecords=0  totalPages=0
    stop: empty page (SAM nextPageLink overshoot)
    page  0:    0.1s      0 recs    running=    0/0
    totalRecords=0  totalPages=0
    stop: empty page (SAM nextPageLink overshoot)
  + published=0 (dup_subAwardReportId=0)  deleted=0
  + total subAwardAmount = $0.0M
  TOP: 

[N0002414C4313] GD-BIW: PIO AND OTHER MATERIAL. DE-OBLIGATE EXCESS FUNDS ON VARIOUS CLINS.
    page  0:    0.1s     65 recs    running=   65/65
    totalRecords=65  totalPages=1
    stop: collected 65 >= totalRecords 65
    page  0:    0.1s      0 recs    running=    0/0
    totalRecords=0  totalPages=0
    stop: empty page (SAM nextPageLink overshoot)
  + published=65 (dup_subAwardReportId=0)  deleted=0
  + total subAwardAmount = $60.5M
  TOP: ROLLS-ROYCE HOLDINGS PLC=$36.1M; WARTSILA DEFENSE, INC.=$17.6M; CUBIC CORPORATION=$1.4M; SOUTHCOAST WELDING & MANUFACTURING, LLC=$1.2M; LYME COMPUTER SYSTEMS, INC.=$0.6M

[N0002403C2306] GD-BIW: CONTRACT CLOSEOUT
    page  0:    0.1s      0 recs    running=    0/0
    totalRecords=0  totalPages=0
    stop: empty page (SAM nextPageLink overshoot)
    page  0:    0.1s      0 recs    running=    0/0
    totalRecords=0  totalPages=0
    stop: empty page (SAM nextPageLink overshoot)
  + published=0 (dup_subAwardReportId=0)  deleted=0
  + total subAwardAmount = $0.0M
  TOP: 

[N0002418C4451] GD-BIW: SHIP ALTERATION WORK - SEVERABLE
    page  0:    0.1s      0 recs    running=    0/0
    totalRecords=0  totalPages=0
    stop: empty page (SAM nextPageLink overshoot)
    page  0:    0.1s      0 recs    running=    0/0
    totalRecords=0  totalPages=0
    stop: empty page (SAM nextPageLink overshoot)
  + published=0 (dup_subAwardReportId=0)  deleted=0
  + total subAwardAmount = $0.0M
  TOP: 

[N0002424C2313] GD-BIW: DDG 51 CLASS LEAD YARD SUPPORT
    page  0:    0.1s      0 recs    running=    0/0
    totalRecords=0  totalPages=0
    stop: empty page (SAM nextPageLink overshoot)
    page  0:    0.1s      0 recs    running=    0/0
    totalRecords=0  totalPages=0
    stop: empty page (SAM nextPageLink overshoot)
  + published=0 (dup_subAwardReportId=0)  deleted=0
  + total subAwardAmount = $0.0M
  TOP: 

[N0002404C6205] GD-MissionSys: FUNDING FOR FINAL CPIF REALIGNMENT
    page  0:    0.1s      0 recs    running=    0/0
    totalRecords=0  totalPages=0
    stop: empty page (SAM nextPageLink overshoot)
    page  0:    0.1s      0 recs    running=    0/0
    totalRecords=0  totalPages=0
    stop: empty page (SAM nextPageLink overshoot)
  + published=0 (dup_subAwardReportId=0)  deleted=0
  + total subAwardAmount = $0.0M
  TOP: 

[M6785417C0261] GD-MissionSys: FULL DEPLOYMENT UNIT - AN/TSQ-297(V)1
    page  0:    0.1s      0 recs    running=    0/0
    totalRecords=0  totalPages=0
    stop: empty page (SAM nextPageLink overshoot)
    page  0:    0.1s      0 recs    running=    0/0
    totalRecords=0  totalPages=0
    stop: empty page (SAM nextPageLink overshoot)
  + published=0 (dup_subAwardReportId=0)  deleted=0
  + total subAwardAmount = $0.0M
  TOP: 

[N0001911C0045] GE-Propulsion: ATTACH CSDR PLAN FOR LOT 19 (FY15)
    page  0:    0.1s      1 recs    running=    1/1
    totalRecords=1  totalPages=1
    stop: collected 1 >= totalRecords 1
    page  0:    0.1s      0 recs    running=    0/0
    totalRecords=0  totalPages=0
    stop: empty page (SAM nextPageLink overshoot)
  + published=1 (dup_subAwardReportId=0)  deleted=0
  + total subAwardAmount = $0.0M
  TOP: PARKER-HANNIFIN CORPORATION=$0.0M

[N0001918C1061] GE-Propulsion: THE PURPOSE OF THIS NO COST MODIFICATION IS TO EXTEND THE DELIVER
    page  0:    0.1s     85 recs    running=   85/85
    totalRecords=85  totalPages=1
    stop: collected 85 >= totalRecords 85
    page  0:    0.1s      0 recs    running=    0/0
    totalRecords=0  totalPages=0
    stop: empty page (SAM nextPageLink overshoot)
  + published=85 (dup_subAwardReportId=0)  deleted=0
  + total subAwardAmount = $34.1M
  TOP: PARKER-HANNIFIN CORPORATION=$6.3M; BERKSHIRE HATHAWAY INC.=$5.4M; BAE SYSTEMS PLC=$2.6M; B & F MACHINE CO., INC.=$1.9M; PCX AEROSYSTEMS ENFIELD LLC=$1.9M

[N0001917C0047] GE-Propulsion: THE PURPOSE OF THIS NO COST MODIFICATION IS TO REMOVE NMCI GOVERN
    page  0:    0.2s      0 recs    running=    0/0
    totalRecords=0  totalPages=0
    stop: empty page (SAM nextPageLink overshoot)
    page  0:    0.1s      0 recs    running=    0/0
    totalRecords=0  totalPages=0
    stop: empty page (SAM nextPageLink overshoot)
  + published=0 (dup_subAwardReportId=0)  deleted=0
  + total subAwardAmount = $0.0M
  TOP: 

[N0001924C0019] GE-Propulsion: THE PURPOSE OF THIS MODIFICATION IS TO FUND LOT 11 AAC
    page  0:    0.1s      2 recs    running=    2/2
    totalRecords=2  totalPages=1
    stop: collected 2 >= totalRecords 2
    page  0:    0.1s      0 recs    running=    0/0
    totalRecords=0  totalPages=0
    stop: empty page (SAM nextPageLink overshoot)
  + published=2 (dup_subAwardReportId=0)  deleted=0
  + total subAwardAmount = $0.9M
  TOP: ATI INC=$0.5M; STEEL TOOL & ENGINEERING CO=$0.4M

[N0001913C0132] GE-Propulsion: THE PURPOSE OF THIS MODIFICATION IS TO REMOVE DFAR 252.223-7008 P
    page  0:    0.1s      3 recs    running=    3/3
    totalRecords=3  totalPages=1
    stop: collected 3 >= totalRecords 3
    page  0:    0.1s      0 recs    running=    0/0
    totalRecords=0  totalPages=0
    stop: empty page (SAM nextPageLink overshoot)
  + published=3 (dup_subAwardReportId=0)  deleted=0
  + total subAwardAmount = $0.2M
  TOP: FERGUSON HOLDINGS LIMITED=$0.1M; FC INDUSTRIES, INC.=$0.0M; CTEK TOOL & MACHINE CO INC=$0.0M

[N0001923C0013] GE-Propulsion: THE PURPOSE OF THIS MODIFICATION IS TO INCORPORATE RFV-24-MV-MB-0
    page  0:    0.1s     42 recs    running=   42/42
    totalRecords=42  totalPages=1
    stop: collected 42 >= totalRecords 42
    page  0:    0.1s      0 recs    running=    0/0
    totalRecords=0  totalPages=0
    stop: empty page (SAM nextPageLink overshoot)
  + published=42 (dup_subAwardReportId=0)  deleted=0
  + total subAwardAmount = $70.5M
  TOP: WOODWARD, INC.=$24.4M; BARNES GROUP INC.=$20.0M; PARKER-HANNIFIN CORPORATION=$8.4M; BERKSHIRE HATHAWAY INC.=$6.6M; DEMUSZ MFG. CO., INC.=$2.2M

[N0001921F0120] GE-Propulsion: PURPOSE IS TO REPLAN AND REVISE DELIVERY SCHEDULE FOR CLIN 0001.
    page  0:    0.1s      1 recs    running=    1/1
    totalRecords=1  totalPages=1
    stop: collected 1 >= totalRecords 1
    page  0:    0.1s      0 recs    running=    0/0
    totalRecords=0  totalPages=0
    stop: empty page (SAM nextPageLink overshoot)
  + published=1 (dup_subAwardReportId=0)  deleted=0
  + total subAwardAmount = $0.1M
  TOP: BERKSHIRE HATHAWAY INC.=$0.1M

[N0001923F0642] GE-Propulsion: DELIVERY ADDRESS UPDATE FOR CLIN 0210
    page  0:    0.1s      0 recs    running=    0/0
    totalRecords=0  totalPages=0
    stop: empty page (SAM nextPageLink overshoot)
    page  0:    0.1s      0 recs    running=    0/0
    totalRecords=0  totalPages=0
    stop: empty page (SAM nextPageLink overshoot)
  + published=0 (dup_subAwardReportId=0)  deleted=0
  + total subAwardAmount = $0.0M
  TOP: 

[N0001918C1007] GE-Propulsion: THE PURPOSE OF THIS MODIFICATION IS TO REPAIR 7 WARRANTY ENGINES 
    page  0:    0.1s     51 recs    running=   51/51
    totalRecords=51  totalPages=1
    stop: collected 51 >= totalRecords 51
    page  0:    0.1s      0 recs    running=    0/0
    totalRecords=0  totalPages=0
    stop: empty page (SAM nextPageLink overshoot)
  + published=51 (dup_subAwardReportId=0)  deleted=0
  + total subAwardAmount = $17.6M
  TOP: ELECTRO-METHODS INC=$4.6M; B & F MACHINE CO., INC.=$2.5M; ALLEGHENY TECHNOLOGIES INCORPORATED=$2.3M; BARNES GROUP INC=$2.3M; BERKSHIRE HATHAWAY INC.=$1.4M

[N0002423C2307] HII-Ingalls: CONSTRUCTION OF DDG 51 SHIP
    page  0:    0.2s    493 recs    running=  493/493
    totalRecords=493  totalPages=1
    stop: collected 493 >= totalRecords 493
    page  0:    0.1s      7 recs    running=    7/7
    totalRecords=7  totalPages=1
    stop: collected 7 >= totalRecords 7
  + published=493 (dup_subAwardReportId=0)  deleted=7
  + total subAwardAmount = $1,144.5M
  TOP: GENERAL ELECTRIC COMPANY=$266.7M; TIMKEN GEARS & SERVICES INC.=$168.9M; JOHNSON CONTROLS NAVY SYSTEMS, LLC=$129.3M; LEONARDO SPA=$61.8M; ROLLS-ROYCE HOLDINGS PLC=$49.5M

[N0002418C2307] HII-Ingalls: CONSTRUCT FIRM HHIP FY18 DDG 51 CLASS GUIDED MISSILE DESTROYER DDG1
    page  0:    0.4s   1000 recs    running= 1000/2599
    totalRecords=2,599  totalPages=3
    page  1:    0.4s   1000 recs    running= 2000/2599
    page  2:    0.3s    599 recs    running= 2599/2599
    stop: collected 2599 >= totalRecords 2599
    page  0:    0.1s     18 recs    running=   18/18
    totalRecords=18  totalPages=1
    stop: collected 18 >= totalRecords 18
  + published=2599 (dup_subAwardReportId=0)  deleted=18
  + total subAwardAmount = $1,268.6M
  TOP: ROLLS-ROYCE HOLDINGS PLC=$217.5M; JOHNSON CONTROLS INTERNATIONAL PUBLIC LI=$109.3M; GENERAL ELECTRIC COMPANY=$66.2M; LEONARDO SPA=$54.1M; NORTHROP GRUMMAN CORPORATION=$52.7M

[N0002413C2307] HII-Ingalls: CONSTRUCT FY17 DDG 51 CLASS GUIDED MISSILE DESTROYER (DDG 125)
    page  0:    0.3s    903 recs    running=  903/903
    totalRecords=903  totalPages=1
    stop: collected 903 >= totalRecords 903
    page  0:    0.1s      0 recs    running=    0/0
    totalRecords=0  totalPages=0
    stop: empty page (SAM nextPageLink overshoot)
  + published=903 (dup_subAwardReportId=0)  deleted=0
  + total subAwardAmount = $129.3M
  TOP: JOHNSON CONTROLS INTERNATIONAL PUBLIC LI=$10.2M; L3 TECHNOLOGIES, INC.=$7.5M; LEONARDO SPA=$7.5M; MARTIN ENERGY SERVICES LLC=$6.8M; SOUTHCOAST WELDING & MANUFACTURING, LLC.=$6.6M

[N0002402C2304] HII-Ingalls: CONSTRUCTION OF FY02 ARLEIGH BURKE GUIDED MISSILE DESTROYER
    page  0:    0.2s      0 recs    running=    0/0
    totalRecords=0  totalPages=0
    stop: empty page (SAM nextPageLink overshoot)
    page  0:    0.1s      0 recs    running=    0/0
    totalRecords=0  totalPages=0
    stop: empty page (SAM nextPageLink overshoot)
  + published=0 (dup_subAwardReportId=0)  deleted=0
  + total subAwardAmount = $0.0M
  TOP: 

[N0002411C2309] HII-Ingalls: CONSTRUCT FY10 DDG 51 CLASS
    page  0:    0.1s     33 recs    running=   33/33
    totalRecords=33  totalPages=1
    stop: collected 33 >= totalRecords 33
    page  0:    0.1s      0 recs    running=    0/0
    totalRecords=0  totalPages=0
    stop: empty page (SAM nextPageLink overshoot)
  + published=33 (dup_subAwardReportId=0)  deleted=0
  + total subAwardAmount = $3.3M
  TOP: BAE SYSTEMS PLC=$2.0M; SOUTHCOAST WELDING & MANUFACTURING, LLC=$0.5M; LEONARDO SPA=$0.4M; PROPULSION CONTROLS ENGINEERING=$0.1M; BAY CITY MARINE, INC.=$0.1M

[N0002411C2307] HII-Ingalls: CONSTRUCT FY11 DDG 51 CLASS GUIDED MISSILE DESTROYER DDG 114
DEOBLI
    page  0:    0.1s     40 recs    running=   40/40
    totalRecords=40  totalPages=1
    stop: collected 40 >= totalRecords 40
    page  0:    0.1s      0 recs    running=    0/0
    totalRecords=0  totalPages=0
    stop: empty page (SAM nextPageLink overshoot)
  + published=40 (dup_subAwardReportId=0)  deleted=0
  + total subAwardAmount = $4.7M
  TOP: PACIFIC SHIP REPAIR & FABRICATION, INC.=$2.5M; MARTIN RESOURCE MANAGEMENT CORPORATION=$0.8M; SECURITAS AB=$0.6M; SURFACE TECHNOLOGIES CORPORATION=$0.2M; LEONARDO SPA=$0.1M

[N0002423C2324] HII-Ingalls: DDG 1000 BYMP INCREMENTAL FUNDING
    page  0:    0.2s    273 recs    running=  273/273
    totalRecords=273  totalPages=1
    stop: collected 273 >= totalRecords 273
    page  0:    0.1s      6 recs    running=    6/6
    totalRecords=6  totalPages=1
    stop: collected 6 >= totalRecords 6
  + published=273 (dup_subAwardReportId=0)  deleted=6
  + total subAwardAmount = $68.0M
  TOP: OFFSHORE INLAND MARINE & OILFIELD SERVIC=$9.3M; A B C APPLICATORS, INC=$6.3M; HUNTINGTON INGALLS INDUSTRIES, INC=$6.1M; LEONARDO SPA=$6.0M; AIR MASTERS MECHANICAL INC=$4.3M

[N0002422C2300] HII-Ingalls: DDG 1002 CSA EXECUTION LETTER
    page  0:    0.1s    120 recs    running=  120/120
    totalRecords=120  totalPages=1
    stop: collected 120 >= totalRecords 120
    page  0:    0.1s      4 recs    running=    4/4
    totalRecords=4  totalPages=1
    stop: collected 4 >= totalRecords 4
  + published=120 (dup_subAwardReportId=0)  deleted=4
  + total subAwardAmount = $28.7M
  TOP: NAVAL ENGINEERING SUPPORT INC=$5.8M; NAVAL ENGINEERING SUPPORT INC.=$3.8M; LEONARDO SPA=$3.5M; US, INC.=$1.9M; CARVER PUMP COMPANY=$1.7M

[N0002412C2312] HII-Ingalls: FLIGHT III DESIGN
    page  0:    0.1s      0 recs    running=    0/0
    totalRecords=0  totalPages=0
    stop: empty page (SAM nextPageLink overshoot)
    page  0:    0.1s      0 recs    running=    0/0
    totalRecords=0  totalPages=0
    stop: empty page (SAM nextPageLink overshoot)
  + published=0 (dup_subAwardReportId=0)  deleted=0
  + total subAwardAmount = $0.0M
  TOP: 

[N0002413C5116] LM-Aegis: AEGIS CSEA FUNDING MOD
    page  0:    0.3s    635 recs    running=  635/635
    totalRecords=635  totalPages=1
    stop: collected 635 >= totalRecords 635
    page  0:    0.1s      0 recs    running=    0/0
    totalRecords=0  totalPages=0
    stop: empty page (SAM nextPageLink overshoot)
  + published=635 (dup_subAwardReportId=0)  deleted=0
  + total subAwardAmount = $654.2M
  TOP: ARCTIC SLOPE REGIONAL CORPORATION=$437.4M; IN-DEPTH ENGINEERING CORPORATION=$54.6M; ADVANCED SCIENCES AND TECHNOLOGIES, LLC=$54.0M; LEONARDO SPA=$42.8M; ARCTIC SLOPE REGIONAL CORP=$16.6M

[N0002414C5114] LM-Aegis: AEGIS HARDWARE
    page  0:    1.4s   1000 recs    running= 1000/1362
    totalRecords=1,362  totalPages=2
    page  1:    0.2s    362 recs    running= 1362/1362
    stop: collected 1362 >= totalRecords 1362
    page  0:    0.1s      0 recs    running=    0/0
    totalRecords=0  totalPages=0
    stop: empty page (SAM nextPageLink overshoot)
  + published=1362 (dup_subAwardReportId=0)  deleted=0
  + total subAwardAmount = $615.4M
  TOP: INDRA SISTEMAS, SOCIEDAD ANONIMA=$82.5M; SENER GRUPO DE INGENIERIA SOCIEDAD ANONI=$51.2M; DATACON, INC.=$46.0M; HI AIR KOREA CO., LTD.=$33.1M; COBHAM PLC=$32.7M

[N0002409C5103] LM-Aegis: AEGIS PLATFORM SYSTEM ENGINEERING AGENT
    page  0:    0.1s      0 recs    running=    0/0
    totalRecords=0  totalPages=0
    stop: empty page (SAM nextPageLink overshoot)
    page  0:    0.1s      0 recs    running=    0/0
    totalRecords=0  totalPages=0
    stop: empty page (SAM nextPageLink overshoot)
  + published=0 (dup_subAwardReportId=0)  deleted=0
  + total subAwardAmount = $0.0M
  TOP: 

[N0002420C5310] LM-Aegis: MK 41 MOD 36 VLS MODULE MECH
    page  0:    0.3s    834 recs    running=  834/834
    totalRecords=834  totalPages=1
    stop: collected 834 >= totalRecords 834
    page  0:    0.1s      0 recs    running=    0/0
    totalRecords=0  totalPages=0
    stop: empty page (SAM nextPageLink overshoot)
  + published=834 (dup_subAwardReportId=0)  deleted=0
  + total subAwardAmount = $1,425.5M
  TOP: LEONARDO SPA=$711.6M; MAJOR TOOL AND MACHINE INC=$271.3M; SUPERIOR ELECTROMECHANICAL COMPONENT SER=$110.5M; MERRILL TECHNOLOGIES GROUP, INC.=$72.0M; MAJOR TOOL AND MACHINE INC.=$65.0M

[N0002416C5103] LM-Aegis: AEGIS IMPLEMENTATION STUDIES
    page  0:    0.2s    408 recs    running=  408/408
    totalRecords=408  totalPages=1
    stop: collected 408 >= totalRecords 408
    page  0:    0.1s      0 recs    running=    0/0
    totalRecords=0  totalPages=0
    stop: empty page (SAM nextPageLink overshoot)
  + published=408 (dup_subAwardReportId=0)  deleted=0
  + total subAwardAmount = $464.6M
  TOP: ARCTIC SLOPE REGIONAL CORPORATION=$317.2M; ADVANCED SCIENCES AND TECHNOLOGIES, LLC=$94.1M; RAYTHEON COMPANY=$11.3M; IN-DEPTH ENGINEERING CORPORATION=$9.6M; ATESSA, INC=$9.1M

[N0002415C5151] LM-Aegis: AEGIS SHIP INTEGRATION
    page  0:    0.3s    226 recs    running=  226/226
    totalRecords=226  totalPages=1
    stop: collected 226 >= totalRecords 226
    page  0:    0.1s      0 recs    running=    0/0
    totalRecords=0  totalPages=0
    stop: empty page (SAM nextPageLink overshoot)
  + published=226 (dup_subAwardReportId=0)  deleted=0
  + total subAwardAmount = $104.8M
  TOP: IN-DEPTH ENGINEERING CORPORATION=$48.3M; TACTICAL ENGINEERING & ANALYSIS, INC.=$29.1M; GENERAL DYNAMICS CORPORATION=$9.8M; BVH, INC.=$5.6M; TACTICAL ENGINEERING & ANALYSIS INC=$3.6M

[N0002409C5110] LM-Aegis: AEGIS WEAPON SYSTEM MK 7 DDG 116
    page  0:    0.1s      0 recs    running=    0/0
    totalRecords=0  totalPages=0
    stop: empty page (SAM nextPageLink overshoot)
    page  0:    0.1s      0 recs    running=    0/0
    totalRecords=0  totalPages=0
    stop: empty page (SAM nextPageLink overshoot)
  + published=0 (dup_subAwardReportId=0)  deleted=0
  + total subAwardAmount = $0.0M
  TOP: 

[N0002414C5106] LM-Aegis: AEGIS HARDWARE
    page  0:    0.3s    613 recs    running=  613/613
    totalRecords=613  totalPages=1
    stop: collected 613 >= totalRecords 613
    page  0:    0.2s      0 recs    running=    0/0
    totalRecords=0  totalPages=0
    stop: empty page (SAM nextPageLink overshoot)
  + published=613 (dup_subAwardReportId=0)  deleted=0
  + total subAwardAmount = $103.7M
  TOP: MERCURY SYSTEMS, INC.=$19.5M; LEONARDO SPA=$11.2M; DATACON, INC.=$7.3M; GENERAL MICRO SYSTEMS, INC=$6.5M; SIRIUS COMPUTER SOLUTIONS, INC.=$5.6M

[N0002423C5325] LM-Aegis: MK 41 VLS MODULE AND ANCILLARY EQUIPMENT
    page  0:    0.2s    214 recs    running=  214/214
    totalRecords=214  totalPages=1
    stop: collected 214 >= totalRecords 214
    page  0:    0.1s      0 recs    running=    0/0
    totalRecords=0  totalPages=0
    stop: empty page (SAM nextPageLink overshoot)
  + published=214 (dup_subAwardReportId=0)  deleted=0
  + total subAwardAmount = $204.7M
  TOP: MAJOR TOOL & MACHINE INC=$91.2M; SIOUX MANUFACTURING CORPORATION=$19.6M; AM AND S MFG, INC.=$14.4M; MERRILL TECHNOLOGIES GROUP, INC.=$14.3M; SUPERIOR ELECTROMECHANICAL COMPONENT SER=$13.6M

[N0002420C5105] LM-Aegis: INTERNATIONAL AEGIS FIRE CONTROL LOOP
    page  0:    0.2s    382 recs    running=  382/382
    totalRecords=382  totalPages=1
    stop: collected 382 >= totalRecords 382
    page  0:    0.1s      0 recs    running=    0/0
    totalRecords=0  totalPages=0
    stop: empty page (SAM nextPageLink overshoot)
  + published=382 (dup_subAwardReportId=0)  deleted=0
  + total subAwardAmount = $219.4M
  TOP: EXTREME ENGINEERING SOLUTIONS, INC.=$85.0M; ARCTIC SLOPE REGIONAL CORPORATION=$26.4M; RAMBUS INC.=$21.2M; MERCURY SYSTEMS, INC.=$14.7M; ADVANCED SCIENCES AND TECHNOLOGIES, LLC=$11.6M

[N0002419C5102] LM-Aegis: KOREA BATCH II AEGIS COMBAT SYSTEM K2 BASELINES ENGINEERING, TEST AND 
    page  0:    0.2s    292 recs    running=  292/292
    totalRecords=292  totalPages=1
    stop: collected 292 >= totalRecords 292
    page  0:    0.1s      0 recs    running=    0/0
    totalRecords=0  totalPages=0
    stop: empty page (SAM nextPageLink overshoot)
  + published=292 (dup_subAwardReportId=0)  deleted=0
  + total subAwardAmount = $407.1M
  TOP: ARCTIC SLOPE REGIONAL CORPORATION=$180.1M; HANWHA SYSTEMS CO., LTD.=$84.4M; EXTREME ENGINEERING SOLUTIONS, INC.=$62.8M; HANWHA TECHWIN CO., LTD.=$31.5M; ADVANCED SCIENCES AND TECHNOLOGIES, LLC=$12.1M

[N0002414C5104] LM-Aegis: AEGIS SI&T INSTALLATION/MODERNIZATION FOR DDG AND CG
    page  0:    0.1s     77 recs    running=   77/77
    totalRecords=77  totalPages=1
    stop: collected 77 >= totalRecords 77
    page  0:    0.1s      0 recs    running=    0/0
    totalRecords=0  totalPages=0
    stop: empty page (SAM nextPageLink overshoot)
  + published=77 (dup_subAwardReportId=0)  deleted=0
  + total subAwardAmount = $29.8M
  TOP: IN-DEPTH ENGINEERING CORPORATION=$22.5M; ARCTIC SLOPE REGIONAL CORPORATION=$2.8M; LEONARDO SPA=$1.6M; GENERAL DYNAMICS CORPORATION=$0.8M; TACTICAL ENGINEERING & ANALYSIS, INC.=$0.7M

[N0002416C5102] LM-Aegis: AEGIS PLATFORM SYSTEM ENGINEERING AGENT
    page  0:    0.1s      0 recs    running=    0/0
    totalRecords=0  totalPages=0
    stop: empty page (SAM nextPageLink overshoot)
    page  0:    0.1s      0 recs    running=    0/0
    totalRecords=0  totalPages=0
    stop: empty page (SAM nextPageLink overshoot)
  + published=0 (dup_subAwardReportId=0)  deleted=0
  + total subAwardAmount = $0.0M
  TOP: 

[N0002413C5132] LM-Aegis: AEGIS DEVELOPMENT AND TEST SITES OPERATION AND MAINTENANCE
    page  0:    0.2s     55 recs    running=   55/55
    totalRecords=55  totalPages=1
    stop: collected 55 >= totalRecords 55
    page  0:    0.1s      0 recs    running=    0/0
    totalRecords=0  totalPages=0
    stop: empty page (SAM nextPageLink overshoot)
  + published=55 (dup_subAwardReportId=0)  deleted=0
  + total subAwardAmount = $8.7M
  TOP: IRWIN & LEIGHTON, INC.=$2.3M; THE MATHWORKS INC=$0.9M; BIRD TECHNOLOGIES GROUP INC=$0.7M; CONCURRENT REAL-TIME, INC.=$0.7M; LOR-MAR MECHANICAL SERVICES, INC.=$0.5M

[N0002415C5332] LM-Aegis: USN DDG 127 MK 41 MOD 15 VLS MECH
    page  0:    0.2s    328 recs    running=  328/328
    totalRecords=328  totalPages=1
    stop: collected 328 >= totalRecords 328
    page  0:    0.1s      0 recs    running=    0/0
    totalRecords=0  totalPages=0
    stop: empty page (SAM nextPageLink overshoot)
  + published=328 (dup_subAwardReportId=0)  deleted=0
  + total subAwardAmount = $1,494.7M
  TOP: LEONARDO SPA=$910.1M; MAJOR TOOL AND MACHINE INC=$479.3M; MERRILL AVIATION, INC.=$22.6M; GMT CORPORATION=$20.0M; SEYER INDUSTRIES, INC.=$19.9M

[N0002420C5519] NG: SEWIP BLOCK 3 DMS LIFETIME BUY AWARD AND OTHER ADMINISTRATIVE CHANGES
    page  0:    0.2s    141 recs    running=  141/141
    totalRecords=141  totalPages=1
    stop: collected 141 >= totalRecords 141
    page  0:    0.1s      2 recs    running=    2/2
    totalRecords=2  totalPages=1
    stop: collected 2 >= totalRecords 2
  + published=141 (dup_subAwardReportId=0)  deleted=2
  + total subAwardAmount = $38.6M
  TOP: SYPRIS SOLUTIONS, INC=$14.4M; KYOCERA CORPORATION=$11.0M; FALSTROM COMPANY=$7.3M; LTP MODERN MACHINE INC=$2.9M; TEVET TECHNOLOGY SOLUTIONS, L.L.C.=$0.9M

[N0002415C5319] NG: EMD - AN/SLQ-32(V)Y SEWIP BLOCK 3
    page  0:    0.1s      3 recs    running=    3/3
    totalRecords=3  totalPages=1
    stop: collected 3 >= totalRecords 3
    page  0:    0.1s      0 recs    running=    0/0
    totalRecords=0  totalPages=0
    stop: empty page (SAM nextPageLink overshoot)
  + published=3 (dup_subAwardReportId=0)  deleted=0
  + total subAwardAmount = $0.6M
  TOP: LOCKHEED MARTIN CORPORATION=$0.6M; SYPRIS ELECTRONICS, LLC=$-0.0M

[N0002422C5500] Raytheon: DDG FLT III (AN/SPY-6(V)1)
    page  0:    0.4s   1000 recs    running= 1000/1057
    totalRecords=1,057  totalPages=2
    page  1:    0.1s     57 recs    running= 1057/1057
    stop: collected 1057 >= totalRecords 1057
    page  0:    0.1s      0 recs    running=    0/0
    totalRecords=0  totalPages=0
    stop: empty page (SAM nextPageLink overshoot)
  + published=1057 (dup_subAwardReportId=0)  deleted=0
  + total subAwardAmount = $1,502.2M
  TOP: GENERAL DYNAMICS CORP=$348.9M; COBHAM ADVANCED ELECTRONIC SOLUTIONS INC=$169.8M; NORTHROP GRUMMAN CORPORATION=$151.2M; GOLDEN STAR TECHNOLOGY INC=$87.6M; ANAREN, INC.=$62.8M

[N0002414C5315] Raytheon: AMDR EMD (BASE)
    page  0:    0.1s      0 recs    running=    0/0
    totalRecords=0  totalPages=0
    stop: empty page (SAM nextPageLink overshoot)
    page  0:    0.1s      0 recs    running=    0/0
    totalRecords=0  totalPages=0
    stop: empty page (SAM nextPageLink overshoot)
  + published=0 (dup_subAwardReportId=0)  deleted=0
  + total subAwardAmount = $0.0M
  TOP: 

[N0002421C5408] Raytheon: ESSM BLK 2 FY21-23 PART 2 SPARES
    page  0:    0.4s    952 recs    running=  952/952
    totalRecords=952  totalPages=1
    stop: collected 952 >= totalRecords 952
    page  0:    0.1s      0 recs    running=    0/0
    totalRecords=0  totalPages=0
    stop: empty page (SAM nextPageLink overshoot)
  + published=952 (dup_subAwardReportId=0)  deleted=0
  + total subAwardAmount = $652.1M
  TOP: COBHAM ADVANCED ELECTRONIC SOLUTIONS INC=$82.5M; CAES SYSTEMS LLC=$69.0M; AMPHENOL CORPORATION=$49.9M; STELLANT SYSTEMS INC=$43.1M; AMPHENOL PRINTED CIRCUITS INC=$31.8M

[N0002410C5126] Raytheon: DDG 1002 MSE
    page  0:    0.1s      0 recs    running=    0/0
    totalRecords=0  totalPages=0
    stop: empty page (SAM nextPageLink overshoot)
    page  0:    0.1s      0 recs    running=    0/0
    totalRecords=0  totalPages=0
    stop: empty page (SAM nextPageLink overshoot)
  + published=0 (dup_subAwardReportId=0)  deleted=0
  + total subAwardAmount = $0.0M
  TOP: 

[N0002417C5145] Raytheon: DDG 1000 CLASS MSE/TSCE (RDT&E)(FY18)
    page  0:    0.2s    481 recs    running=  481/481
    totalRecords=481  totalPages=1
    stop: collected 481 >= totalRecords 481
    page  0:    0.1s      0 recs    running=    0/0
    totalRecords=0  totalPages=0
    stop: empty page (SAM nextPageLink overshoot)
  + published=481 (dup_subAwardReportId=0)  deleted=0
  + total subAwardAmount = $164.8M
  TOP: MOTOROLA SOLUTIONS, INC.=$19.9M; RELIABILITY & PERFORMANCE TECHNOLOGIES, =$13.7M; ONEX CORPORATION=$10.3M; DELL TECHNOLOGIES INC.=$10.3M; REAL-TIME INNOVATIONS, INC.=$9.0M

[N0002422C5522] Raytheon: DDG 1000 CLASS SYSTEMS ENGINEERING
    page  0:    0.2s    117 recs    running=  117/117
    totalRecords=117  totalPages=1
    stop: collected 117 >= totalRecords 117
    page  0:    0.2s      0 recs    running=    0/0
    totalRecords=0  totalPages=0
    stop: empty page (SAM nextPageLink overshoot)
  + published=117 (dup_subAwardReportId=0)  deleted=0
  + total subAwardAmount = $96.8M
  TOP: RED RIVER TECHNOLOGY LLC=$59.5M; CERBERUS CAPITAL MANAGEMENT, L.P=$11.0M; GOLDEN STAR TECHNOLOGY INC=$4.2M; GENERAL DYNAMICS MISSION SYSTEMS, INC.=$2.7M; INFINITE ELECTRONICS INTERNATIONAL, INC=$2.3M

[N0002415C5420] Raytheon: EMD FOR ESSM BLOCK 2
    page  0:    0.2s    492 recs    running=  492/492
    totalRecords=492  totalPages=1
    stop: collected 492 >= totalRecords 492
    page  0:    0.1s      0 recs    running=    0/0
    totalRecords=0  totalPages=0
    stop: empty page (SAM nextPageLink overshoot)
  + published=492 (dup_subAwardReportId=0)  deleted=0
  + total subAwardAmount = $243.8M
  TOP: L3HARRIS TECHNOLOGIES, INC.=$25.7M; HONEYWELL INTERNATIONAL INC.=$25.3M; L3 TECHNOLOGIES, INC.=$21.1M; AMPHENOL CORPORATION=$20.8M; THALES=$16.7M

[N0002413C5212] Raytheon: DDG 1000 - OPT YEAR 4
    page  0:    0.1s     63 recs    running=   63/63
    totalRecords=63  totalPages=1
    stop: collected 63 >= totalRecords 63
    page  0:    0.1s      0 recs    running=    0/0
    totalRecords=0  totalPages=0
    stop: empty page (SAM nextPageLink overshoot)
  + published=63 (dup_subAwardReportId=0)  deleted=0
  + total subAwardAmount = $12.5M
  TOP: LEIDOS HOLDINGS, INC.=$5.6M; ABACO SYSTEMS, INC.=$1.0M; EXTREME ENGINEERING SOLUTIONS, INC=$0.7M; SECHAN ELECTRONICS, INC.=$0.7M; REAL-TIME INNOVATIONS, INC.=$0.4M

[N0002424C5406] Raytheon: EXECUTE AND FUND THE FY25 CIWS PRODUCTION REQUIREMENTS
    page  0:    0.2s    226 recs    running=  226/226
    totalRecords=226  totalPages=1
    stop: collected 226 >= totalRecords 226
    page  0:    0.1s      0 recs    running=    0/0
    totalRecords=0  totalPages=0
    stop: empty page (SAM nextPageLink overshoot)
  + published=226 (dup_subAwardReportId=0)  deleted=0
  + total subAwardAmount = $169.9M
  TOP: ELEMENT SOLUTIONS INC=$115.1M; GE AVIATION SYSTEMS LLC=$8.3M; GENERAL DYNAMICS CORP=$5.1M; L3HARRIS TECHNOLOGIES, INC=$3.5M; HONEYWELL SAFETY PRODUCTS USA, INC.=$2.3M

[N0002418C5406] Raytheon: MK15 PHALANX BK 0 TO 1B BL 2 U&C
    page  0:    0.3s   1000 recs    running= 1000/3661
    totalRecords=3,661  totalPages=4
    page  1:    0.3s   1000 recs    running= 2000/3661
    page  2:    0.4s   1000 recs    running= 3000/3661
    page  3:    0.3s    661 recs    running= 3661/3661
    stop: collected 3661 >= totalRecords 3661
    page  0:    0.1s      0 recs    running=    0/0
    totalRecords=0  totalPages=0
    stop: empty page (SAM nextPageLink overshoot)
  + published=3661 (dup_subAwardReportId=0)  deleted=0
  + total subAwardAmount = $1,130.9M
  TOP: LEONARDO SPA=$141.0M; GENERAL DYNAMICS CORPORATION=$90.3M; HONEYWELL INTERNATIONAL INC.=$72.1M; L3HARRIS TECHNOLOGIES, INC.=$54.2M; DRS NETWORK & IMAGING SYSTEMS LLC=$35.7M

[N0002416C5433] Raytheon: ESSM DESIGN AGENT SUPPORT SERVICES
    page  0:    0.2s    104 recs    running=  104/104
    totalRecords=104  totalPages=1
    stop: collected 104 >= totalRecords 104
    page  0:    0.1s      0 recs    running=    0/0
    totalRecords=0  totalPages=0
    stop: empty page (SAM nextPageLink overshoot)
  + published=104 (dup_subAwardReportId=0)  deleted=0
  + total subAwardAmount = $58.7M
  TOP: HONEYWELL INTERNATIONAL INC.=$19.3M; NAMMO AS=$14.5M; L3HARRIS TECHNOLOGIES, INC.=$5.7M; L3 TECHNOLOGIES, INC.=$4.8M; BAE SYSTEMS PLC=$3.1M

[N0038319F0VP0] Raytheon: PERFORMANCE BASED LOGISTICS (PBL) SUPPORT OF THE CLOSE IN WEAPON SYSTE
    page  0:    0.1s     13 recs    running=   13/13
    totalRecords=13  totalPages=1
    stop: collected 13 >= totalRecords 13
    page  0:    0.1s      0 recs    running=    0/0
    totalRecords=0  totalPages=0
    stop: empty page (SAM nextPageLink overshoot)
  + published=13 (dup_subAwardReportId=0)  deleted=0
  + total subAwardAmount = $5.7M
  TOP: GENERAL DYNAMICS CORPORATION=$2.5M; LOURDES INDUSTRIES, INC.=$1.5M; RAM-SYSTEM GESELLSCHAFT MIT BESCHRANKTER=$0.8M; SEY TEC, INC.=$0.4M; AB SKF=$0.2M

[N0010418F0E40] Raytheon: DEFINITIZATION OF CIWS PBL CONTRACT.
    page  0:    0.1s      1 recs    running=    1/1
    totalRecords=1  totalPages=1
    stop: collected 1 >= totalRecords 1
    page  0:    0.1s      0 recs    running=    0/0
    totalRecords=0  totalPages=0
    stop: empty page (SAM nextPageLink overshoot)
  + published=1 (dup_subAwardReportId=0)  deleted=0
  + total subAwardAmount = $0.0M
  TOP: GENERAL ELECTRIC COMPANY=$0.0M

[N0002426C5434] Raytheon: ESSM CY26-30 DESIGN AGENT
    page  0:    0.1s      0 recs    running=    0/0
    totalRecords=0  totalPages=0
    stop: empty page (SAM nextPageLink overshoot)
    page  0:    0.1s      0 recs    running=    0/0
    totalRecords=0  totalPages=0
    stop: empty page (SAM nextPageLink overshoot)
  + published=0 (dup_subAwardReportId=0)  deleted=0
  + total subAwardAmount = $0.0M
  TOP: 

[N0038321F0ZM0] Raytheon: CIWS LONG TERM CONTRACT
    page  0:    0.1s     12 recs    running=   12/12
    totalRecords=12  totalPages=1
    stop: collected 12 >= totalRecords 12
    page  0:    0.1s      0 recs    running=    0/0
    totalRecords=0  totalPages=0
    stop: empty page (SAM nextPageLink overshoot)
  + published=12 (dup_subAwardReportId=0)  deleted=0
  + total subAwardAmount = $2.9M
  TOP: L3HARRIS TECHNOLOGIES, INC=$1.4M; COMMUNICATIONS & POWER INDUSTRIES LLC=$0.9M; SENIOR OPERATIONS LLC=$0.2M; ANAREN, INC.=$0.1M; GENERAL DYNAMICS MOTION CONTROL LLC=$0.1M

Done. Summary -> /Users/brendantoole/projects2/destroyer_outsourced_work/sam_subawards/_summary.json
