Top 150 vendors cover $11,254.5M of $13,836.7M = 81.3% of in-scope lifetime $
Calling SAM Entity API for 150 UEIs…

   10/150   ok=9  not_found=1
   20/150   ok=14  not_found=6
   30/150   ok=21  not_found=9
   40/150   ok=27  not_found=13
   50/150   ok=37  not_found=13
   60/150   ok=45  not_found=15
   70/150   ok=51  not_found=19
   80/150   ok=57  not_found=23
   90/150   ok=60  not_found=30
  100/150   ok=67  not_found=33
  110/150   ok=73  not_found=37
  120/150   ok=79  not_found=41
  130/150   ok=84  not_found=46
  140/150   ok=92  not_found=48
  150/150   ok=97  not_found=53

Wrote /Users/brendantoole/projects2/destroyer_outsourced_work/extracted/entity_naics_lookup.csv (150 rows)

Top 15 NAICS 4-digit buckets across the top-150 vendors:
  NAICS  vendors          $M  description
   3364        7     2,695.2  Aircraft Manufacturing 
   UNKN       53     2,283.1  
   3327        9     1,190.4  Machine Shops
   5511        6     1,142.6  Corporate, Subsidiary, and Regional Managing Offices 
   3344       12       579.0  Semiconductor and Related Device Manufacturing 
   3345        6       524.5  Search, Detection, Navigation, Guidance, Aeronautical, and N
   3369        2       501.1  Military Armored Vehicle, Tank, and Tank Component Manufactu
   5413        4       315.6  Engineering Services
   3341        4       290.7  Electronic Computer Manufacturing 
   3336        2       208.1  Speed Changer, Industrial High-Speed Drive, and Gear Manufac
   3329        6       204.6  All Other Miscellaneous Fabricated Metal Product Manufacturi
   3334        1       178.5  Air-Conditioning and Warm Air Heating Equipment and Commerci
   3342        3       128.8  Radio and Television Broadcasting and Wireless Communication
   3359        4       117.0  All Other Miscellaneous Electrical Equipment and Component M
   3339        5       107.9  Fluid Power Cylinder and Actuator Manufacturing 
