+ Discovered 87 candidate DDG PIIDs from FPDS raw

[M6785416C0006] BAE-Guns/VLS: INCORPORATE THE HEDGE LOCK RATE FOR FRP LOT 6B IN ACCORDANCE WITH 
    → gid=CONT_AWD_M6785416C0006_9700_-NONE-_-NONE- (contracts) recipient=BAE SYSTEMS LAND AND ARMAMENTS L.P. amount=$3743.4M
    + pulled 2058 subawards
    TOP SUBS: IVECO DEFENCE VEHICLES S.P.A.=$772.0M; PARKER-HANNIFIN CORPORATION=$178.4M; THE FLINCHBAUGH COMPANY, INC.=$53.4M; LANZEN, INCORPORATED=$47.7M; THE FIRST ELECTRONICS CORPORATION=$39.6M

[N0002411C4408] BAE-Guns/VLS: C450 - DDG CLASS SHIPS AWARD FEE PAYMENT 12
    → gid=CONT_AWD_N0002411C4408_9700_-NONE-_-NONE- (contracts) recipient=BAE SYSTEMS MARITIME SOLUTIONS SAN DIEGO INC. amount=$875.7M
    + pulled 2065 subawards
    TOP SUBS: HII SAN DIEGO SHIPYARD INC.=$82.3M; NATIONAL STEEL AND SHIPBUILDING COMPANY=$67.0M; SOUTHCOAST WELDING & MANUFACTURING, LLC.=$17.2M; NAVAL COATING, INC.=$10.1M; SERCO INC=$8.7M

[N0002420C5380] BAE-Guns/VLS: MK 25 MOD 1 CANISTERS W/ PHS&T
    → gid=CONT_AWD_N0002420C5380_9700_-NONE-_-NONE- (contracts) recipient=BAE SYSTEMS LAND & ARMAMENTS L.P. amount=$589.0M
    + pulled 956 subawards
    TOP SUBS: DUCOMMUN LABARGE TECHNOLOGIES, INC.=$37.4M; ADVANCED INDUSTRIES, LLC=$28.9M; APPLIED COMPOSITE STRUCTURES, INC.=$28.1M; HUTCHINSON AEROSPACE & INDUSTRY, INC.=$19.4M; FUTURAMIC TOOL & ENGINEERING CO=$17.9M

[N0002413C5314] BAE-Guns/VLS: MK-21 MOD 3 CANISTERS
    → gid=CONT_AWD_N0002413C5314_9700_-NONE-_-NONE- (contracts) recipient=BAE SYSTEMS LAND & ARMAMENTS L.P. amount=$329.8M
    + pulled 607 subawards
    TOP SUBS: HUTCHINSON AEROSPACE & INDUSTRY, INC.=$26.1M; ADVANCED INDUSTRIES, LLC=$24.1M; PRODUCTION ENGINEERING CORPORATION=$12.0M; APPLIED COMPOSITE STRUCTURES, INC.=$9.0M; TAYLOR DEVICES INC=$8.7M

[N0017419C0004] BAE-Guns/VLS: MK45 PRODUCTION CONTRACT
    → gid=CONT_AWD_N0017419C0004_9700_-NONE-_-NONE- (contracts) recipient=BAE SYSTEMS LAND & ARMAMENTS L.P. amount=$247.7M
    + pulled 314 subawards
    TOP SUBS: RHINESTAHL CORPORATION=$2.7M; FUTURAMIC TOOL & ENGINEERING CO=$2.3M; RANOR INC.=$2.1M; ELECTROMECH TECHNOLOGIES LLC=$1.6M; PRODUCTION ENGINEERING CORPORATION=$1.2M

[N0002420C4468] BAE-Guns/VLS: OPTION MULTIPLE WIS TYCOM USS WINSTON CHURCHILL (DDG 81) TPPC DDG 
    → gid=CONT_AWD_N0002420C4468_9700_-NONE-_-NONE- (contracts) recipient=BAE SYSTEMS JACKSONVILLE SHIP REPAIR LLC amount=$208.6M
    + pulled 180 subawards
    TOP SUBS: ADVANCED MARINE PRESERVATION LLC=$13.0M; EAST COAST REPAIR & FABRICATION, LLC=$2.3M; L3 TECHNOLOGIES, INC.=$2.2M; SURFACE TECHNOLOGIES CORPORATION=$1.4M; CENTRAL RADIO COMPANY, INC.=$1.1M

[N0002415C4103] BAE-Guns/VLS: SSN 804 MATERIAL
    → gid=CONT_AWD_N0002415C4103_9700_-NONE-_-NONE- (contracts) recipient=BAE SYSTEMS LAND & ARMAMENTS L.P. amount=$205.8M
    + pulled 156 subawards
    TOP SUBS: THE AMERICAN TANK & FABRICATING COMPANY=$37.4M; SCOT FORGE COMPANY=$9.9M; GOODRICH CORPORATION=$5.4M; B&G MANUFACTURING CO INC=$3.8M; RANOR INC.=$1.9M

[N0017415C0009] BAE-Guns/VLS: DE-OB SM 119 ULO UNDER CLIN 0022
    → gid=CONT_AWD_N0017415C0009_9700_-NONE-_-NONE- (contracts) recipient=BAE SYSTEMS LAND & ARMAMENTS L.P. amount=$204.0M
    + pulled 285 subawards
    TOP SUBS: FUTURAMIC TOOL & ENGINEERING CO=$3.0M; PRODUCTION ENGINEERING CORPORATION=$2.0M; CDR MANUFACTURING, INC.=$1.9M; WULCO INC=$1.9M; ELECTROMECH TECHNOLOGIES LLC=$1.5M

[N0002412C5311] BAE-Guns/VLS: FPI FINAL PRICE REVISION
    → gid=CONT_AWD_N0002412C5311_9700_-NONE-_-NONE- (contracts) recipient=BAE SYSTEMS LAND & ARMAMENTS L.P. amount=$203.0M
    + pulled 288 subawards
    TOP SUBS: GENERAL DYNAMICS ORDNANCE & TACTICAL SYS=$26.0M; DUCOMMUN LABARGE TECHNOLOGIES, INC.=$9.2M; INERTIA DYNAMICS LLC=$2.3M; SCOT FORGE COMPANY=$2.2M; EXCEL GEAR, INC.=$2.2M

[N0002413C5325] BAE-Guns/VLS: COST TO SUPPORT ITEM 0209AB
    → gid=CONT_AWD_N0002413C5325_9700_-NONE-_-NONE- (contracts) recipient=BAE SYSTEMS LAND & ARMAMENTS L.P. amount=$176.3M
    + pulled 308 subawards
    TOP SUBS: APPLIED COMPOSITE STRUCTURES, INC.=$11.5M; HUTCHINSON MANUFACTURING, INC.=$2.9M; CARTRIDGE ACTUATED DEVICES INC=$1.9M; DUCOMMUN LABARGE TECHNOLOGIES, INC.=$1.9M; LAUREL TECHNOLOGIES PARTNERSHIP=$1.7M

[N0002421C5393] BAE-Guns/VLS: MATERIAL TO SUPPORT ITEM 1404
    → gid=CONT_AWD_N0002421C5393_9700_-NONE-_-NONE- (contracts) recipient=BAE SYSTEMS LAND & ARMAMENTS L.P. amount=$158.9M
    + pulled 72 subawards
    TOP SUBS: FUTURAMIC TOOL & ENGINEERING CO=$5.3M; APPLIED COMPOSITE STRUCTURES, INC.=$2.6M; CARTRIDGE ACTUATED DEVICES INC=$2.0M; APPLIED COMPANIES=$1.5M; WALZ & KRENZER INC=$0.6M

[N0002424C5324] BAE-Guns/VLS: MK 21 MOD 4 CANISTERS WITH PHS&T
    → gid=CONT_AWD_N0002424C5324_9700_-NONE-_-NONE- (contracts) recipient=BAE SYSTEMS LAND & ARMAMENTS L.P. amount=$147.0M
    + pulled 157 subawards
    TOP SUBS: ADVANCED INDUSTRIES, LLC=$15.0M; TAYLOR DEVICES INC=$5.3M; HUTCHINSON AEROSPACE & INDUSTRY, INC.=$4.4M; PARKER-HANNIFIN CORPORATION=$3.3M; M & S MACHINING INC=$3.2M

[N0002420C4400] BAE-Guns/VLS: C440A BAE EXECUTION CONTRACTS TEAM
USS PREBLE DDG 88
FY20 DMP
UNIL
    → gid=CONT_AWD_N0002420C4400_9700_-NONE-_-NONE- (contracts) recipient=BAE SYSTEMS MARITIME SOLUTIONS SAN DIEGO INC. amount=$130.8M
    + pulled 141 subawards
    TOP SUBS: YYK ENTERPRISES OPERATIONS, LLC=$7.7M; AMP UNITED LLC=$4.1M; SOUTH BAY SAND BLASTING AND TANK CLEANIN=$2.3M; EAST COAST REPAIR & FABRICATION, LLC=$2.1M; L3HARRIS MARITIME SERVICES INC=$1.5M

[N0002422C4485] BAE-Guns/VLS: CODE 440A CNO EXECUTION CONTRACTS
USS MUSTIN DDG 89 FY22 DMP 
BILA
    → gid=CONT_AWD_N0002422C4485_9700_-NONE-_-NONE- (contracts) recipient=BAE SYSTEMS MARITIME SOLUTIONS SAN DIEGO INC. amount=$114.7M
    + pulled 273 subawards
    TOP SUBS: PREMIER SCAFFOLD, INC.=$0.9M; RIX INDUSTRIES=$0.9M; OCKERMAN AUTOMATION CONSULTING INC=$0.9M; SOUTH BAY SAND BLASTING AND TANK CLEANIN=$0.9M; AMP UNITED LLC=$0.8M

[N0002420C5300] BAE-Guns/VLS: 57MM MK 110 MOD 0 GUN MOUNT
    → gid=CONT_AWD_N0002420C5300_9700_-NONE-_-NONE- (contracts) recipient=BAE SYSTEMS LAND & ARMAMENTS L.P. amount=$110.0M
    + pulled 9 subawards
    TOP SUBS: VERMILLION INCORPORATED=$0.3M; HONEYWELL INTERNATIONAL INC.=$0.2M; FUTURAMIC TOOL & ENGINEERING CO=$0.0M; RHINESTAHL CORPORATION=$0.0M

[N0002423C2307] HII-Ingalls: CONSTRUCTION OF DDG 51 SHIP
    → gid=CONT_AWD_N0002423C2307_9700_-NONE-_-NONE- (contracts) recipient=HUNTINGTON INGALLS INCORPORATED amount=$6948.2M
    + pulled 382 subawards
    TOP SUBS: GENERAL ELECTRIC COMPANY=$130.7M; TIMKEN GEARS & SERVICES INC.=$81.5M; JOHNSON CONTROLS NAVY SYSTEMS, LLC=$74.2M; DRS NAVAL POWER SYSTEMS INC=$54.6M; NORTHROP GRUMMAN SYSTEMS CORPORATION=$43.9M

[N0002418C2307] HII-Ingalls: CONSTRUCT FIRM HHIP FY18 DDG 51 CLASS GUIDED MISSILE DESTROYER DDG1
    → gid=CONT_AWD_N0002418C2307_9700_-NONE-_-NONE- (contracts) recipient=HUNTINGTON INGALLS INCORPORATED amount=$6826.6M
    + pulled 2303 subawards
    TOP SUBS: ROLLS-ROYCE MARINE NORTH AMERICA INC.=$214.0M; YORK INTERNATIONAL CORPORATION=$106.7M; GENERAL ELECTRIC COMPANY=$65.9M; NORTHROP GRUMMAN SYSTEMS CORPORATION=$52.9M; L3HARRIS MARITIME POWER & ENERGY SOLUTIO=$47.8M

[N0002413C2307] HII-Ingalls: CONSTRUCT FY17 DDG 51 CLASS GUIDED MISSILE DESTROYER (DDG 125)
    → gid=CONT_AWD_N0002413C2307_9700_-NONE-_-NONE- (contracts) recipient=HUNTINGTON INGALLS INCORPORATED amount=$3345.8M
    + pulled 2292 subawards
    TOP SUBS: ROLLS-ROYCE MARINE NORTH AMERICA INC.=$166.8M; SOCAIL, LDA=$151.2M; YORK INTERNATIONAL CORPORATION=$84.1M; L3HARRIS MARITIME POWER & ENERGY SOLUTIO=$43.0M; ERIE FORGE & STEEL INC=$35.6M

[N0002402C2304] HII-Ingalls: CONSTRUCTION OF FY02 ARLEIGH BURKE GUIDED MISSILE DESTROYER
    → gid=CONT_AWD_N0002402C2304_9700_-NONE-_-NONE- (contracts) recipient=HUNTINGTON INGALLS INCORPORATED amount=$2232.1M
    + pulled 0 subawards
    TOP SUBS: 

[N0002411C2309] HII-Ingalls: CONSTRUCT FY10 DDG 51 CLASS
    → gid=CONT_AWD_N0002411C2309_9700_-NONE-_-NONE- (contracts) recipient=HUNTINGTON INGALLS INCORPORATED amount=$794.2M
    + pulled 226 subawards
    TOP SUBS: MARTIN ENERGY SERVICES, LLC=$2.6M; US JOINER LLC=$2.6M; BAE SYSTEMS MARITIME SOLUTIONS SAN DIEGO=$2.0M; THE HILLER COMPANIES, LLC=$1.6M; INDUSTRIAL CORROSION CONTROL INC=$1.5M

[N0002411C2307] HII-Ingalls: CONSTRUCT FY11 DDG 51 CLASS GUIDED MISSILE DESTROYER DDG 114
DEOBLI
    → gid=CONT_AWD_N0002411C2307_9700_-NONE-_-NONE- (contracts) recipient=HUNTINGTON INGALLS INCORPORATED amount=$701.5M
    + pulled 255 subawards
    TOP SUBS: PACIFIC SHIP REPAIR & FABRICATION, INC.=$2.5M; US JOINER LLC=$2.4M; MARTIN ENERGY SERVICES, LLC=$2.4M; ROLLS-ROYCE MARINE NORTH AMERICA INC.=$1.5M; THE HILLER COMPANIES, LLC=$1.4M

[N0002423C2324] HII-Ingalls: DDG 1000 BYMP INCREMENTAL FUNDING
    → gid=CONT_AWD_N0002423C2324_9700_-NONE-_-NONE- (contracts) recipient=HUNTINGTON INGALLS INCORPORATED amount=$320.8M
    + pulled 178 subawards
    TOP SUBS: AIR MASTERS MECHANICAL INC=$6.6M; HII FLEET SUPPORT GROUP LLC=$5.6M; DRS NAVAL POWER SYSTEMS INC=$5.1M; OFFSHORE INLAND MARINE & OILFIELD SERVIC=$4.8M; ABC APPLICATORS INC=$4.2M

[N0002422C2300] HII-Ingalls: DDG 1002 CSA EXECUTION LETTER
    → gid=CONT_AWD_N0002422C2300_9700_-NONE-_-NONE- (contracts) recipient=HUNTINGTON INGALLS INCORPORATED amount=$305.6M
    + pulled 91 subawards
    TOP SUBS: NAVAL ENGINEERING SUPPORT INC=$7.6M; DRS NAVAL POWER SYSTEMS INC=$2.9M; TECNICO CORPORATION=$1.7M; US, INC.=$1.5M; SOUTHCOAST WELDING & MANUFACTURING, LLC.=$1.2M

[N0002412C2312] HII-Ingalls: FLIGHT III DESIGN
    → gid=CONT_AWD_N0002412C2312_9700_-NONE-_-NONE- (contracts) recipient=HUNTINGTON INGALLS INCORPORATED amount=$129.8M
    + pulled 9 subawards
    TOP SUBS: BEN M. RADCLIFF CONTRACTOR, INC.=$4.0M; CARDINAL ENGINEERING, LLC=$1.1M; BURK-KLEINPETER, INC.=$0.8M; TC/AMERICAN MONORAIL, INC.=$0.4M; HUNTINGTON INGALLS INC=$0.4M

[N0002423C2305] GD-BIW: CONSTRUCTION OF DDG 51 SHIP
    → gid=CONT_AWD_N0002423C2305_9700_-NONE-_-NONE- (contracts) recipient=BATH IRON WORKS CORPORATION amount=$5027.5M
    + pulled 0 subawards
    TOP SUBS: 

[N0002418C2305] GD-BIW: CONSTRUCTION OF DDG 51 SHIP
WF-3753 (FMR-12243N)
FMR-12182MNO DEFIN
    → gid=CONT_AWD_N0002418C2305_9700_-NONE-_-NONE- (contracts) recipient=BATH IRON WORKS CORPORATION amount=$5338.2M
    + pulled 26 subawards
    TOP SUBS: JOHNSON CONTROLS NAVY SYSTEMS, LLC=$24.6M; ART CRAFT FABRICATORS INC=$11.6M; ESPEY MFG AND ELECTRONICS CORP=$3.4M; THE MONROE CABLE COMPANY, INC.=$3.3M; PACIFIC SHIPYARDS INTERNATIONAL, LLC=$2.9M

[N0002413C2305] GD-BIW: CONSTRUCTION OF DDG 51 SHIP
FMR-12161M DEFIN
FMR-12182MNO DEFIN
    → gid=CONT_AWD_N0002413C2305_9700_-NONE-_-NONE- (contracts) recipient=BATH IRON WORKS CORPORATION amount=$4929.2M
    + pulled 98 subawards
    TOP SUBS: ROLLS-ROYCE MARINE NORTH AMERICA INC.=$2.7M; RAPID DEPLOYABLE SYSTEMS, INC.=$0.4M; HOWDEN AMERICAN FAN COMPANY=$0.4M; RFD BEAUFORT INC.=$0.4M; GENERAL TOOL COMPANY=$0.3M

[N0002402C2303] GD-BIW: CONTRACT CLOSEOUT
    → gid=CONT_AWD_N0002402C2303_9700_-NONE-_-NONE- (contracts) recipient=BATH IRON WORKS CORPORATION amount=$3405.7M
    + pulled 0 subawards
    TOP SUBS: 

[N0002406C2303] GD-BIW: CONSTRUCTION
    → gid=CONT_AWD_N0002406C2303_9700_-NONE-_-NONE- (contracts) recipient=BATH IRON WORKS CORPORATION amount=$3310.0M
    + pulled 0 subawards
    TOP SUBS: 

[N0002411C2306] GD-BIW: FUNDING REALLOCATION DUE TO CANCELLATION
    → gid=CONT_AWD_N0002411C2306_9700_-NONE-_-NONE- (contracts) recipient=BATH IRON WORKS CORPORATION amount=$2551.8M
    + pulled 0 subawards
    TOP SUBS: 

[N0002411C2305] GD-BIW: CONSTRUCT FY11 DDG 51 CLASS GUIDED FMR 11622L
    → gid=CONT_AWD_N0002411C2305_9700_-NONE-_-NONE- (contracts) recipient=BATH IRON WORKS CORPORATION amount=$1403.3M
    + pulled 0 subawards
    TOP SUBS: 

[N0002419C4452] GD-BIW: PROVISIONED ITEMS ORDERS (PIO)
    → gid=CONT_AWD_N0002419C4452_9700_-NONE-_-NONE- (contracts) recipient=BATH IRON WORKS CORPORATION amount=$778.6M
    + pulled 152 subawards
    TOP SUBS: LAKE SHORE SYSTEMS, INC.=$7.7M; HOWDEN AMERICAN FAN COMPANY=$2.7M; RIX INDUSTRIES=$1.7M; KATO ENGINEERING INC.=$1.3M; JO-KELL INC.=$1.3M

[N0002412C4311] GD-BIW: SHIP ALTERATION WORK - SEVERABLE
    → gid=CONT_AWD_N0002412C4311_9700_-NONE-_-NONE- (contracts) recipient=BATH IRON WORKS CORPORATION amount=$662.4M
    + pulled 0 subawards
    TOP SUBS: 

[N0002409C2302] GD-BIW: DIACAP SETTLEMENT
    → gid=CONT_AWD_N0002409C2302_9700_-NONE-_-NONE- (contracts) recipient=BATH IRON WORKS CORPORATION amount=$624.7M
    + pulled 0 subawards
    TOP SUBS: 

[N0002418C2313] GD-BIW: CLASS CHANGES DESIGN SERVICES
    → gid=CONT_AWD_N0002418C2313_9700_-NONE-_-NONE- (contracts) recipient=BATH IRON WORKS CORPORATION amount=$302.9M
    + pulled 0 subawards
    TOP SUBS: 

[N0002419C2322] GD-BIW: ORDERS: WR22-029
    → gid=CONT_AWD_N0002419C2322_9700_-NONE-_-NONE- (contracts) recipient=BATH IRON WORKS CORPORATION amount=$286.8M
    + pulled 119 subawards
    TOP SUBS: DRS NAVAL POWER SYSTEMS INC=$3.6M; PROPULSION CONTROLS ENGINEERING=$2.7M; FAIRMOUNT AUTOMATION, INC=$2.7M; GE ENERGY POWER CONVERSION USA INC.=$2.4M; LAKE SHORE SYSTEMS, INC.=$2.3M

[N0002412C2313] GD-BIW: FLIGHT III DESIGN
    → gid=CONT_AWD_N0002412C2313_9700_-NONE-_-NONE- (contracts) recipient=BATH IRON WORKS CORPORATION amount=$230.8M
    + pulled 0 subawards
    TOP SUBS: 

[N0002414C4313] GD-BIW: PIO AND OTHER MATERIAL. DE-OBLIGATE EXCESS FUNDS ON VARIOUS CLINS.
    → gid=CONT_AWD_N0002414C4313_9700_-NONE-_-NONE- (contracts) recipient=BATH IRON WORKS CORPORATION amount=$158.7M
    + pulled 78 subawards
    TOP SUBS: ROLLS-ROYCE MARINE NORTH AMERICA INC.=$20.8M; DEFENSE MARITIME SOLUTIONS, INC.=$19.7M; ROLLS-ROYCE SOLUTIONS AMERICA INC=$15.8M; AIRBUS US SPACE & DEFENSE INC=$6.5M; JOHNSON CONTROLS NAVY SYSTEMS, LLC=$1.9M

[N0002403C2306] GD-BIW: CONTRACT CLOSEOUT
    → gid=CONT_AWD_N0002403C2306_9700_-NONE-_-NONE- (contracts) recipient=BATH IRON WORKS CORPORATION amount=$140.5M
    + pulled 0 subawards
    TOP SUBS: 

[N0002418C4451] GD-BIW: SHIP ALTERATION WORK - SEVERABLE
    → gid=CONT_AWD_N0002418C4451_9700_-NONE-_-NONE- (contracts) recipient=BATH IRON WORKS CORPORATION amount=$99.4M
    + pulled 0 subawards
    TOP SUBS: 

[N0002424C2313] GD-BIW: DDG 51 CLASS LEAD YARD SUPPORT
    → gid=CONT_AWD_N0002424C2313_9700_-NONE-_-NONE- (contracts) recipient=BATH IRON WORKS CORPORATION amount=$185.7M
    + pulled 0 subawards
    TOP SUBS: 

[N0002420C5605] DRS: ESTABLISH AND FUND SLINS
    → gid=CONT_AWD_N0002420C5605_9700_-NONE-_-NONE- (contracts) recipient=LAUREL TECHNOLOGIES PARTNERSHIP amount=$246.8M
    + pulled 245 subawards
    TOP SUBS: SCIOTEQ LLC=$29.4M; AYON CYBERSECURITY, INC.=$16.8M; ARROW ELECTRONICS, INC.=$16.7M; GENERAL MICRO SYSTEMS, INC=$13.5M; GERMANE SYSTEMS, LC=$8.4M

[N0002415C5228] DRS: AN/USG-3B SYSTEM
    → gid=CONT_AWD_N0002415C5228_9700_-NONE-_-NONE- (contracts) recipient=LAUREL TECHNOLOGIES PARTNERSHIP amount=$120.4M
    + pulled 183 subawards
    TOP SUBS: FISICA APPLIED TECHNOLOGIES, INC.=$7.5M; ELECTRO IMPULSE LABORATORY INC=$3.1M; MICROSEMI FREQUENCY AND TIME CORP=$2.6M; SURE POWER, INC=$2.4M; SMITHS INTERCONNECT INC=$2.3M

[N0002417C4109] DRS: J8 ORDER
    → gid=CONT_AWD_N0002417C4109_9700_-NONE-_-NONE- (contracts) recipient=LAUREL TECHNOLOGIES PARTNERSHIP amount=$116.3M
    + pulled 233 subawards
    TOP SUBS: SIEMENS INDUSTRY, INC.=$8.6M; MTK ELECTRONICS INC=$4.0M; COMPUTER CONVERSIONS CORPORATION=$2.1M; TTM PRINTED CIRCUIT GROUP, INC.=$2.1M; TTM TECHNOLOGIES, INC.=$1.7M

[N6523615C1007] DRS: CHANGE OF ADMIN CODE
    → gid=CONT_AWD_N6523615C1007_9700_-NONE-_-NONE- (contracts) recipient=DRS SYSTEMS, INC amount=$76.2M
    + pulled 0 subawards
    TOP SUBS: 

[N0025324F0016] DRS: USN TI-24 PRODUCTION, SURGE & SPARES
    → gid=CONT_AWD_N0025324F0016_9700_N0025319D0004_9700 (contracts) recipient=LAUREL TECHNOLOGIES PARTNERSHIP amount=$54.1M
    + pulled 91 subawards
    TOP SUBS: NCS TECHNOLOGIES INC=$6.0M; ARROW ELECTRONICS, INC.=$4.7M; FCN, INC.=$4.5M; SCIOTEQ LLC=$3.5M; ROTRON INCORPORATED=$2.5M

[N0002422C5500] Raytheon: DDG FLT III (AN/SPY-6(V)1)
    → gid=CONT_AWD_N0002422C5500_9700_-NONE-_-NONE- (contracts) recipient=RAYTHEON COMPANY amount=$3265.8M
    + pulled 919 subawards
    TOP SUBS: GENERAL DYNAMICS MISSION SYSTEMS, INC.=$362.5M; CAES SYSTEMS LLC=$173.3M; NORTHROP GRUMMAN SYSTEMS CORPORATION=$151.2M; GOLDEN STAR TECHNOLOGY INC=$85.9M; ANAREN, INC.=$60.6M

[N0002414C5315] Raytheon: AMDR EMD (BASE)
    → gid=CONT_AWD_N0002414C5315_9700_-NONE-_-NONE- (contracts) recipient=RAYTHEON COMPANY amount=$1671.3M
    + pulled 0 subawards
    TOP SUBS: 

[N0002421C5408] Raytheon: ESSM BLK 2 FY21-23 PART 2 SPARES
    → gid=CONT_AWD_N0002421C5408_9700_-NONE-_-NONE- (contracts) recipient=RAYTHEON COMPANY amount=$1398.7M
    + pulled 926 subawards
    TOP SUBS: CAES SYSTEMS LLC=$170.4M; AMPHENOL PRINTED CIRCUITS INC=$67.1M; STELLANT SYSTEMS INC=$48.7M; RANTEC MICROWAVE SYSTEMS, INC.=$33.7M; PORT ELECTRONICS CORPORATION=$33.3M

[N0002410C5126] Raytheon: DDG 1002 MSE
    → gid=CONT_AWD_N0002410C5126_9700_-NONE-_-NONE- (contracts) recipient=RAYTHEON COMPANY amount=$1341.5M
    + pulled 0 subawards
    TOP SUBS: 

[N0002417C5145] Raytheon: DDG 1000 CLASS MSE/TSCE (RDT&E)(FY18)
    → gid=CONT_AWD_N0002417C5145_9700_-NONE-_-NONE- (contracts) recipient=RAYTHEON COMPANY amount=$790.3M
    + pulled 482 subawards
    TOP SUBS: MOTOROLA SOLUTIONS, INC.=$19.9M; DELL MARKETING L.P.=$17.2M; ATRENNE COMPUTING SOLUTIONS, LLC=$14.5M; RELIABILITY & PERFORMANCE TECHNOLOGIES, =$13.7M; SIRIUS FEDERAL LLC=$12.2M

[N0002422C5522] Raytheon: DDG 1000 CLASS SYSTEMS ENGINEERING
    → gid=CONT_AWD_N0002422C5522_9700_-NONE-_-NONE- (contracts) recipient=RAYTHEON COMPANY amount=$571.2M
    + pulled 94 subawards
    TOP SUBS: RED RIVER TECHNOLOGY LLC=$62.1M; GOLDEN STAR TECHNOLOGY INC=$3.2M; INFINITE ELECTRONICS INTERNATIONAL, INC=$2.9M; GENERAL DYNAMICS MISSION SYSTEMS, INC.=$2.7M; ELECTRONIC SALES OF NEW ENGLAND, LLC=$2.1M

[N0002415C5420] Raytheon: EMD FOR ESSM BLOCK 2
    → gid=CONT_AWD_N0002415C5420_9700_-NONE-_-NONE- (contracts) recipient=RAYTHEON COMPANY amount=$533.3M
    + pulled 902 subawards
    TOP SUBS: THALES NEDERLAND B.V.=$4300.0M; ROKETSAN ROKET SANAYI VE TICARET ANONIM =$111.3M; RAM-SYSTEM GMBH=$110.4M; CAES SYSTEMS LLC=$69.0M; EMS DEFENSE TECHNOLOGIES INC=$52.5M

[N0002413C5212] Raytheon: DDG 1000 - OPT YEAR 4
    → gid=CONT_AWD_N0002413C5212_9700_-NONE-_-NONE- (contracts) recipient=RAYTHEON COMPANY amount=$379.9M
    + pulled 63 subawards
    TOP SUBS: LEIDOS, INC.=$5.6M; ABACO SYSTEMS, INC.=$1.0M; EXTREME ENGINEERING SOLUTIONS, INC.=$0.7M; SECHAN ELECTRONICS INC=$0.7M; REAL-TIME INNOVATIONS, INC.=$0.4M

[N0002424C5406] Raytheon: EXECUTE AND FUND THE FY25 CIWS PRODUCTION REQUIREMENTS
    → gid=CONT_AWD_N0002424C5406_9700_-NONE-_-NONE- (contracts) recipient=RAYTHEON COMPANY amount=$377.1M
    + pulled 98 subawards
    TOP SUBS: MACDERMID ENTHONE INC.=$103.0M; GE AVIATION SYSTEMS LLC=$8.3M; L3HARRIS CINCINNATI ELECTRONICS CORPORAT=$3.0M; MCNALLY INDUSTRIES, LLC=$2.0M; DUCOMMUN LABARGE TECHNOLOGIES, INC.=$1.5M

[N0002418C5406] Raytheon: MK15 PHALANX BK 0 TO 1B BL 2 U&C
    → gid=CONT_AWD_N0002418C5406_9700_-NONE-_-NONE- (contracts) recipient=RAYTHEON COMPANY amount=$482.2M
    + pulled 2500 subawards
    TOP SUBS: DRS NETWORK & IMAGING SYSTEMS LLC=$176.5M; GENERAL DYNAMICS-OTS, INC.=$77.2M; HONEYWELL INTERNATIONAL INC.=$68.0M; L3 TECHNOLOGIES, INC.=$50.7M; DUCOMMUN LABARGE TECHNOLOGIES, INC.=$40.2M

[N0002416C5433] Raytheon: ESSM DESIGN AGENT SUPPORT SERVICES
    → gid=CONT_AWD_N0002416C5433_9700_-NONE-_-NONE- (contracts) recipient=RAYTHEON COMPANY amount=$187.0M
    + pulled 127 subawards
    TOP SUBS: HONEYWELL LIMITED=$19.5M; NAMMO RAUFOSS AS=$18.3M; L3HARRIS FUZING AND ORDNANCE SYSTEMS, IN=$11.9M; RAM-SYSTEM GMBH=$6.6M; BAE SYSTEMS AUSTRALIA LIMITED=$3.8M

[N0038319F0VP0] Raytheon: PERFORMANCE BASED LOGISTICS (PBL) SUPPORT OF THE CLOSE IN WEAPON SYSTE
    → gid=CONT_AWD_N0038319F0VP0_9700_N0038319DVP01_9700 (contracts) recipient=RAYTHEON COMPANY amount=$184.9M
    + pulled 13 subawards
    TOP SUBS: GENERAL DYNAMICS MISSION SYSTEMS, INC.=$1.6M; LOURDES INDUSTRIES, INC.=$1.5M; GENERAL DYNAMICS MOTION CONTROL LLC=$0.9M; RAM-SYSTEM GMBH=$0.8M; SEY TEC, INC.=$0.4M

[N0010418F0E40] Raytheon: DEFINITIZATION OF CIWS PBL CONTRACT.
    → gid=CONT_AWD_N0010418F0E40_9700_N0010411DZD43_9700 (contracts) recipient=RAYTHEON COMPANY amount=$79.5M
    + pulled 1 subawards
    TOP SUBS: GE AVIATION SYSTEMS LLC=$0.0M

[N0002426C5434] Raytheon: ESSM CY26-30 DESIGN AGENT
    → gid=CONT_AWD_N0002426C5434_9700_-NONE-_-NONE- (contracts) recipient=RAYTHEON COMPANY amount=$67.1M
    + pulled 0 subawards
    TOP SUBS: 

[N0038321F0ZM0] Raytheon: CIWS LONG TERM CONTRACT
    → gid=CONT_AWD_N0038321F0ZM0_9700_N0038321DZM01_9700 (contracts) recipient=RAYTHEON COMPANY amount=$62.6M
    + pulled 8 subawards
    TOP SUBS: L3HARRIS CINCINNATI ELECTRONICS CORPORAT=$1.4M; COMMUNICATIONS & POWER INDUSTRIES LLC=$0.9M; ANAREN, INC.=$0.1M; TRIO MANUFACTURING INC=$0.0M; KOLLMORGEN CORP=$0.0M

[N0001911C0045] GE-Propulsion: ATTACH CSDR PLAN FOR LOT 19 (FY15)
    → gid=CONT_AWD_N0001911C0045_9700_-NONE-_-NONE- (contracts) recipient=GENERAL ELECTRIC COMPANY amount=$1221.0M
    + pulled 1 subawards
    TOP SUBS: PARKERHANNIFIN CORP=$0.0M

[N0001918C1061] GE-Propulsion: THE PURPOSE OF THIS NO COST MODIFICATION IS TO EXTEND THE DELIVER
    → gid=CONT_AWD_N0001918C1061_9700_-NONE-_-NONE- (contracts) recipient=GENERAL ELECTRIC COMPANY amount=$833.8M
    + pulled 85 subawards
    TOP SUBS: PCC AIRFOILS LLC=$4.9M; PARKER-HANNIFIN CORPORATION=$4.7M; PARKERHANNIFIN CORP=$3.0M; BAE SYSTEMS CONTROLS INC=$2.6M; B & F MACHINE CO., INC.=$1.9M

[N0001917C0047] GE-Propulsion: THE PURPOSE OF THIS NO COST MODIFICATION IS TO REMOVE NMCI GOVERN
    → gid=CONT_AWD_N0001917C0047_9700_-NONE-_-NONE- (contracts) recipient=GENERAL ELECTRIC COMPANY amount=$698.8M
    + pulled 0 subawards
    TOP SUBS: 

[N0001924C0019] GE-Propulsion: THE PURPOSE OF THIS MODIFICATION IS TO FUND LOT 11 AAC
    → gid=CONT_AWD_N0001924C0019_9700_-NONE-_-NONE- (contracts) recipient=GENERAL ELECTRIC COMPANY amount=$603.0M
    + pulled 1 subawards
    TOP SUBS: STEEL TOOL & ENGINEERING CO=$0.4M

[N0001913C0132] GE-Propulsion: THE PURPOSE OF THIS MODIFICATION IS TO REMOVE DFAR 252.223-7008 P
    → gid=CONT_AWD_N0001913C0132_9700_-NONE-_-NONE- (contracts) recipient=GENERAL ELECTRIC COMPANY amount=$157.5M
    + pulled 3 subawards
    TOP SUBS: FERGUSON ENTERPRISES LLC=$0.1M; A F C TOOL CO., INC.=$0.0M; CTEK TOOL & MACHINE CO INC=$0.0M

[N0001923C0013] GE-Propulsion: THE PURPOSE OF THIS MODIFICATION IS TO INCORPORATE RFV-24-MV-MB-0
    → gid=CONT_AWD_N0001923C0013_9700_-NONE-_-NONE- (contracts) recipient=GENERAL ELECTRIC COMPANY amount=$673.1M
    + pulled 18 subawards
    TOP SUBS: STEEL TOOL & ENGINEERING CO=$1.6M; SCHAEFFLER AEROSPACE CANADA INC=$0.6M; AMETEK INC=$0.3M; DAYTON T. BROWN, INC.=$0.2M; FORKARDT INC.=$0.2M

[N0001921F0120] GE-Propulsion: PURPOSE IS TO REPLAN AND REVISE DELIVERY SCHEDULE FOR CLIN 0001.
    → gid=CONT_AWD_N0001921F0120_9700_N0001921D0003_9700 (contracts) recipient=GENERAL ELECTRIC COMPANY amount=$134.5M
    + pulled 1 subawards
    TOP SUBS: WYMAN-GORDON FORGINGS INC=$0.1M

[N0001923F0642] GE-Propulsion: DELIVERY ADDRESS UPDATE FOR CLIN 0210
    → gid=CONT_AWD_N0001923F0642_9700_N0001921D0003_9700 (contracts) recipient=GENERAL ELECTRIC COMPANY amount=$74.3M
    + pulled 0 subawards
    TOP SUBS: 

[N0001918C1007] GE-Propulsion: THE PURPOSE OF THIS MODIFICATION IS TO REPAIR 7 WARRANTY ENGINES 
    → gid=CONT_AWD_N0001918C1007_9700_-NONE-_-NONE- (contracts) recipient=GENERAL ELECTRIC COMPANY amount=$646.7M
    + pulled 50 subawards
    TOP SUBS: ELECTRO-METHODS, L.P.=$4.6M; B & F MACHINE CO., INC.=$2.5M; ATI LADISH LLC=$2.5M; BARNES GROUP INC.=$2.3M; PRECISION GEAR LLC=$1.3M

[N0002413C5116] LM-Aegis: AEGIS CSEA FUNDING MOD
    → gid=CONT_AWD_N0002413C5116_9700_-NONE-_-NONE- (contracts) recipient=LOCKHEED MARTIN CORPORATION amount=$1812.2M
    + pulled 635 subawards
    TOP SUBS: MISSION SOLUTIONS LLC=$459.7M; IN-DEPTH ENGINEERING CORPORATION=$54.6M; ADVANCED SCIENCES AND TECHNOLOGIES, LLC=$54.0M; LAUREL TECHNOLOGIES PARTNERSHIP=$42.8M; CEC COMPUTING INC=$8.0M

[N0002414C5114] LM-Aegis: AEGIS HARDWARE
    → gid=CONT_AWD_N0002414C5114_9700_-NONE-_-NONE- (contracts) recipient=LOCKHEED MARTIN CORPORATION amount=$1339.0M
    + pulled 1446 subawards
    TOP SUBS: INDRA SISTEMAS, SOCIEDAD ANÓNIMA=$82.9M; FRONTGRADE TECHNOLOGIES INC.=$78.2M; SENER TAFS SA.=$66.6M; DATACON, INC.=$46.0M; RTI REMMELE ENGINEERING, INC.=$39.2M

[N0002409C5103] LM-Aegis: AEGIS PLATFORM SYSTEM ENGINEERING AGENT
    → gid=CONT_AWD_N0002409C5103_9700_-NONE-_-NONE- (contracts) recipient=LOCKHEED MARTIN CORPORATION amount=$1082.0M
    + pulled 0 subawards
    TOP SUBS: 

[N0002420C5310] LM-Aegis: MK 41 MOD 36 VLS MODULE MECH
    → gid=CONT_AWD_N0002420C5310_9700_-NONE-_-NONE- (contracts) recipient=LOCKHEED MARTIN CORPORATION amount=$550.1M
    + pulled 834 subawards
    TOP SUBS: DRS TRAINING & CONTROL SYSTEMS, LLC=$712.0M; MAJOR TOOL & MACHINE INC=$377.4M; SUPERIOR MOTION CONTROLS, INC.=$110.5M; MERRILL TECHNOLOGIES GROUP, LLC=$72.0M; SEYER INDUSTRIES, INC.=$35.0M

[N0002416C5103] LM-Aegis: AEGIS IMPLEMENTATION STUDIES
    → gid=CONT_AWD_N0002416C5103_9700_-NONE-_-NONE- (contracts) recipient=LOCKHEED MARTIN CORPORATION amount=$540.4M
    + pulled 420 subawards
    TOP SUBS: MISSION SOLUTIONS LLC=$317.2M; ADVANCED SCIENCES AND TECHNOLOGIES, LLC=$94.2M; NIGHTWING INTELLIGENCE SOLUTIONS, LLC=$11.1M; ATESSA, INC=$10.5M; IN-DEPTH ENGINEERING CORPORATION=$9.6M

[N0002415C5151] LM-Aegis: AEGIS SHIP INTEGRATION
    → gid=CONT_AWD_N0002415C5151_9700_-NONE-_-NONE- (contracts) recipient=LOCKHEED MARTIN CORPORATION amount=$493.7M
    + pulled 233 subawards
    TOP SUBS: IN-DEPTH ENGINEERING CORPORATION=$48.3M; TACTICAL ENGINEERING & ANALYSIS, INC.=$32.7M; GENERAL DYNAMICS INFORMATION TECHNOLOGY,=$9.8M; BLACK & VEATCH SPECIAL PROJECTS CORP.=$5.6M; QED SYSTEMS, INC.=$1.5M

[N0002409C5110] LM-Aegis: AEGIS WEAPON SYSTEM MK 7 DDG 116
    → gid=CONT_AWD_N0002409C5110_9700_-NONE-_-NONE- (contracts) recipient=LOCKHEED MARTIN CORPORATION amount=$487.8M
    + pulled 0 subawards
    TOP SUBS: 

[N0002414C5106] LM-Aegis: AEGIS HARDWARE
    → gid=CONT_AWD_N0002414C5106_9700_-NONE-_-NONE- (contracts) recipient=LOCKHEED MARTIN CORPORATION amount=$478.5M
    + pulled 646 subawards
    TOP SUBS: MERCURY SYSTEMS INC=$18.7M; DRS TECHNOLOGIES CANADA LTD=$7.7M; DATACON, INC.=$7.3M; LAUREL TECHNOLOGIES PARTNERSHIP=$6.8M; GENERAL MICRO SYSTEMS, INC=$6.8M

[N0002423C5325] LM-Aegis: MK 41 VLS MODULE AND ANCILLARY EQUIPMENT
    → gid=CONT_AWD_N0002423C5325_9700_-NONE-_-NONE- (contracts) recipient=LOCKHEED MARTIN CORPORATION amount=$441.8M
    + pulled 214 subawards
    TOP SUBS: MAJOR TOOL & MACHINE INC=$91.2M; SIOUX MANUFACTURING CORPORATION=$19.6M; AM AND S MFG, INC.=$14.4M; MERRILL TECHNOLOGIES GROUP, LLC=$14.3M; SUPERIOR MOTION CONTROLS, INC.=$13.6M

[N0002420C5105] LM-Aegis: INTERNATIONAL AEGIS FIRE CONTROL LOOP
    → gid=CONT_AWD_N0002420C5105_9700_-NONE-_-NONE- (contracts) recipient=LOCKHEED MARTIN CORPORATION amount=$430.8M
    + pulled 382 subawards
    TOP SUBS: EXTREME ENGINEERING SOLUTIONS, INC.=$85.0M; MISSION SOLUTIONS LLC=$37.1M; RAMBUS INC=$20.9M; MERCURY SYSTEMS INC=$12.1M; ADVANCED SCIENCES AND TECHNOLOGIES, LLC=$11.6M

[N0002419C5102] LM-Aegis: KOREA BATCH II AEGIS COMBAT SYSTEM K2 BASELINES ENGINEERING, TEST AND 
    → gid=CONT_AWD_N0002419C5102_9700_-NONE-_-NONE- (contracts) recipient=LOCKHEED MARTIN CORPORATION amount=$448.5M
    + pulled 292 subawards
    TOP SUBS: MISSION SOLUTIONS LLC=$181.8M; HANWHA SYSTEMS CO., LTD.=$84.4M; EXTREME ENGINEERING SOLUTIONS, INC.=$62.8M; HANWHA SYSTEMS CO.,LTD.=$26.9M; ADVANCED SCIENCES AND TECHNOLOGIES, LLC=$12.1M

[N0002414C5104] LM-Aegis: AEGIS SI&T INSTALLATION/MODERNIZATION FOR DDG AND CG
    → gid=CONT_AWD_N0002414C5104_9700_-NONE-_-NONE- (contracts) recipient=LOCKHEED MARTIN CORPORATION amount=$358.0M
    + pulled 90 subawards
    TOP SUBS: IN-DEPTH ENGINEERING CORPORATION=$22.5M; MISSION SOLUTIONS LLC=$2.8M; LAUREL TECHNOLOGIES PARTNERSHIP=$1.6M; GENERAL DYNAMICS INFORMATION TECHNOLOGY,=$0.8M; TACTICAL ENGINEERING & ANALYSIS, INC.=$0.7M

[N0002416C5102] LM-Aegis: AEGIS PLATFORM SYSTEM ENGINEERING AGENT
    → gid=CONT_AWD_N0002416C5102_9700_-NONE-_-NONE- (contracts) recipient=LOCKHEED MARTIN CORPORATION amount=$406.3M
    + pulled 0 subawards
    TOP SUBS: 

[N0002413C5132] LM-Aegis: AEGIS DEVELOPMENT AND TEST SITES OPERATION AND MAINTENANCE
    → gid=CONT_AWD_N0002413C5132_9700_-NONE-_-NONE- (contracts) recipient=LOCKHEED MARTIN CORPORATION amount=$291.1M
    + pulled 121 subawards
    TOP SUBS: IRWIN & LEIGHTON, INC.=$2.3M; THE MATHWORKS, INC.=$1.5M; DELL MARKETING L.P.=$0.8M; X-COM SYSTEMS LLC=$0.8M; CONCURRENT REAL-TIME, INC.=$0.7M

[N0002415C5332] LM-Aegis: USN DDG 127 MK 41 MOD 15 VLS MECH
    → gid=CONT_AWD_N0002415C5332_9700_-NONE-_-NONE- (contracts) recipient=LOCKHEED MARTIN CORPORATION amount=$284.5M
    + pulled 356 subawards
    TOP SUBS: LAUREL TECHNOLOGIES PARTNERSHIP=$643.3M; MAJOR TOOL & MACHINE INC=$476.3M; DRS TRAINING & CONTROL SYSTEMS, LLC=$291.7M; MERRILL AVIATION, INC.=$23.3M; GMT LLC=$20.5M

[N0002420C5519] NG: SEWIP BLOCK 3 DMS LIFETIME BUY AWARD AND OTHER ADMINISTRATIVE CHANGES
    → gid=CONT_AWD_N0002420C5519_9700_-NONE-_-NONE- (contracts) recipient=NORTHROP GRUMMAN SYSTEMS CORPORATION amount=$1409.9M
    + pulled 17 subawards
    TOP SUBS: SAWSTREET LLC=$0.6M; TELEDYNE DEFENSE ELECTRONICS, LLC=$0.6M; X-MICROWAVE, LLC=$0.5M; CAES MISSION SYSTEMS LLC=$0.1M; PADOVA TECHNOLOGIES, INC.=$0.0M

[N0002415C5319] NG: EMD - AN/SLQ-32(V)Y SEWIP BLOCK 3
    → gid=CONT_AWD_N0002415C5319_9700_-NONE-_-NONE- (contracts) recipient=NORTHROP GRUMMAN SYSTEMS CORPORATION amount=$188.8M
    + pulled 3 subawards
    TOP SUBS: LOCKHEED MARTIN CORPORATION=$0.6M; SYPRIS ELECTRONICS, LLC=$-0.0M

Done. Summary -> /Users/brendantoole/projects2/destroyer_outsourced_work/usaspending_subawards/_summary.json
