[2026-06-11 18:59:53] START DDG full-history SAM pull. From=2008-01-01 To=2026-06-11
[2026-06-11 18:59:53] Output dir: /Users/brendantoole/projects3/ooxml_build_pipelines_light/projects/ddg/research/sam_subawards_fullhistory
[2026-06-11 18:59:53] API key prefix: SAM-e57b65...
[2026-06-11 18:59:53] 
[1/24] N0002402C2303  GD-BIW: CONTRACT CLOSEOUT
[2026-06-11 18:59:53]     [Published] page   0:    0.3s      0 recs   running=    0/0
[2026-06-11 18:59:53]     [Published] totalRecords=0  totalPages=0
[2026-06-11 18:59:53]     [Published] stop: empty page (nextPageLink overshoot)
[2026-06-11 18:59:53]     [Deleted] page   0:    0.1s      0 recs   running=    0/0
[2026-06-11 18:59:53]     [Deleted] totalRecords=0  totalPages=0
[2026-06-11 18:59:53]     [Deleted] stop: empty page (nextPageLink overshoot)
[2026-06-11 18:59:53]   + published=0 (dup_subAwardReportId=0)  deleted=0
[2026-06-11 18:59:53]   + total subAwardAmount = $0.0M  (elapsed 0.0 min)
[2026-06-11 18:59:53]   TOP: 
[2026-06-11 18:59:54] 
[2/24] N0002403C2306  GD-BIW: CONTRACT CLOSEOUT
[2026-06-11 18:59:54]     [Published] page   0:    0.1s      0 recs   running=    0/0
[2026-06-11 18:59:54]     [Published] totalRecords=0  totalPages=0
[2026-06-11 18:59:54]     [Published] stop: empty page (nextPageLink overshoot)
[2026-06-11 18:59:54]     [Deleted] page   0:    0.1s      0 recs   running=    0/0
[2026-06-11 18:59:54]     [Deleted] totalRecords=0  totalPages=0
[2026-06-11 18:59:54]     [Deleted] stop: empty page (nextPageLink overshoot)
[2026-06-11 18:59:54]   + published=0 (dup_subAwardReportId=0)  deleted=0
[2026-06-11 18:59:54]   + total subAwardAmount = $0.0M  (elapsed 0.0 min)
[2026-06-11 18:59:54]   TOP: 
[2026-06-11 18:59:55] 
[3/24] N0002406C2303  GD-BIW: CONSTRUCTION
[2026-06-11 18:59:55]     [Published] page   0:    0.1s      0 recs   running=    0/0
[2026-06-11 18:59:55]     [Published] totalRecords=0  totalPages=0
[2026-06-11 18:59:55]     [Published] stop: empty page (nextPageLink overshoot)
[2026-06-11 18:59:55]     [Deleted] page   0:    0.1s      0 recs   running=    0/0
[2026-06-11 18:59:55]     [Deleted] totalRecords=0  totalPages=0
[2026-06-11 18:59:55]     [Deleted] stop: empty page (nextPageLink overshoot)
[2026-06-11 18:59:55]   + published=0 (dup_subAwardReportId=0)  deleted=0
[2026-06-11 18:59:55]   + total subAwardAmount = $0.0M  (elapsed 0.0 min)
[2026-06-11 18:59:55]   TOP: 
[2026-06-11 18:59:55] 
[4/24] N0002409C2302  GD-BIW: DIACAP SETTLEMENT
[2026-06-11 18:59:55]     [Published] page   0:    0.1s      0 recs   running=    0/0
[2026-06-11 18:59:55]     [Published] totalRecords=0  totalPages=0
[2026-06-11 18:59:55]     [Published] stop: empty page (nextPageLink overshoot)
[2026-06-11 18:59:56]     [Deleted] page   0:    0.1s      0 recs   running=    0/0
[2026-06-11 18:59:56]     [Deleted] totalRecords=0  totalPages=0
[2026-06-11 18:59:56]     [Deleted] stop: empty page (nextPageLink overshoot)
[2026-06-11 18:59:56]   + published=0 (dup_subAwardReportId=0)  deleted=0
[2026-06-11 18:59:56]   + total subAwardAmount = $0.0M  (elapsed 0.0 min)
[2026-06-11 18:59:56]   TOP: 
[2026-06-11 18:59:56] 
[5/24] N0002411C2305  GD-BIW: CONSTRUCT FY11 DDG 51 CLASS GUIDED FMR 11622L
[2026-06-11 18:59:56]     [Published] page   0:    0.1s      0 recs   running=    0/0
[2026-06-11 18:59:56]     [Published] totalRecords=0  totalPages=0
[2026-06-11 18:59:56]     [Published] stop: empty page (nextPageLink overshoot)
[2026-06-11 18:59:56]     [Deleted] page   0:    0.1s      0 recs   running=    0/0
[2026-06-11 18:59:56]     [Deleted] totalRecords=0  totalPages=0
[2026-06-11 18:59:56]     [Deleted] stop: empty page (nextPageLink overshoot)
[2026-06-11 18:59:56]   + published=0 (dup_subAwardReportId=0)  deleted=0
[2026-06-11 18:59:56]   + total subAwardAmount = $0.0M  (elapsed 0.0 min)
[2026-06-11 18:59:56]   TOP: 
[2026-06-11 18:59:57] 
[6/24] N0002411C2306  GD-BIW: FUNDING REALLOCATION DUE TO CANCELLATION
[2026-06-11 18:59:57]     [Published] page   0:    0.1s      0 recs   running=    0/0
[2026-06-11 18:59:57]     [Published] totalRecords=0  totalPages=0
[2026-06-11 18:59:57]     [Published] stop: empty page (nextPageLink overshoot)
[2026-06-11 18:59:57]     [Deleted] page   0:    0.1s      0 recs   running=    0/0
[2026-06-11 18:59:57]     [Deleted] totalRecords=0  totalPages=0
[2026-06-11 18:59:57]     [Deleted] stop: empty page (nextPageLink overshoot)
[2026-06-11 18:59:57]   + published=0 (dup_subAwardReportId=0)  deleted=0
[2026-06-11 18:59:57]   + total subAwardAmount = $0.0M  (elapsed 0.0 min)
[2026-06-11 18:59:57]   TOP: 
[2026-06-11 18:59:57] 
[7/24] N0002412C2313  GD-BIW: FLIGHT III DESIGN
[2026-06-11 18:59:58]     [Published] page   0:    0.1s      0 recs   running=    0/0
[2026-06-11 18:59:58]     [Published] totalRecords=0  totalPages=0
[2026-06-11 18:59:58]     [Published] stop: empty page (nextPageLink overshoot)
[2026-06-11 18:59:58]     [Deleted] page   0:    0.1s      0 recs   running=    0/0
[2026-06-11 18:59:58]     [Deleted] totalRecords=0  totalPages=0
[2026-06-11 18:59:58]     [Deleted] stop: empty page (nextPageLink overshoot)
[2026-06-11 18:59:58]   + published=0 (dup_subAwardReportId=0)  deleted=0
[2026-06-11 18:59:58]   + total subAwardAmount = $0.0M  (elapsed 0.0 min)
[2026-06-11 18:59:58]   TOP: 
[2026-06-11 18:59:58] 
[8/24] N0002412C4311  GD-BIW: SHIP ALTERATION WORK - SEVERABLE
[2026-06-11 18:59:58]     [Published] page   0:    0.1s      0 recs   running=    0/0
[2026-06-11 18:59:58]     [Published] totalRecords=0  totalPages=0
[2026-06-11 18:59:58]     [Published] stop: empty page (nextPageLink overshoot)
[2026-06-11 18:59:58]     [Deleted] page   0:    0.1s      0 recs   running=    0/0
[2026-06-11 18:59:58]     [Deleted] totalRecords=0  totalPages=0
[2026-06-11 18:59:58]     [Deleted] stop: empty page (nextPageLink overshoot)
[2026-06-11 18:59:58]   + published=0 (dup_subAwardReportId=0)  deleted=0
[2026-06-11 18:59:58]   + total subAwardAmount = $0.0M  (elapsed 0.0 min)
[2026-06-11 18:59:58]   TOP: 
[2026-06-11 18:59:59] 
[9/24] N0002413C2305  GD-BIW: CONSTRUCTION OF DDG 51 SHIP FMR-12161M DEFIN FMR-12182MNO DEFIN
[2026-06-11 18:59:59]     [Published] page   0:    0.2s    102 recs   running=  102/102
[2026-06-11 18:59:59]     [Published] totalRecords=102  totalPages=1
[2026-06-11 18:59:59]     [Published] stop: collected 102 >= totalRecords 102
[2026-06-11 18:59:59]     [Deleted] page   0:    0.1s      0 recs   running=    0/0
[2026-06-11 18:59:59]     [Deleted] totalRecords=0  totalPages=0
[2026-06-11 18:59:59]     [Deleted] stop: empty page (nextPageLink overshoot)
[2026-06-11 18:59:59]   + published=102 (dup_subAwardReportId=0)  deleted=0
[2026-06-11 18:59:59]   + total subAwardAmount = $8.3M  (elapsed 0.0 min)
[2026-06-11 18:59:59]   TOP: ROLLS-ROYCE MARINE NORTH AMERICA INC.=$2.0M; ROLLS-ROYCE HOLDINGS PLC=$0.9M; RAPID DEPLOYABLE SYSTEMS, INC=$0.4M; HOWDEN AMERICAN FAN COMPANY=$0.4M; ONEX CORP=$0.4M
[2026-06-11 19:00:00] 
[10/24] N0002414C4313  GD-BIW: PIO AND OTHER MATERIAL. DE-OBLIGATE EXCESS FUNDS ON VARIOUS CLINS.
[2026-06-11 19:00:00]     [Published] page   0:    0.2s     78 recs   running=   78/78
[2026-06-11 19:00:00]     [Published] totalRecords=78  totalPages=1
[2026-06-11 19:00:00]     [Published] stop: collected 78 >= totalRecords 78
[2026-06-11 19:00:00]     [Deleted] page   0:    0.1s      0 recs   running=    0/0
[2026-06-11 19:00:00]     [Deleted] totalRecords=0  totalPages=0
[2026-06-11 19:00:00]     [Deleted] stop: empty page (nextPageLink overshoot)
[2026-06-11 19:00:00]   + published=78 (dup_subAwardReportId=0)  deleted=0
[2026-06-11 19:00:00]   + total subAwardAmount = $75.5M  (elapsed 0.0 min)
[2026-06-11 19:00:00]   TOP: ROLLS-ROYCE HOLDINGS PLC=$36.6M; WARTSILA DEFENSE, INC.=$19.7M; AIRBUS SE=$6.5M; JOHNSON CONTROLS NAVY SYSTEMS, LLC=$1.9M; THRUSTMASTER OF TEXAS, INC.=$1.6M
[2026-06-11 19:00:00] 
[11/24] N0002418C2305  GD-BIW: CONSTRUCTION OF DDG 51 SHIP WF-3753 (FMR-12243N) FMR-12182MNO DEFIN
[2026-06-11 19:00:01]     [Published] page   0:    0.1s     27 recs   running=   27/27
[2026-06-11 19:00:01]     [Published] totalRecords=27  totalPages=1
[2026-06-11 19:00:01]     [Published] stop: collected 27 >= totalRecords 27
[2026-06-11 19:00:01]     [Deleted] page   0:    0.1s      0 recs   running=    0/0
[2026-06-11 19:00:01]     [Deleted] totalRecords=0  totalPages=0
[2026-06-11 19:00:01]     [Deleted] stop: empty page (nextPageLink overshoot)
[2026-06-11 19:00:01]   + published=27 (dup_subAwardReportId=0)  deleted=0
[2026-06-11 19:00:01]   + total subAwardAmount = $57.1M  (elapsed 0.0 min)
[2026-06-11 19:00:01]   TOP: JOHNSON CONTROLS NAVY SYSTEMS, LLC=$24.6M; ARTCRAFT FABRICATORS INC=$5.8M; ART CRAFT FABRICATORS INC=$5.8M; BIRD-JOHNSON PROPELLER COMPANY, LLC=$3.7M; ESPEY MFG AND ELECTRONICS CORP=$3.4M
[2026-06-11 19:00:01] 
[12/24] N0002418C2313  GD-BIW: CLASS CHANGES DESIGN SERVICES
[2026-06-11 19:00:01]     [Published] page   0:    0.2s      0 recs   running=    0/0
[2026-06-11 19:00:01]     [Published] totalRecords=0  totalPages=0
[2026-06-11 19:00:01]     [Published] stop: empty page (nextPageLink overshoot)
[2026-06-11 19:00:02]     [Deleted] page   0:    0.1s      0 recs   running=    0/0
[2026-06-11 19:00:02]     [Deleted] totalRecords=0  totalPages=0
[2026-06-11 19:00:02]     [Deleted] stop: empty page (nextPageLink overshoot)
[2026-06-11 19:00:02]   + published=0 (dup_subAwardReportId=0)  deleted=0
[2026-06-11 19:00:02]   + total subAwardAmount = $0.0M  (elapsed 0.0 min)
[2026-06-11 19:00:02]   TOP: 
[2026-06-11 19:00:02] 
[13/24] N0002418C4451  GD-BIW: SHIP ALTERATION WORK - SEVERABLE
[2026-06-11 19:00:02]     [Published] page   0:    0.2s      0 recs   running=    0/0
[2026-06-11 19:00:02]     [Published] totalRecords=0  totalPages=0
[2026-06-11 19:00:02]     [Published] stop: empty page (nextPageLink overshoot)
[2026-06-11 19:00:02]     [Deleted] page   0:    0.1s      0 recs   running=    0/0
[2026-06-11 19:00:02]     [Deleted] totalRecords=0  totalPages=0
[2026-06-11 19:00:02]     [Deleted] stop: empty page (nextPageLink overshoot)
[2026-06-11 19:00:02]   + published=0 (dup_subAwardReportId=0)  deleted=0
[2026-06-11 19:00:02]   + total subAwardAmount = $0.0M  (elapsed 0.0 min)
[2026-06-11 19:00:02]   TOP: 
[2026-06-11 19:00:03] 
[14/24] N0002419C2322  GD-BIW: ORDERS: WR22-029
[2026-06-11 19:00:03]     [Published] page   0:    0.3s    119 recs   running=  119/119
[2026-06-11 19:00:03]     [Published] totalRecords=119  totalPages=1
[2026-06-11 19:00:03]     [Published] stop: collected 119 >= totalRecords 119
[2026-06-11 19:00:03]     [Deleted] page   0:    0.1s      0 recs   running=    0/0
[2026-06-11 19:00:03]     [Deleted] totalRecords=0  totalPages=0
[2026-06-11 19:00:03]     [Deleted] stop: empty page (nextPageLink overshoot)
[2026-06-11 19:00:03]   + published=119 (dup_subAwardReportId=0)  deleted=0
[2026-06-11 19:00:03]   + total subAwardAmount = $27.1M  (elapsed 0.0 min)
[2026-06-11 19:00:03]   TOP: PROPULSION CONTROLS ENGINEERING=$2.7M; FAIRMOUNT AUTOMATION, INC.=$2.7M; DRS NAVAL POWER SYSTEMS INC=$2.6M; GENERAL ELECTRIC COMPANY=$2.3M; LAKE SHORE SYSTEMS, INC.=$2.3M
[2026-06-11 19:00:04] 
[15/24] N0002419C4452  GD-BIW: PROVISIONED ITEMS ORDERS (PIO)
[2026-06-11 19:00:04]     [Published] page   0:    0.2s    154 recs   running=  154/154
[2026-06-11 19:00:04]     [Published] totalRecords=154  totalPages=1
[2026-06-11 19:00:04]     [Published] stop: collected 154 >= totalRecords 154
[2026-06-11 19:00:04]     [Deleted] page   0:    0.1s      0 recs   running=    0/0
[2026-06-11 19:00:04]     [Deleted] totalRecords=0  totalPages=0
[2026-06-11 19:00:04]     [Deleted] stop: empty page (nextPageLink overshoot)
[2026-06-11 19:00:04]   + published=154 (dup_subAwardReportId=0)  deleted=0
[2026-06-11 19:00:04]   + total subAwardAmount = $29.0M  (elapsed 0.0 min)
[2026-06-11 19:00:04]   TOP: LAKE SHORE SYSTEMS, INC.=$7.7M; HOWDEN AMERICAN FAN COMPANY=$2.7M; RIX INDUSTRIES=$1.7M; KATO ENGINEERING INC.=$1.3M; COLONNA'S SHIP YARD INCORPORATED=$1.2M
[2026-06-11 19:00:05] 
[16/24] N0002423C2305  GD-BIW: CONSTRUCTION OF DDG 51 SHIP
[2026-06-11 19:00:05]     [Published] page   0:    0.2s      0 recs   running=    0/0
[2026-06-11 19:00:05]     [Published] totalRecords=0  totalPages=0
[2026-06-11 19:00:05]     [Published] stop: empty page (nextPageLink overshoot)
[2026-06-11 19:00:05]     [Deleted] page   0:    0.1s      0 recs   running=    0/0
[2026-06-11 19:00:05]     [Deleted] totalRecords=0  totalPages=0
[2026-06-11 19:00:05]     [Deleted] stop: empty page (nextPageLink overshoot)
[2026-06-11 19:00:05]   + published=0 (dup_subAwardReportId=0)  deleted=0
[2026-06-11 19:00:05]   + total subAwardAmount = $0.0M  (elapsed 0.0 min)
[2026-06-11 19:00:05]   TOP: 
[2026-06-11 19:00:05] 
[17/24] N0002424C2313  GD-BIW: DDG 51 CLASS LEAD YARD SUPPORT
[2026-06-11 19:00:05]     [Published] page   0:    0.1s      0 recs   running=    0/0
[2026-06-11 19:00:05]     [Published] totalRecords=0  totalPages=0
[2026-06-11 19:00:05]     [Published] stop: empty page (nextPageLink overshoot)
[2026-06-11 19:00:06]     [Deleted] page   0:    0.1s      0 recs   running=    0/0
[2026-06-11 19:00:06]     [Deleted] totalRecords=0  totalPages=0
[2026-06-11 19:00:06]     [Deleted] stop: empty page (nextPageLink overshoot)
[2026-06-11 19:00:06]   + published=0 (dup_subAwardReportId=0)  deleted=0
[2026-06-11 19:00:06]   + total subAwardAmount = $0.0M  (elapsed 0.0 min)
[2026-06-11 19:00:06]   TOP: 
[2026-06-11 19:00:06] 
[18/24] N0002402C2304  HII-Ingalls: CONSTRUCTION OF FY02 ARLEIGH BURKE GUIDED MISSILE DESTROYER
[2026-06-11 19:00:06]     [Published] page   0:    0.1s      0 recs   running=    0/0
[2026-06-11 19:00:06]     [Published] totalRecords=0  totalPages=0
[2026-06-11 19:00:06]     [Published] stop: empty page (nextPageLink overshoot)
[2026-06-11 19:00:06]     [Deleted] page   0:    0.1s      0 recs   running=    0/0
[2026-06-11 19:00:06]     [Deleted] totalRecords=0  totalPages=0
[2026-06-11 19:00:06]     [Deleted] stop: empty page (nextPageLink overshoot)
[2026-06-11 19:00:06]   + published=0 (dup_subAwardReportId=0)  deleted=0
[2026-06-11 19:00:06]   + total subAwardAmount = $0.0M  (elapsed 0.0 min)
[2026-06-11 19:00:06]   TOP: 
[2026-06-11 19:00:07] 
[19/24] N0002411C2307  HII-Ingalls: CONSTRUCT FY11 DDG 51 CLASS GUIDED MISSILE DESTROYER DDG 114
[2026-06-11 19:00:07]     [Published] page   0:    0.2s    255 recs   running=  255/255
[2026-06-11 19:00:07]     [Published] totalRecords=255  totalPages=1
[2026-06-11 19:00:07]     [Published] stop: collected 255 >= totalRecords 255
[2026-06-11 19:00:07]     [Deleted] page   0:    0.1s      0 recs   running=    0/0
[2026-06-11 19:00:07]     [Deleted] totalRecords=0  totalPages=0
[2026-06-11 19:00:07]     [Deleted] stop: empty page (nextPageLink overshoot)
[2026-06-11 19:00:07]   + published=255 (dup_subAwardReportId=0)  deleted=0
[2026-06-11 19:00:07]   + total subAwardAmount = $27.1M  (elapsed 0.0 min)
[2026-06-11 19:00:07]   TOP: PACIFIC SHIP REPAIR & FABRICATION, INC.=$2.5M; J.F. LEHMAN & COMPANY, INC.=$2.4M; MARTIN RESOURCE MANAGEMENT CORPORATION=$2.4M; ROLLS-ROYCE HOLDINGS PLC=$1.5M; PON HOLDINGS B.V.=$1.5M
[2026-06-11 19:00:08] 
[20/24] N0002411C2309  HII-Ingalls: CONSTRUCT FY10 DDG 51 CLASS
[2026-06-11 19:00:08]     [Published] page   0:    0.2s    226 recs   running=  226/226
[2026-06-11 19:00:08]     [Published] totalRecords=226  totalPages=1
[2026-06-11 19:00:08]     [Published] stop: collected 226 >= totalRecords 226
[2026-06-11 19:00:08]     [Deleted] page   0:    0.1s      0 recs   running=    0/0
[2026-06-11 19:00:08]     [Deleted] totalRecords=0  totalPages=0
[2026-06-11 19:00:08]     [Deleted] stop: empty page (nextPageLink overshoot)
[2026-06-11 19:00:08]   + published=226 (dup_subAwardReportId=0)  deleted=0
[2026-06-11 19:00:08]   + total subAwardAmount = $24.6M  (elapsed 0.0 min)
[2026-06-11 19:00:08]   TOP: MARTIN RESOURCE MANAGEMENT CORPORATION=$2.6M; J.F. LEHMAN & COMPANY, INC.=$2.6M; BAE SYSTEMS PLC=$2.0M; PON HOLDINGS B.V.=$1.7M; INDUSTRIAL CORROSION CONTROL, INC.=$1.5M
[2026-06-11 19:00:08] 
[21/24] N0002412C2312  HII-Ingalls: FLIGHT III DESIGN
[2026-06-11 19:00:08]     [Published] page   0:    0.1s      9 recs   running=    9/9
[2026-06-11 19:00:08]     [Published] totalRecords=9  totalPages=1
[2026-06-11 19:00:08]     [Published] stop: collected 9 >= totalRecords 9
[2026-06-11 19:00:09]     [Deleted] page   0:    0.1s      0 recs   running=    0/0
[2026-06-11 19:00:09]     [Deleted] totalRecords=0  totalPages=0
[2026-06-11 19:00:09]     [Deleted] stop: empty page (nextPageLink overshoot)
[2026-06-11 19:00:09]   + published=9 (dup_subAwardReportId=0)  deleted=0
[2026-06-11 19:00:09]   + total subAwardAmount = $6.8M  (elapsed 0.0 min)
[2026-06-11 19:00:09]   TOP: BEN M. RADCLIFF CONTRACTOR, INC.=$4.0M; CARDINAL ENGINEERING, LLC=$1.1M; BURK-KLEINPETER, INC.=$0.8M; TC/AMERICAN MONORAIL, INC.=$0.4M; HUNTINGTON INGALLS INDUSTRIES, INC.=$0.4M
[2026-06-11 19:00:09] 
[22/24] N0002413C2307  HII-Ingalls: CONSTRUCT FY17 DDG 51 CLASS GUIDED MISSILE DESTROYER (DDG 125)
[2026-06-11 19:00:09]     [Published] page   0:    0.3s   1000 recs   running= 1000/2304
[2026-06-11 19:00:09]     [Published] totalRecords=2304  totalPages=3
[2026-06-11 19:00:10]     [Published] page   1:    0.4s   1000 recs   running= 2000/2304
[2026-06-11 19:00:11]     [Published] page   2:    0.2s    304 recs   running= 2304/2304
[2026-06-11 19:00:11]     [Published] stop: collected 2304 >= totalRecords 2304
[2026-06-11 19:00:11]     [Deleted] page   0:    0.1s      0 recs   running=    0/0
[2026-06-11 19:00:11]     [Deleted] totalRecords=0  totalPages=0
[2026-06-11 19:00:11]     [Deleted] stop: empty page (nextPageLink overshoot)
[2026-06-11 19:00:11]   + published=2304 (dup_subAwardReportId=0)  deleted=0
[2026-06-11 19:00:11]   + total subAwardAmount = $934.0M  (elapsed 0.0 min)
[2026-06-11 19:00:11]   TOP: ROLLS-ROYCE HOLDINGS PLC=$168.0M; SOCAIL, LDA=$151.2M; JOHNSON CONTROLS, INC.=$75.3M; ERIE FORGE AND STEEL, INC.=$35.6M; LEONARDO SPA=$31.5M
[2026-06-11 19:00:11] 
[23/24] N0002418C2307  HII-Ingalls: CONSTRUCT FIRM HHIP FY18 DDG 51 CLASS GUIDED MISSILE DESTROYER
[2026-06-11 19:00:12]     [Published] page   0:    0.3s   1000 recs   running= 1000/2612
[2026-06-11 19:00:12]     [Published] totalRecords=2612  totalPages=3
[2026-06-11 19:00:12]     [Published] page   1:    0.4s   1000 recs   running= 2000/2612
[2026-06-11 19:00:13]     [Published] page   2:    0.3s    612 recs   running= 2612/2612
[2026-06-11 19:00:13]     [Published] stop: collected 2612 >= totalRecords 2612
[2026-06-11 19:00:13]     [Deleted] page   0:    0.1s     23 recs   running=   23/23
[2026-06-11 19:00:13]     [Deleted] totalRecords=23  totalPages=1
[2026-06-11 19:00:13]     [Deleted] stop: collected 23 >= totalRecords 23
[2026-06-11 19:00:13]   + published=2612 (dup_subAwardReportId=0)  deleted=23
[2026-06-11 19:00:13]   + total subAwardAmount = $1,270.1M  (elapsed 0.0 min)
[2026-06-11 19:00:13]   TOP: ROLLS-ROYCE HOLDINGS PLC=$217.5M; JOHNSON CONTROLS INTERNATIONAL PUBLIC LI=$109.3M; GENERAL ELECTRIC COMPANY=$66.2M; LEONARDO SPA=$54.3M; NORTHROP GRUMMAN CORPORATION=$52.7M
[2026-06-11 19:00:14] 
[24/24] N0002423C2307  HII-Ingalls: CONSTRUCTION OF DDG 51 SHIP
[2026-06-11 19:00:14]     [Published] page   0:    0.2s    494 recs   running=  494/494
[2026-06-11 19:00:14]     [Published] totalRecords=494  totalPages=1
[2026-06-11 19:00:14]     [Published] stop: collected 494 >= totalRecords 494
[2026-06-11 19:00:14]     [Deleted] page   0:    0.1s      7 recs   running=    7/7
[2026-06-11 19:00:14]     [Deleted] totalRecords=7  totalPages=1
[2026-06-11 19:00:14]     [Deleted] stop: collected 7 >= totalRecords 7
[2026-06-11 19:00:14]   + published=494 (dup_subAwardReportId=0)  deleted=7
[2026-06-11 19:00:14]   + total subAwardAmount = $1,144.6M  (elapsed 0.0 min)
[2026-06-11 19:00:14]   TOP: GENERAL ELECTRIC COMPANY=$266.7M; TIMKEN GEARS & SERVICES INC.=$168.9M; JOHNSON CONTROLS NAVY SYSTEMS, LLC=$129.3M; LEONARDO SPA=$61.8M; ROLLS-ROYCE HOLDINGS PLC=$49.5M
[2026-06-11 19:00:15] 
DONE. Total elapsed: 0.4 min (0.01 hr)
