=== SAM subawards (Stage 4) 2026-06-20 18:06:56
primes selected=364 (floor=$1.0M), dropped below floor=2231
quota=1000/day entity-role; biggest-obligation-first; resumable (existing files skipped).
  [3/364] 0001               pub=  32 del= 0 subs=$    3.9M  (VIGOR WORKS LLC)
  [8/364] W56HZV23F0479      pub=  46 del= 0 subs=$   21.3M  (VIGOR WORKS LLC)
  [9/364] W912CH24F0171      pub=  26 del= 0 subs=$   15.0M  (VIGOR WORKS LLC)
  [10/364] W912CH24F0172      pub=  22 del= 0 subs=$   13.3M  (VIGOR WORKS LLC)
  [11/364] W912CH25F0041      pub=   5 del= 0 subs=$    6.4M  (VIGOR WORKS LLC)
  [25/364] W912CH24F0063      pub=   0 del= 0 subs=$    0.0M  (BIRDON AMERICA INC)
  [32/364] W58RGZ19F0500      pub=  10 del= 0 subs=$    1.9M  (DEFENSE SYSTEMS AND SOLUTIONS)
  [37/364] W56HZV24F0026      pub=   5 del= 0 subs=$    1.3M  (DCS CORPORATION)
  [46/364] W912P820C0078      pub=  52 del= 0 subs=$   10.8M  (MODERN AMERICAN RECYCLING & REPAIR)
  [50/364] W912ES26PA044      pub=   0 del= 0 subs=$    0.0M  (TAI HOLDINGS, INC)
  [58/364] 0006               pub=  10 del= 0 subs=$   10.2M  (SERCO INC)
  [75/364] W912BU21C0039      pub=   0 del= 0 subs=$    0.0M  (CONRAD SHIPYARD, L.L.C)
  [88/364] W912BU19C0048      pub=   2 del= 0 subs=$    0.7M  (METAL TRADES, LLC)
  [100/364] W56HZV23F0480      pub=   9 del= 0 subs=$    4.7M  (VIGOR WORKS LLC)
  [119/364] W56HZV20F0187      pub=   2 del= 0 subs=$    0.4M  (NOBLIS MSD LLC)
  [125/364] W56HZV23FL236      pub=   0 del= 0 subs=$    0.0M  (METAL TRADES, LLC)
  [150/364] W912CH25FA059      pub=   0 del= 0 subs=$    0.0M  (METAL TRADES, LLC)
  [167/364] W900KK21F0085      pub=   1 del= 0 subs=$    0.8M  (PINNACLE SOLUTIONS, LLC)
  [175/364] W56HZV20F0437      pub=   0 del= 0 subs=$    0.0M  (BIRDON AMERICA INC)
  [200/364] 0003               pub=   0 del= 0 subs=$    0.0M  (BAY SHIP & YACHT CO)
  [225/364] W912BU16C0061      pub=   0 del= 0 subs=$    0.0M  (GRAVOIS ALUMINUM BOATS LLC)
  [231/364] W56HZV20F0274      pub=   1 del= 0 subs=$    0.5M  (NOBLIS MSD LLC)
  [235/364] W912BU16C0029      pub=   3 del= 0 subs=$    0.2M  (METAL TRADES, LLC)
  [243/364] W56HZV23F0483      pub=   2 del= 0 subs=$    0.3M  (VIGOR WORKS LLC)
  [250/364] W912P525P0006      pub=   0 del= 0 subs=$    0.0M  (SISCO MARINE LLC)
  [259/364] W56HZV20F0192      pub=   1 del= 0 subs=$    0.0M  (NOBLIS MSD LLC)
  [268/364] W912CH24FL062      pub=   2 del= 0 subs=$    0.0M  (HII FLEET SUPPORT GROUP LLC)
  [275/364] W9127N18F0003      pub=   0 del= 0 subs=$    0.0M  (VIGOR MARINE LLC)
  [300/364] W56HZV21F0052      pub=   0 del= 0 subs=$    0.0M  (BIRDON AMERICA INC)
  [325/364] 0002               pub=   0 del= 0 subs=$    0.0M  (MARE ISLAND DRY DOCK LLC)
  [350/364] 0004               pub=   0 del= 0 subs=$    0.0M  (ATLANTIC DIVING SUPPLY, INC.)
  [364/364] W912BU23P0043      pub=   0 del= 0 subs=$    0.0M  (THOMA-SEA MARINE CONSTRUCTORS, L.L)

=== done. 364 primes processed; 19 have subawards; $91.8M first-tier subaward dollars.
  $    21.3M    46 subs  W56HZV23F0479       VIGOR WORKS LLC
  $    15.0M    26 subs  W912CH24F0171       VIGOR WORKS LLC
  $    13.3M    22 subs  W912CH24F0172       VIGOR WORKS LLC
  $    10.8M    52 subs  W912P820C0078       MODERN AMERICAN RECYCLING & REPAIR
  $    10.2M    10 subs  0006                SERCO INC
  $     6.4M     5 subs  W912CH25F0041       VIGOR WORKS LLC
  $     4.7M     9 subs  W56HZV23F0480       VIGOR WORKS LLC
  $     3.9M    32 subs  0001                VIGOR WORKS LLC
  $     1.9M    10 subs  W58RGZ19F0500       DEFENSE SYSTEMS AND SOLUTIONS
  $     1.3M     5 subs  W56HZV24F0026       DCS CORPORATION
  $     0.8M     1 subs  W900KK21F0085       PINNACLE SOLUTIONS, LLC
  $     0.7M     2 subs  W912BU19C0048       METAL TRADES, LLC
  $     0.5M     1 subs  W56HZV20F0274       NOBLIS MSD LLC
  $     0.4M     2 subs  W56HZV20F0187       NOBLIS MSD LLC
  $     0.3M     2 subs  W56HZV23F0483       VIGOR WORKS LLC
