=== USAspending detail (Stage 2) 2026-06-20 16:30:03
seeds=2595  (resumable: existing resource files are reused)
  [100/2595] CONT_AWD_W56HZV23F0480_9700_W56HZV17D0086_9700 mods=  6 tas=0 d=ok/ok/ok
  [200/2595] CONT_AWD_0003_9700_W911S016D0001_9700          mods=  5 tas=0 d=ok/ok/ok
  [300/2595] CONT_AWD_W56HZV21F0052_9700_W56HZV19D0093_9700 mods=  1 tas=0 d=ok/ok/ok
  [400/2595] CONT_AWD_W912BU22P0039_9700_-NONE-_-NONE-      mods=  3 tas=1 d=ok/ok/ok
  [500/2595] CONT_AWD_W56HZV23FL032_9700_W56HZV21DL024_9700 mods=  5 tas=0 d=ok/ok/ok
  [600/2595] CONT_AWD_W9127N20P0044_9700_-NONE-_-NONE-      mods=  4 tas=1 d=ok/ok/ok
  [700/2595] CONT_AWD_W912DS23P0014_9700_-NONE-_-NONE-      mods=  1 tas=1 d=ok/ok/ok
  [800/2595] CONT_AWD_W912P819F0098_9700_W912P816D0003_9700 mods=  1 tas=0 d=ok/ok/ok
  [900/2595] CONT_AWD_W912CH25F0047_9700_W56HZV23D0064_9700 mods=  3 tas=0 d=ok/ok/ok
  [1000/2595] CONT_AWD_W912BU23C0009_9700_-NONE-_-NONE-      mods=  3 tas=0 d=ok/ok/ok
  [1100/2595] CONT_AWD_W912BU13C0029_9700_-NONE-_-NONE-      mods=  3 tas=0 d=ok/ok/ok
  [1200/2595] CONT_AWD_W912EP17F0003_9700_GS07F0362T_4730    mods=  4 tas=0 d=ok/ok/ok
  [1300/2595] CONT_AWD_W912DQ26PA015_9700_-NONE-_-NONE-      mods=  1 tas=0 d=ok/ok/ok
  [1400/2595] CONT_AWD_W912BU23P0024_9700_-NONE-_-NONE-      mods=  3 tas=0 d=ok/ok/ok
  [1500/2595] CONT_AWD_W912ES17P0136_9700_-NONE-_-NONE-      mods=  2 tas=0 d=ok/ok/ok
  [1600/2595] CONT_AWD_W912BU14P0024_9700_-NONE-_-NONE-      mods=  2 tas=0 d=ok/ok/ok
  [1700/2595] CONT_AWD_W911S223P0724_9700_-NONE-_-NONE-      mods=  1 tas=0 d=ok/ok/ok
  [1800/2595] CONT_AWD_W912BU18P0033_9700_-NONE-_-NONE-      mods=  3 tas=0 d=ok/ok/ok
  [1900/2595] CONT_AWD_W912PM20F0039_9700_W912PM19D0005_9700 mods=  2 tas=1 d=ok/ok/ok
  [2000/2595] CONT_AWD_W912EP19F0043_9700_GS07F0308V_4730    mods=  1 tas=0 d=ok/ok/ok
  [2100/2595] CONT_AWD_W912EP26FA004_9700_W912EP22A0002_9700 mods=  1 tas=0 d=ok/ok/ok
  [2200/2595] CONT_AWD_W912EK15P0171_9700_-NONE-_-NONE-      mods=  2 tas=0 d=ok/ok/ok
  [2300/2595] CONT_AWD_W912EQ16P0084_9700_-NONE-_-NONE-      mods=  2 tas=0 d=ok/ok/ok
  [2400/2595] CONT_AWD_W912HP17P0006_9700_-NONE-_-NONE-      mods=  1 tas=0 d=ok/ok/ok
  [2500/2595] CONT_IDV_W912EP19A0003_9700                    mods=  2 tas=0 d=ok/ok/ok
  [2595/2595] CONT_IDV_W912DS23A0005_9700                    mods=  1 tas=0 d=ok/ok/ok

=== done. 2595 awards indexed; detail ok=2587 cached=8 fail=0; txn_fail=0 fund_fail=0; 826 awards with TAS tie-back; 751 distinct vendors.

Top 15 vendors by summed total_obligation:
  $    420.0M   10 awards  NJ2RRT5BMCX1  VIGOR WORKS LLC
  $    383.4M   24 awards  X59QGBTBZK65  BIRDON AMERICA INC
  $    258.5M    1 awards  XJTAAHL58NB6  EASTERN SHIPBUILDING GROUP, INC.
  $    239.9M   31 awards  NQELRXR7L3J6  BAY SHIP & YACHT CO
  $    173.9M   20 awards  W1JVE3BNA7P1  CONRAD SHIPYARD, L.L.C
  $    164.4M   77 awards  L7ZETMM4M9R3  VIGOR MARINE LLC
  $    162.6M   32 awards  LYCFB7X6PJJ6  YOKOHAMA ENGINEERING WORKS, LTD.
  $    160.0M   45 awards  JSAXGRLNEJ63  COLONNA'S SHIP YARD, INCORPORATED
  $    125.9M   84 awards  F8CDPL2GPP32  METAL TRADES, LLC
  $    124.8M   18 awards  CHEUP6NNZHL9  THOMA-SEA MARINE CONSTRUCTORS, L.L.C.
  $    119.7M   65 awards  H84KLLUBJKL6  HEAVY ENGINEERING INDUSTRIES AND SHIPBUILDIN
  $     63.6M    4 awards  DKJ1R5ABCN48  SERCO INC
  $     51.7M    8 awards  K84MXRVQ8BW5  PACIFIC SHIPYARDS INTERNATIONAL, LLC
  $     49.8M    1 awards  GXWDFF7M2AQ6  GUNDERSON MARINE LLC
  $     49.1M    9 awards  NWKQVQED4C81  DEFENSE SYSTEMS AND SOLUTIONS
