=== SAM subawards (Stage 4) 2026-06-23 20:33:44
primes selected=408 (floor=$1.0M), dropped below floor=1640
quota=1000/day entity-role; biggest-obligation-first; resumable (existing files skipped).
  [50/408] N0002416C2233      pub=   0 del= 0 subs=$    0.0M  (SWIFTSHIPS, LLC)
  [52/408] N0002417C4103      pub= 209 del= 0 subs=$   13.1M  (HUNTINGTON INGALLS INC)
  [53/408] N0002421F8089      pub=   2 del= 0 subs=$    0.2M  (THE JOHNS HOPKINS UNIVERSITY APPLI)
  [65/408] N0002424C2204      pub=  15 del= 0 subs=$    5.6M  (SAAB, INC)
  [72/408] N0002416C4112      pub=  10 del= 0 subs=$    1.0M  (HUNTINGTON INGALLS INC)
  [75/408] N0002420F22B1      pub=   0 del= 0 subs=$    0.0M  (RIBCRAFT USA, LLC)
  [92/408] N0002423F8046      pub=   3 del= 0 subs=$    0.2M  (THE JOHNS HOPKINS UNIVERSITY APPLI)
  [100/408] N0010422CZA28      pub=   0 del= 0 subs=$    0.0M  (ERIE FORGE & STEEL INC)
  [125/408] 0008               pub=   0 del= 0 subs=$    0.0M  (LOCKHEED MARTIN CORPORATION)
  [150/408] 0001               pub=   0 del= 0 subs=$    0.0M  (GRAVOIS ALUMINUM BOATS LLC)
  [175/408] N0002422F22A2      pub=   0 del= 0 subs=$    0.0M  (SNOW & COMPANY, INC.)
  [183/408] N6600120F0254      pub=   8 del= 0 subs=$    0.5M  (OASIS SYSTEMS, LLC)
  [195/408] N0002421C2212      pub=   2 del= 0 subs=$    0.2M  (NATIONAL STEEL AND SHIPBUILDING CO)
  [200/408] N0002426C2210      pub=   0 del= 0 subs=$    0.0M  (DOCK HIGH, LLC)
  [221/408] N0003925F1019      pub=   1 del= 0 subs=$    3.2M  (TELEDYNE BROWN ENGINEERING, INC.)
  [225/408] N0003921F2173      pub=   6 del= 0 subs=$    2.0M  (TELEDYNE BROWN ENGINEERING, INC.)
  [250/408] N0002422F22B2      pub=   0 del= 0 subs=$    0.0M  (UNITED STATES MARINE INC)
  [275/408] N0002422F22A1      pub=   0 del= 0 subs=$    0.0M  (LAKE ASSAULT BOATS, LLC)
  [277/408] N0010426CXA01      pub=   4 del= 0 subs=$    0.5M  (GENERAL DYNAMICS INFORMATION TECHN)
  [300/408] N0002426C2431      pub=   0 del= 0 subs=$    0.0M  (NATIONAL STEEL AND SHIPBUILDING CO)
  [312/408] N6660425F3019      pub=   2 del= 0 subs=$    0.1M  (SERCO INC)
  [316/408] N0010425CFA13      pub=   1 del= 0 subs=$    0.1M  (L3 TECHNOLOGIES, INC.)
  [325/408] N0002421C2275      pub=   0 del= 0 subs=$    0.0M  (DOCK HIGH, LLC)
  [327/408] N0003923F2056      pub=   1 del= 0 subs=$    0.2M  (TELEDYNE BROWN ENGINEERING, INC.)
  [348/408] N0016419F0049      pub=   1 del= 0 subs=$    1.4M  (ATLANTIC DIVING SUPPLY, INC.)
  [350/408] N0002412F2246      pub=   0 del= 0 subs=$    0.0M  (ZODIAC OF NORTH AMERICA, INC.)
  [366/408] N0003922F2153      pub=   1 del= 0 subs=$    1.2M  (TELEDYNE BROWN ENGINEERING, INC.)
  [375/408] 0003               pub=   0 del= 0 subs=$    0.0M  (METALCRAFT MARINE US, INC.)
  [395/408] N6600124F1105      pub=   2 del= 0 subs=$    0.2M  (SCIENCE APPLICATIONS INTERNATIONAL)
  [396/408] N6660421FC832      pub=   5 del= 0 subs=$    0.3M  (SERCO INC)
  [400/408] N0002422F22B5      pub=   0 del= 0 subs=$    0.0M  (METALCRAFT MARINE US, INC.)
  [408/408] N0002417F22A2      pub=   0 del= 0 subs=$    0.0M  (GRAVOIS ALUMINUM BOATS LLC)

=== done. 408 primes processed; 26 have subawards; $30.0M first-tier subaward dollars.
  $    13.1M   209 subs  N0002417C4103       HUNTINGTON INGALLS INC
  $     5.6M    15 subs  N0002424C2204       SAAB, INC
  $     3.2M     1 subs  N0003925F1019       TELEDYNE BROWN ENGINEERING, INC.
  $     2.0M     6 subs  N0003921F2173       TELEDYNE BROWN ENGINEERING, INC.
  $     1.4M     1 subs  N0016419F0049       ATLANTIC DIVING SUPPLY, INC.
  $     1.2M     1 subs  N0003922F2153       TELEDYNE BROWN ENGINEERING, INC.
  $     1.0M    10 subs  N0002416C4112       HUNTINGTON INGALLS INC
  $     0.5M     4 subs  N0010426CXA01       GENERAL DYNAMICS INFORMATION TECHN
  $     0.5M     8 subs  N6600120F0254       OASIS SYSTEMS, LLC
  $     0.3M     5 subs  N6660421FC832       SERCO INC
  $     0.2M     2 subs  N0002421C2212       NATIONAL STEEL AND SHIPBUILDING CO
  $     0.2M     2 subs  N0002421F8089       THE JOHNS HOPKINS UNIVERSITY APPLI
  $     0.2M     1 subs  N0003923F2056       TELEDYNE BROWN ENGINEERING, INC.
  $     0.2M     2 subs  N6600124F1105       SCIENCE APPLICATIONS INTERNATIONAL
  $     0.2M     3 subs  N0002423F8046       THE JOHNS HOPKINS UNIVERSITY APPLI
