=== USAspending detail (Stage 2) 2026-06-23 20:26:25
seeds=2048  (resumable: existing resource files are reused)
  [100/2048] CONT_AWD_N0010422CZA28_9700_-NONE-_-NONE-      mods=  8 tas=0 d=ok/ok/ok
  [200/2048] CONT_AWD_N0002426C2210_9700_-NONE-_-NONE-      mods=  2 tas=0 d=ok/ok/ok
  [300/2048] CONT_AWD_N0002426C2431_9700_-NONE-_-NONE-      mods=  1 tas=0 d=ok/ok/ok
  [400/2048] CONT_AWD_N0002422F22B5_9700_N0002422D2270_9700 mods=  2 tas=0 d=ok/ok/ok
  [500/2048] CONT_AWD_N0003923F1023_9700_N0003921D6001_9700 mods=  5 tas=0 d=ok/ok/ok
  [600/2048] CONT_AWD_N0002421F22Q2_9700_N0002416D2211_9700 mods=  2 tas=0 d=ok/ok/ok
  [700/2048] CONT_AWD_N0010424PXA04_9700_-NONE-_-NONE-      mods=  2 tas=0 d=ok/ok/ok
  [800/2048] CONT_AWD_N0010421PNC82_9700_-NONE-_-NONE-      mods=  2 tas=0 d=ok/ok/ok
  [900/2048] CONT_AWD_N0040622P0324_9700_-NONE-_-NONE-      mods=  1 tas=0 d=ok/ok/ok
  [1000/2048] CONT_AWD_N4044318P0213_9700_-NONE-_-NONE-      mods=  2 tas=0 d=ok/ok/ok
  [1100/2048] CONT_AWD_N0010425PFC92_9700_-NONE-_-NONE-      mods=  1 tas=0 d=ok/ok/ok
  [1200/2048] CONT_AWD_N0040619P0402_9700_-NONE-_-NONE-      mods=  1 tas=1 d=ok/ok/ok
  [1300/2048] CONT_AWD_N0010426PYB15_9700_-NONE-_-NONE-      mods=  1 tas=0 d=ok/ok/ok
  [1400/2048] CONT_AWD_N0040622P0253_9700_-NONE-_-NONE-      mods=  3 tas=0 d=ok/ok/ok
  [1500/2048] CONT_AWD_N6660415P2098_9700_-NONE-_-NONE-      mods=  2 tas=0 d=ok/ok/ok
  [1600/2048] CONT_AWD_N0040615P3653_9700_-NONE-_-NONE-      mods=  1 tas=0 d=ok/ok/ok
  [1700/2048] CONT_AWD_N0040617P0534_9700_-NONE-_-NONE-      mods=  1 tas=0 d=ok/ok/ok
  [1800/2048] CONT_AWD_N0010422PEP27_9700_-NONE-_-NONE-      mods=  1 tas=0 d=ok/ok/ok
  [1900/2048] CONT_AWD_N0040617P1812_9700_-NONE-_-NONE-      mods=  1 tas=0 d=ok/ok/ok
  [2000/2048] CONT_AWD_N0010421PBE79_9700_-NONE-_-NONE-      mods=  1 tas=0 d=ok/ok/ok
  [2048/2048] CONT_IDV_M6700414A0003_9700                    mods=  4 tas=0 d=ok/ok/ok

=== done. 2048 awards indexed; detail ok=2043 cached=5 fail=0; txn_fail=0 fund_fail=0; 185 awards with TAS tie-back; 620 distinct vendors.

Top 15 vendors by summed total_obligation:
  $  2,288.0M    5 awards  MDQKF8LKF232  BOLLINGER MISSISSIPPI SHIPBUILDING, LLC
  $  2,075.3M    9 awards  Q85KVUK3JBF5  NATIONAL STEEL AND SHIPBUILDING COMPANY
  $  1,310.9M    2 awards  C3NLZNSMU254  HUNTINGTON INGALLS INCORPORATED
  $  1,023.8M   17 awards  RG6LJJM6JBS3  AUSTAL USA, LLC
  $    548.0M    5 awards  KK7TLU2HQGH9  BOLLINGER SHIPYARDS LOCKPORT, L.L.C.
  $    326.3M   59 awards  MN1DLSSXLYH6  GRAVOIS ALUMINUM BOATS LLC
  $    316.0M   23 awards  NG5DSM9C8EE7  SAFE BOATS INTERNATIONAL LLC
  $    275.7M    2 awards  HEK7N3WJL6U6  SWIFTSHIPS SHIPBUILDERS, L.L.C.
  $    269.6M   28 awards  FBRSJB6V4LW8  TELEDYNE BROWN ENGINEERING, INC.
  $    238.6M   38 awards  JXUMFLGNSMP8  UNITED STATES MARINE INC
  $    235.5M    2 awards  KXFGX4WJ3KX4  DAKOTA CREEK INDUSTRIES INC
  $    183.8M   31 awards  FQX1AMM39BH6  SILVER SHIPS, INC
  $    152.0M    1 awards  X3LUM8J6KJU5  HORNBECK OFFSHORE SERVICES LLC
  $    115.4M    8 awards  WN18KN7KQLG9  HII UNMANNED SYSTEMS, INC
  $    111.7M   18 awards  CVQBTT7WNU83  RIBCRAFT USA, LLC
